<?xml version="1.0" encoding="UTF-8"?>
<coverage generated="1787557249876" clover="3.2.0">
  <project timestamp="1787557249876" name="All files">
    <metrics statements="12739" coveredstatements="8290" conditionals="743" coveredconditionals="596" methods="684" coveredmethods="147" elements="14166" coveredelements="9033" complexity="0" loc="12739" ncloc="12739" packages="57" files="159" classes="159"/>
    <package name="adapters.smartcharts-champion">
      <metrics statements="753" coveredstatements="661" conditionals="129" coveredconditionals="108" methods="24" coveredmethods="20"/>
      <file name="index.ts" path="/vercel/sandbox/primary/src/adapters/smartcharts-champion/index.ts">
        <metrics statements="366" coveredstatements="293" conditionals="52" coveredconditionals="39" methods="12" coveredmethods="10"/>
        <line num="1" count="1" type="stmt"/>
        <line num="2" count="1" type="stmt"/>
        <line num="3" count="1" type="stmt"/>
        <line num="4" count="1" type="stmt"/>
        <line num="5" count="1" type="stmt"/>
        <line num="6" count="1" type="stmt"/>
        <line num="7" count="1" type="stmt"/>
        <line num="8" count="1" type="stmt"/>
        <line num="9" count="1" type="stmt"/>
        <line num="10" count="1" type="stmt"/>
        <line num="11" count="1" type="stmt"/>
        <line num="12" count="1" type="stmt"/>
        <line num="13" count="1" type="stmt"/>
        <line num="14" count="1" type="stmt"/>
        <line num="15" count="1" type="stmt"/>
        <line num="16" count="1" type="stmt"/>
        <line num="17" count="1" type="stmt"/>
        <line num="18" count="1" type="stmt"/>
        <line num="19" count="1" type="stmt"/>
        <line num="20" count="1" type="stmt"/>
        <line num="21" count="1" type="stmt"/>
        <line num="22" count="1" type="stmt"/>
        <line num="23" count="1" type="stmt"/>
        <line num="24" count="1" type="stmt"/>
        <line num="25" count="1" type="stmt"/>
        <line num="26" count="1" type="stmt"/>
        <line num="27" count="1" type="stmt"/>
        <line num="28" count="1" type="cond" truecount="1" falsecount="0"/>
        <line num="29" count="3" type="stmt"/>
        <line num="30" count="3" type="stmt"/>
        <line num="31" count="3" type="cond" truecount="0" falsecount="1"/>
        <line num="32" count="0" type="stmt"/>
        <line num="33" count="0" type="stmt"/>
        <line num="34" count="3" type="stmt"/>
        <line num="35" count="3" type="stmt"/>
        <line num="36" count="3" type="cond" truecount="0" falsecount="1"/>
        <line num="37" count="3" type="stmt"/>
        <line num="38" count="3" type="stmt"/>
        <line num="39" count="3" type="cond" truecount="2" falsecount="0"/>
        <line num="40" count="1" type="stmt"/>
        <line num="41" count="1" type="stmt"/>
        <line num="42" count="1" type="cond" truecount="1" falsecount="0"/>
        <line num="43" count="3" type="stmt"/>
        <line num="44" count="3" type="stmt"/>
        <line num="45" count="3" type="stmt"/>
        <line num="46" count="3" type="stmt"/>
        <line num="47" count="3" type="stmt"/>
        <line num="48" count="3" type="stmt"/>
        <line num="49" count="1" type="stmt"/>
        <line num="50" count="1" type="stmt"/>
        <line num="51" count="2" type="cond" truecount="1" falsecount="0"/>
        <line num="52" count="2" type="stmt"/>
        <line num="53" count="2" type="cond" truecount="1" falsecount="0"/>
        <line num="54" count="2" type="stmt"/>
        <line num="55" count="2" type="stmt"/>
        <line num="56" count="2" type="stmt"/>
        <line num="57" count="2" type="stmt"/>
        <line num="58" count="2" type="stmt"/>
        <line num="59" count="2" type="stmt"/>
        <line num="60" count="2" type="stmt"/>
        <line num="61" count="2" type="stmt"/>
        <line num="62" count="2" type="stmt"/>
        <line num="63" count="2" type="stmt"/>
        <line num="64" count="0" type="cond" truecount="0" falsecount="1"/>
        <line num="65" count="0" type="stmt"/>
        <line num="66" count="0" type="stmt"/>
        <line num="67" count="0" type="stmt"/>
        <line num="68" count="0" type="stmt"/>
        <line num="69" count="0" type="stmt"/>
        <line num="70" count="0" type="stmt"/>
        <line num="71" count="0" type="stmt"/>
        <line num="72" count="0" type="stmt"/>
        <line num="73" count="0" type="stmt"/>
        <line num="74" count="3" type="stmt"/>
        <line num="75" count="3" type="stmt"/>
        <line num="76" count="3" type="stmt"/>
        <line num="77" count="3" type="stmt"/>
        <line num="78" count="3" type="stmt"/>
        <line num="79" count="3" type="stmt"/>
        <line num="80" count="3" type="stmt"/>
        <line num="81" count="3" type="stmt"/>
        <line num="82" count="3" type="stmt"/>
        <line num="83" count="1" type="stmt"/>
        <line num="84" count="1" type="stmt"/>
        <line num="85" count="1" type="stmt"/>
        <line num="86" count="1" type="stmt"/>
        <line num="87" count="1" type="stmt"/>
        <line num="88" count="1" type="stmt"/>
        <line num="89" count="0" type="stmt"/>
        <line num="90" count="0" type="stmt"/>
        <line num="91" count="0" type="stmt"/>
        <line num="92" count="0" type="stmt"/>
        <line num="93" count="0" type="stmt"/>
        <line num="94" count="0" type="stmt"/>
        <line num="95" count="0" type="stmt"/>
        <line num="96" count="0" type="stmt"/>
        <line num="97" count="0" type="stmt"/>
        <line num="98" count="0" type="stmt"/>
        <line num="99" count="0" type="stmt"/>
        <line num="100" count="0" type="stmt"/>
        <line num="101" count="0" type="stmt"/>
        <line num="102" count="0" type="stmt"/>
        <line num="103" count="0" type="stmt"/>
        <line num="104" count="0" type="stmt"/>
        <line num="105" count="0" type="stmt"/>
        <line num="106" count="0" type="stmt"/>
        <line num="107" count="0" type="stmt"/>
        <line num="108" count="0" type="stmt"/>
        <line num="109" count="0" type="stmt"/>
        <line num="110" count="0" type="stmt"/>
        <line num="111" count="0" type="stmt"/>
        <line num="112" count="0" type="stmt"/>
        <line num="113" count="0" type="stmt"/>
        <line num="114" count="0" type="stmt"/>
        <line num="115" count="0" type="stmt"/>
        <line num="116" count="1" type="stmt"/>
        <line num="117" count="1" type="stmt"/>
        <line num="118" count="1" type="stmt"/>
        <line num="119" count="1" type="stmt"/>
        <line num="120" count="1" type="stmt"/>
        <line num="121" count="1" type="cond" truecount="1" falsecount="0"/>
        <line num="122" count="4" type="stmt"/>
        <line num="123" count="4" type="stmt"/>
        <line num="124" count="4" type="cond" truecount="0" falsecount="1"/>
        <line num="125" count="0" type="stmt"/>
        <line num="126" count="0" type="stmt"/>
        <line num="127" count="4" type="stmt"/>
        <line num="128" count="4" type="cond" truecount="1" falsecount="0"/>
        <line num="129" count="2" type="stmt"/>
        <line num="130" count="2" type="stmt"/>
        <line num="131" count="2" type="cond" truecount="0" falsecount="1"/>
        <line num="132" count="2" type="stmt"/>
        <line num="133" count="2" type="cond" truecount="0" falsecount="2"/>
        <line num="134" count="2" type="stmt"/>
        <line num="135" count="2" type="stmt"/>
        <line num="136" count="2" type="stmt"/>
        <line num="137" count="2" type="cond" truecount="2" falsecount="0"/>
        <line num="138" count="2" type="stmt"/>
        <line num="139" count="2" type="stmt"/>
        <line num="140" count="2" type="cond" truecount="2" falsecount="0"/>
        <line num="141" count="2" type="cond" truecount="1" falsecount="0"/>
        <line num="142" count="2" type="stmt"/>
        <line num="143" count="2" type="stmt"/>
        <line num="144" count="2" type="stmt"/>
        <line num="145" count="2" type="stmt"/>
        <line num="146" count="4" type="stmt"/>
        <line num="147" count="4" type="stmt"/>
        <line num="148" count="1" type="stmt"/>
        <line num="149" count="1" type="stmt"/>
        <line num="150" count="1" type="stmt"/>
        <line num="151" count="1" type="stmt"/>
        <line num="152" count="1" type="stmt"/>
        <line num="153" count="1" type="stmt"/>
        <line num="154" count="1" type="cond" truecount="1" falsecount="0"/>
        <line num="155" count="4" type="stmt"/>
        <line num="156" count="4" type="stmt"/>
        <line num="157" count="4" type="cond" truecount="0" falsecount="1"/>
        <line num="158" count="0" type="stmt"/>
        <line num="159" count="0" type="stmt"/>
        <line num="160" count="4" type="stmt"/>
        <line num="161" count="4" type="cond" truecount="1" falsecount="0"/>
        <line num="162" count="3" type="stmt"/>
        <line num="163" count="3" type="stmt"/>
        <line num="164" count="3" type="stmt"/>
        <line num="165" count="3" type="stmt"/>
        <line num="166" count="3" type="stmt"/>
        <line num="167" count="3" type="cond" truecount="0" falsecount="1"/>
        <line num="168" count="3" type="cond" truecount="0" falsecount="1"/>
        <line num="169" count="3" type="stmt"/>
        <line num="170" count="3" type="stmt"/>
        <line num="171" count="3" type="stmt"/>
        <line num="172" count="3" type="cond" truecount="0" falsecount="1"/>
        <line num="173" count="3" type="cond" truecount="0" falsecount="1"/>
        <line num="174" count="3" type="stmt"/>
        <line num="175" count="3" type="stmt"/>
        <line num="176" count="0" type="cond" truecount="0" falsecount="1"/>
        <line num="177" count="0" type="stmt"/>
        <line num="178" count="0" type="stmt"/>
        <line num="179" count="0" type="stmt"/>
        <line num="180" count="0" type="stmt"/>
        <line num="181" count="0" type="stmt"/>
        <line num="182" count="0" type="stmt"/>
        <line num="183" count="0" type="stmt"/>
        <line num="184" count="0" type="stmt"/>
        <line num="185" count="0" type="stmt"/>
        <line num="186" count="0" type="stmt"/>
        <line num="187" count="0" type="stmt"/>
        <line num="188" count="0" type="stmt"/>
        <line num="189" count="0" type="stmt"/>
        <line num="190" count="0" type="stmt"/>
        <line num="191" count="0" type="stmt"/>
        <line num="192" count="0" type="stmt"/>
        <line num="193" count="0" type="stmt"/>
        <line num="194" count="0" type="stmt"/>
        <line num="195" count="0" type="stmt"/>
        <line num="196" count="0" type="stmt"/>
        <line num="197" count="0" type="stmt"/>
        <line num="198" count="3" type="stmt"/>
        <line num="199" count="4" type="stmt"/>
        <line num="200" count="4" type="stmt"/>
        <line num="201" count="4" type="stmt"/>
        <line num="202" count="1" type="stmt"/>
        <line num="203" count="1" type="stmt"/>
        <line num="204" count="1" type="stmt"/>
        <line num="205" count="1" type="stmt"/>
        <line num="206" count="1" type="stmt"/>
        <line num="207" count="1" type="stmt"/>
        <line num="208" count="1" type="stmt"/>
        <line num="209" count="1" type="stmt"/>
        <line num="210" count="1" type="stmt"/>
        <line num="211" count="1" type="stmt"/>
        <line num="212" count="17" type="cond" truecount="1" falsecount="0"/>
        <line num="213" count="17" type="stmt"/>
        <line num="214" count="17" type="stmt"/>
        <line num="215" count="17" type="stmt"/>
        <line num="216" count="17" type="stmt"/>
        <line num="217" count="17" type="stmt"/>
        <line num="218" count="17" type="stmt"/>
        <line num="219" count="17" type="cond" truecount="1" falsecount="0"/>
        <line num="220" count="17" type="stmt"/>
        <line num="221" count="17" type="stmt"/>
        <line num="222" count="17" type="stmt"/>
        <line num="223" count="17" type="cond" truecount="2" falsecount="0"/>
        <line num="224" count="17" type="cond" truecount="3" falsecount="0"/>
        <line num="225" count="17" type="stmt"/>
        <line num="226" count="17" type="stmt"/>
        <line num="227" count="17" type="stmt"/>
        <line num="228" count="17" type="stmt"/>
        <line num="229" count="17" type="stmt"/>
        <line num="230" count="17" type="stmt"/>
        <line num="231" count="17" type="stmt"/>
        <line num="232" count="17" type="stmt"/>
        <line num="233" count="17" type="stmt"/>
        <line num="234" count="17" type="stmt"/>
        <line num="235" count="17" type="cond" truecount="1" falsecount="0"/>
        <line num="236" count="4" type="stmt"/>
        <line num="237" count="4" type="stmt"/>
        <line num="238" count="4" type="stmt"/>
        <line num="239" count="4" type="stmt"/>
        <line num="240" count="4" type="stmt"/>
        <line num="241" count="4" type="cond" truecount="1" falsecount="0"/>
        <line num="242" count="4" type="stmt"/>
        <line num="243" count="4" type="stmt"/>
        <line num="244" count="4" type="stmt"/>
        <line num="245" count="4" type="stmt"/>
        <line num="246" count="4" type="cond" truecount="1" falsecount="0"/>
        <line num="247" count="2" type="stmt"/>
        <line num="248" count="2" type="stmt"/>
        <line num="249" count="2" type="stmt"/>
        <line num="250" count="2" type="stmt"/>
        <line num="251" count="2" type="stmt"/>
        <line num="252" count="4" type="stmt"/>
        <line num="253" count="4" type="stmt"/>
        <line num="254" count="4" type="cond" truecount="1" falsecount="0"/>
        <line num="255" count="1" type="stmt"/>
        <line num="256" count="1" type="stmt"/>
        <line num="257" count="1" type="stmt"/>
        <line num="258" count="4" type="stmt"/>
        <line num="259" count="4" type="stmt"/>
        <line num="260" count="3" type="cond" truecount="1" falsecount="0"/>
        <line num="261" count="3" type="stmt"/>
        <line num="262" count="4" type="cond" truecount="1" falsecount="0"/>
        <line num="263" count="1" type="stmt"/>
        <line num="264" count="1" type="stmt"/>
        <line num="265" count="1" type="stmt"/>
        <line num="266" count="1" type="stmt"/>
        <line num="267" count="1" type="stmt"/>
        <line num="268" count="1" type="stmt"/>
        <line num="269" count="1" type="stmt"/>
        <line num="270" count="1" type="stmt"/>
        <line num="271" count="1" type="stmt"/>
        <line num="272" count="17" type="stmt"/>
        <line num="273" count="17" type="stmt"/>
        <line num="274" count="17" type="stmt"/>
        <line num="275" count="17" type="stmt"/>
        <line num="276" count="17" type="stmt"/>
        <line num="277" count="17" type="cond" truecount="1" falsecount="0"/>
        <line num="278" count="5" type="stmt"/>
        <line num="279" count="5" type="stmt"/>
        <line num="280" count="5" type="stmt"/>
        <line num="281" count="5" type="stmt"/>
        <line num="282" count="5" type="stmt"/>
        <line num="283" count="5" type="stmt"/>
        <line num="284" count="5" type="stmt"/>
        <line num="285" count="5" type="stmt"/>
        <line num="286" count="5" type="stmt"/>
        <line num="287" count="5" type="stmt"/>
        <line num="288" count="5" type="cond" truecount="1" falsecount="0"/>
        <line num="289" count="4" type="stmt"/>
        <line num="290" count="5" type="cond" truecount="1" falsecount="0"/>
        <line num="291" count="1" type="stmt"/>
        <line num="292" count="1" type="stmt"/>
        <line num="293" count="1" type="stmt"/>
        <line num="294" count="5" type="stmt"/>
        <line num="295" count="5" type="stmt"/>
        <line num="296" count="5" type="stmt"/>
        <line num="297" count="0" type="stmt"/>
        <line num="298" count="0" type="stmt"/>
        <line num="299" count="0" type="stmt"/>
        <line num="300" count="0" type="stmt"/>
        <line num="301" count="0" type="stmt"/>
        <line num="302" count="0" type="stmt"/>
        <line num="303" count="0" type="stmt"/>
        <line num="304" count="0" type="stmt"/>
        <line num="305" count="5" type="stmt"/>
        <line num="306" count="5" type="stmt"/>
        <line num="307" count="5" type="stmt"/>
        <line num="308" count="5" type="cond" truecount="1" falsecount="0"/>
        <line num="309" count="2" type="stmt"/>
        <line num="310" count="2" type="stmt"/>
        <line num="311" count="5" type="stmt"/>
        <line num="312" count="5" type="stmt"/>
        <line num="313" count="5" type="stmt"/>
        <line num="314" count="5" type="stmt"/>
        <line num="315" count="5" type="stmt"/>
        <line num="316" count="5" type="stmt"/>
        <line num="317" count="5" type="cond" truecount="1" falsecount="0"/>
        <line num="318" count="1" type="stmt"/>
        <line num="319" count="1" type="cond" truecount="1" falsecount="0"/>
        <line num="320" count="1" type="stmt"/>
        <line num="321" count="17" type="stmt"/>
        <line num="322" count="17" type="stmt"/>
        <line num="323" count="17" type="stmt"/>
        <line num="324" count="17" type="stmt"/>
        <line num="325" count="17" type="stmt"/>
        <line num="326" count="17" type="cond" truecount="1" falsecount="0"/>
        <line num="327" count="2" type="stmt"/>
        <line num="328" count="2" type="stmt"/>
        <line num="329" count="2" type="stmt"/>
        <line num="330" count="2" type="cond" truecount="1" falsecount="0"/>
        <line num="331" count="1" type="stmt"/>
        <line num="332" count="1" type="stmt"/>
        <line num="333" count="1" type="stmt"/>
        <line num="334" count="1" type="stmt"/>
        <line num="335" count="17" type="stmt"/>
        <line num="336" count="17" type="stmt"/>
        <line num="337" count="17" type="stmt"/>
        <line num="338" count="17" type="stmt"/>
        <line num="339" count="17" type="stmt"/>
        <line num="340" count="17" type="cond" truecount="1" falsecount="0"/>
        <line num="341" count="5" type="stmt"/>
        <line num="342" count="5" type="stmt"/>
        <line num="343" count="5" type="stmt"/>
        <line num="344" count="5" type="stmt"/>
        <line num="345" count="5" type="stmt"/>
        <line num="346" count="5" type="stmt"/>
        <line num="347" count="4" type="cond" truecount="1" falsecount="0"/>
        <line num="348" count="4" type="stmt"/>
        <line num="349" count="4" type="stmt"/>
        <line num="350" count="4" type="stmt"/>
        <line num="351" count="4" type="stmt"/>
        <line num="352" count="5" type="cond" truecount="1" falsecount="0"/>
        <line num="353" count="1" type="stmt"/>
        <line num="354" count="1" type="stmt"/>
        <line num="355" count="1" type="stmt"/>
        <line num="356" count="1" type="stmt"/>
        <line num="357" count="1" type="stmt"/>
        <line num="358" count="1" type="stmt"/>
        <line num="359" count="17" type="stmt"/>
        <line num="360" count="17" type="stmt"/>
        <line num="361" count="17" type="stmt"/>
        <line num="362" count="17" type="stmt"/>
        <line num="363" count="17" type="stmt"/>
        <line num="364" count="1" type="stmt"/>
        <line num="365" count="1" type="stmt"/>
        <line num="366" count="1" type="stmt"/>
      </file>
      <file name="services.ts" path="/vercel/sandbox/primary/src/adapters/smartcharts-champion/services.ts">
        <metrics statements="233" coveredstatements="231" conditionals="61" coveredconditionals="56" methods="6" coveredmethods="5"/>
        <line num="1" count="1" type="stmt"/>
        <line num="2" count="1" type="stmt"/>
        <line num="3" count="1" type="stmt"/>
        <line num="4" count="1" type="stmt"/>
        <line num="5" count="1" type="stmt"/>
        <line num="6" count="1" type="stmt"/>
        <line num="7" count="1" type="stmt"/>
        <line num="8" count="1" type="stmt"/>
        <line num="9" count="1" type="stmt"/>
        <line num="10" count="1" type="stmt"/>
        <line num="11" count="1" type="stmt"/>
        <line num="12" count="1" type="stmt"/>
        <line num="13" count="1" type="stmt"/>
        <line num="14" count="1" type="stmt"/>
        <line num="15" count="1" type="stmt"/>
        <line num="16" count="1" type="stmt"/>
        <line num="17" count="1" type="stmt"/>
        <line num="18" count="1" type="stmt"/>
        <line num="19" count="1" type="stmt"/>
        <line num="20" count="1" type="stmt"/>
        <line num="21" count="1" type="stmt"/>
        <line num="22" count="1" type="stmt"/>
        <line num="23" count="1" type="stmt"/>
        <line num="24" count="1" type="stmt"/>
        <line num="25" count="1" type="stmt"/>
        <line num="26" count="1" type="stmt"/>
        <line num="27" count="1" type="stmt"/>
        <line num="28" count="1" type="stmt"/>
        <line num="29" count="1" type="stmt"/>
        <line num="30" count="1" type="stmt"/>
        <line num="31" count="1" type="stmt"/>
        <line num="32" count="1" type="stmt"/>
        <line num="33" count="9" type="cond" truecount="1" falsecount="0"/>
        <line num="34" count="9" type="stmt"/>
        <line num="35" count="9" type="cond" truecount="1" falsecount="0"/>
        <line num="36" count="9" type="cond" truecount="1" falsecount="0"/>
        <line num="37" count="9" type="cond" truecount="1" falsecount="0"/>
        <line num="38" count="9" type="cond" truecount="1" falsecount="0"/>
        <line num="39" count="5" type="stmt"/>
        <line num="40" count="9" type="stmt"/>
        <line num="41" count="9" type="stmt"/>
        <line num="42" count="1" type="stmt"/>
        <line num="43" count="1" type="stmt"/>
        <line num="44" count="1" type="stmt"/>
        <line num="45" count="1" type="stmt"/>
        <line num="46" count="1" type="stmt"/>
        <line num="47" count="1" type="stmt"/>
        <line num="48" count="8" type="cond" truecount="1" falsecount="0"/>
        <line num="49" count="8" type="stmt"/>
        <line num="50" count="8" type="stmt"/>
        <line num="51" count="8" type="stmt"/>
        <line num="52" count="8" type="stmt"/>
        <line num="53" count="8" type="cond" truecount="1" falsecount="1"/>
        <line num="54" count="13" type="stmt"/>
        <line num="55" count="13" type="stmt"/>
        <line num="56" count="13" type="cond" truecount="1" falsecount="0"/>
        <line num="57" count="13" type="cond" truecount="1" falsecount="0"/>
        <line num="58" count="13" type="cond" truecount="1" falsecount="0"/>
        <line num="59" count="13" type="cond" truecount="1" falsecount="0"/>
        <line num="60" count="13" type="cond" truecount="1" falsecount="0"/>
        <line num="61" count="13" type="stmt"/>
        <line num="62" count="13" type="stmt"/>
        <line num="63" count="13" type="cond" truecount="1" falsecount="0"/>
        <line num="64" count="4" type="stmt"/>
        <line num="65" count="4" type="stmt"/>
        <line num="66" count="4" type="stmt"/>
        <line num="67" count="9" type="cond" truecount="1" falsecount="0"/>
        <line num="68" count="9" type="stmt"/>
        <line num="69" count="8" type="stmt"/>
        <line num="70" count="8" type="stmt"/>
        <line num="71" count="8" type="cond" truecount="1" falsecount="0"/>
        <line num="72" count="9" type="stmt"/>
        <line num="73" count="9" type="stmt"/>
        <line num="74" count="9" type="stmt"/>
        <line num="75" count="9" type="stmt"/>
        <line num="76" count="9" type="stmt"/>
        <line num="77" count="9" type="stmt"/>
        <line num="78" count="9" type="stmt"/>
        <line num="79" count="9" type="stmt"/>
        <line num="80" count="9" type="stmt"/>
        <line num="81" count="9" type="stmt"/>
        <line num="82" count="9" type="cond" truecount="1" falsecount="0"/>
        <line num="83" count="1" type="stmt"/>
        <line num="84" count="1" type="stmt"/>
        <line num="85" count="9" type="cond" truecount="2" falsecount="0"/>
        <line num="86" count="1" type="stmt"/>
        <line num="87" count="1" type="stmt"/>
        <line num="88" count="8" type="cond" truecount="3" falsecount="0"/>
        <line num="89" count="5" type="stmt"/>
        <line num="90" count="5" type="stmt"/>
        <line num="91" count="5" type="cond" truecount="1" falsecount="0"/>
        <line num="92" count="6" type="cond" truecount="3" falsecount="0"/>
        <line num="93" count="3" type="stmt"/>
        <line num="94" count="3" type="stmt"/>
        <line num="95" count="3" type="stmt"/>
        <line num="96" count="3" type="stmt"/>
        <line num="97" count="3" type="stmt"/>
        <line num="98" count="3" type="cond" truecount="1" falsecount="0"/>
        <line num="99" count="1" type="stmt"/>
        <line num="100" count="3" type="cond" truecount="2" falsecount="0"/>
        <line num="101" count="1" type="stmt"/>
        <line num="102" count="1" type="stmt"/>
        <line num="103" count="1" type="stmt"/>
        <line num="104" count="1" type="stmt"/>
        <line num="105" count="3" type="stmt"/>
        <line num="106" count="3" type="cond" truecount="1" falsecount="0"/>
        <line num="107" count="1" type="stmt"/>
        <line num="108" count="3" type="cond" truecount="2" falsecount="0"/>
        <line num="109" count="1" type="stmt"/>
        <line num="110" count="1" type="stmt"/>
        <line num="111" count="1" type="stmt"/>
        <line num="112" count="1" type="stmt"/>
        <line num="113" count="3" type="stmt"/>
        <line num="114" count="3" type="stmt"/>
        <line num="115" count="3" type="stmt"/>
        <line num="116" count="3" type="stmt"/>
        <line num="117" count="3" type="stmt"/>
        <line num="118" count="3" type="stmt"/>
        <line num="119" count="5" type="stmt"/>
        <line num="120" count="7" type="cond" truecount="1" falsecount="0"/>
        <line num="121" count="2" type="stmt"/>
        <line num="122" count="2" type="stmt"/>
        <line num="123" count="2" type="stmt"/>
        <line num="124" count="2" type="stmt"/>
        <line num="125" count="2" type="stmt"/>
        <line num="126" count="2" type="stmt"/>
        <line num="127" count="2" type="stmt"/>
        <line num="128" count="2" type="cond" truecount="0" falsecount="1"/>
        <line num="129" count="2" type="stmt"/>
        <line num="130" count="2" type="stmt"/>
        <line num="131" count="2" type="cond" truecount="0" falsecount="1"/>
        <line num="132" count="2" type="stmt"/>
        <line num="133" count="2" type="stmt"/>
        <line num="134" count="9" type="stmt"/>
        <line num="135" count="8" type="stmt"/>
        <line num="136" count="8" type="stmt"/>
        <line num="137" count="8" type="stmt"/>
        <line num="138" count="8" type="stmt"/>
        <line num="139" count="1" type="stmt"/>
        <line num="140" count="1" type="stmt"/>
        <line num="141" count="1" type="stmt"/>
        <line num="142" count="1" type="stmt"/>
        <line num="143" count="1" type="stmt"/>
        <line num="144" count="19" type="cond" truecount="1" falsecount="0"/>
        <line num="145" count="19" type="stmt"/>
        <line num="146" count="19" type="stmt"/>
        <line num="147" count="19" type="stmt"/>
        <line num="148" count="19" type="stmt"/>
        <line num="149" count="19" type="stmt"/>
        <line num="150" count="19" type="cond" truecount="1" falsecount="0"/>
        <line num="151" count="6" type="stmt"/>
        <line num="152" count="6" type="stmt"/>
        <line num="153" count="6" type="stmt"/>
        <line num="154" count="6" type="cond" truecount="1" falsecount="0"/>
        <line num="155" count="2" type="stmt"/>
        <line num="156" count="2" type="stmt"/>
        <line num="157" count="4" type="cond" truecount="1" falsecount="0"/>
        <line num="158" count="4" type="stmt"/>
        <line num="159" count="4" type="stmt"/>
        <line num="160" count="3" type="cond" truecount="1" falsecount="0"/>
        <line num="161" count="3" type="stmt"/>
        <line num="162" count="6" type="cond" truecount="1" falsecount="0"/>
        <line num="163" count="1" type="stmt"/>
        <line num="164" count="1" type="stmt"/>
        <line num="165" count="1" type="stmt"/>
        <line num="166" count="2" type="cond" truecount="1" falsecount="0"/>
        <line num="167" count="2" type="stmt"/>
        <line num="168" count="6" type="cond" truecount="1" falsecount="0"/>
        <line num="169" count="3" type="stmt"/>
        <line num="170" count="3" type="stmt"/>
        <line num="171" count="3" type="stmt"/>
        <line num="172" count="3" type="stmt"/>
        <line num="173" count="3" type="stmt"/>
        <line num="174" count="3" type="cond" truecount="2" falsecount="0"/>
        <line num="175" count="1" type="stmt"/>
        <line num="176" count="1" type="stmt"/>
        <line num="177" count="3" type="cond" truecount="0" falsecount="1"/>
        <line num="178" count="0" type="stmt"/>
        <line num="179" count="0" type="stmt"/>
        <line num="180" count="2" type="cond" truecount="1" falsecount="0"/>
        <line num="181" count="2" type="stmt"/>
        <line num="182" count="2" type="stmt"/>
        <line num="183" count="19" type="stmt"/>
        <line num="184" count="19" type="stmt"/>
        <line num="185" count="19" type="stmt"/>
        <line num="186" count="19" type="stmt"/>
        <line num="187" count="19" type="stmt"/>
        <line num="188" count="19" type="stmt"/>
        <line num="189" count="19" type="cond" truecount="1" falsecount="0"/>
        <line num="190" count="12" type="stmt"/>
        <line num="191" count="12" type="stmt"/>
        <line num="192" count="12" type="stmt"/>
        <line num="193" count="12" type="cond" truecount="1" falsecount="0"/>
        <line num="194" count="1" type="stmt"/>
        <line num="195" count="1" type="stmt"/>
        <line num="196" count="1" type="stmt"/>
        <line num="197" count="11" type="cond" truecount="1" falsecount="0"/>
        <line num="198" count="12" type="cond" truecount="1" falsecount="0"/>
        <line num="199" count="1" type="stmt"/>
        <line num="200" count="1" type="stmt"/>
        <line num="201" count="1" type="stmt"/>
        <line num="202" count="10" type="cond" truecount="1" falsecount="0"/>
        <line num="203" count="10" type="stmt"/>
        <line num="204" count="9" type="cond" truecount="1" falsecount="0"/>
        <line num="205" count="9" type="stmt"/>
        <line num="206" count="9" type="stmt"/>
        <line num="207" count="9" type="stmt"/>
        <line num="208" count="12" type="cond" truecount="2" falsecount="0"/>
        <line num="209" count="2" type="stmt"/>
        <line num="210" count="2" type="stmt"/>
        <line num="211" count="2" type="stmt"/>
        <line num="212" count="2" type="stmt"/>
        <line num="213" count="2" type="stmt"/>
        <line num="214" count="2" type="stmt"/>
        <line num="215" count="2" type="stmt"/>
        <line num="216" count="2" type="cond" truecount="2" falsecount="0"/>
        <line num="217" count="1" type="stmt"/>
        <line num="218" count="1" type="stmt"/>
        <line num="219" count="1" type="stmt"/>
        <line num="220" count="2" type="stmt"/>
        <line num="221" count="1" type="cond" truecount="1" falsecount="0"/>
        <line num="222" count="1" type="stmt"/>
        <line num="223" count="1" type="stmt"/>
        <line num="224" count="7" type="cond" truecount="1" falsecount="0"/>
        <line num="225" count="7" type="stmt"/>
        <line num="226" count="12" type="cond" truecount="1" falsecount="0"/>
        <line num="227" count="1" type="stmt"/>
        <line num="228" count="1" type="cond" truecount="0" falsecount="1"/>
        <line num="229" count="1" type="stmt"/>
        <line num="230" count="1" type="stmt"/>
        <line num="231" count="19" type="stmt"/>
        <line num="232" count="19" type="stmt"/>
        <line num="233" count="19" type="stmt"/>
      </file>
      <file name="transport.ts" path="/vercel/sandbox/primary/src/adapters/smartcharts-champion/transport.ts">
        <metrics statements="154" coveredstatements="137" conditionals="16" coveredconditionals="13" methods="6" coveredmethods="5"/>
        <line num="1" count="1" type="stmt"/>
        <line num="2" count="1" type="stmt"/>
        <line num="3" count="1" type="stmt"/>
        <line num="4" count="1" type="stmt"/>
        <line num="5" count="1" type="stmt"/>
        <line num="6" count="1" type="stmt"/>
        <line num="7" count="1" type="stmt"/>
        <line num="8" count="1" type="stmt"/>
        <line num="9" count="1" type="stmt"/>
        <line num="10" count="1" type="stmt"/>
        <line num="11" count="1" type="stmt"/>
        <line num="12" count="1" type="stmt"/>
        <line num="13" count="1" type="stmt"/>
        <line num="14" count="1" type="stmt"/>
        <line num="15" count="1" type="stmt"/>
        <line num="16" count="1" type="stmt"/>
        <line num="17" count="1" type="stmt"/>
        <line num="18" count="1" type="stmt"/>
        <line num="19" count="1" type="stmt"/>
        <line num="20" count="13" type="cond" truecount="1" falsecount="0"/>
        <line num="21" count="13" type="stmt"/>
        <line num="22" count="13" type="stmt"/>
        <line num="23" count="13" type="stmt"/>
        <line num="24" count="13" type="stmt"/>
        <line num="25" count="13" type="stmt"/>
        <line num="26" count="13" type="stmt"/>
        <line num="27" count="13" type="cond" truecount="1" falsecount="0"/>
        <line num="28" count="3" type="cond" truecount="1" falsecount="0"/>
        <line num="29" count="1" type="stmt"/>
        <line num="30" count="1" type="stmt"/>
        <line num="31" count="3" type="stmt"/>
        <line num="32" count="13" type="stmt"/>
        <line num="33" count="13" type="stmt"/>
        <line num="34" count="13" type="stmt"/>
        <line num="35" count="13" type="stmt"/>
        <line num="36" count="13" type="stmt"/>
        <line num="37" count="13" type="stmt"/>
        <line num="38" count="13" type="stmt"/>
        <line num="39" count="13" type="stmt"/>
        <line num="40" count="13" type="cond" truecount="1" falsecount="0"/>
        <line num="41" count="5" type="cond" truecount="1" falsecount="0"/>
        <line num="42" count="1" type="stmt"/>
        <line num="43" count="1" type="stmt"/>
        <line num="44" count="4" type="cond" truecount="1" falsecount="0"/>
        <line num="45" count="4" type="stmt"/>
        <line num="46" count="4" type="stmt"/>
        <line num="47" count="4" type="stmt"/>
        <line num="48" count="4" type="stmt"/>
        <line num="49" count="4" type="stmt"/>
        <line num="50" count="4" type="stmt"/>
        <line num="51" count="5" type="cond" truecount="1" falsecount="0"/>
        <line num="52" count="1" type="stmt"/>
        <line num="53" count="1" type="stmt"/>
        <line num="54" count="1" type="stmt"/>
        <line num="55" count="1" type="stmt"/>
        <line num="56" count="1" type="stmt"/>
        <line num="57" count="1" type="stmt"/>
        <line num="58" count="1" type="cond" truecount="0" falsecount="1"/>
        <line num="59" count="0" type="stmt"/>
        <line num="60" count="0" type="stmt"/>
        <line num="61" count="0" type="stmt"/>
        <line num="62" count="1" type="stmt"/>
        <line num="63" count="1" type="stmt"/>
        <line num="64" count="1" type="stmt"/>
        <line num="65" count="1" type="stmt"/>
        <line num="66" count="1" type="stmt"/>
        <line num="67" count="1" type="stmt"/>
        <line num="68" count="5" type="stmt"/>
        <line num="69" count="5" type="stmt"/>
        <line num="70" count="5" type="stmt"/>
        <line num="71" count="5" type="stmt"/>
        <line num="72" count="5" type="stmt"/>
        <line num="73" count="5" type="stmt"/>
        <line num="74" count="5" type="stmt"/>
        <line num="75" count="5" type="stmt"/>
        <line num="76" count="5" type="stmt"/>
        <line num="77" count="5" type="stmt"/>
        <line num="78" count="5" type="stmt"/>
        <line num="79" count="5" type="stmt"/>
        <line num="80" count="5" type="stmt"/>
        <line num="81" count="5" type="cond" truecount="1" falsecount="0"/>
        <line num="82" count="3" type="stmt"/>
        <line num="83" count="3" type="stmt"/>
        <line num="84" count="3" type="stmt"/>
        <line num="85" count="3" type="stmt"/>
        <line num="86" count="3" type="stmt"/>
        <line num="87" count="3" type="stmt"/>
        <line num="88" count="3" type="stmt"/>
        <line num="89" count="3" type="stmt"/>
        <line num="90" count="3" type="stmt"/>
        <line num="91" count="3" type="stmt"/>
        <line num="92" count="3" type="stmt"/>
        <line num="93" count="3" type="stmt"/>
        <line num="94" count="3" type="cond" truecount="0" falsecount="1"/>
        <line num="95" count="0" type="stmt"/>
        <line num="96" count="0" type="stmt"/>
        <line num="97" count="5" type="stmt"/>
        <line num="98" count="5" type="cond" truecount="1" falsecount="0"/>
        <line num="99" count="1" type="stmt"/>
        <line num="100" count="1" type="stmt"/>
        <line num="101" count="1" type="stmt"/>
        <line num="102" count="1" type="stmt"/>
        <line num="103" count="1" type="stmt"/>
        <line num="104" count="1" type="stmt"/>
        <line num="105" count="1" type="stmt"/>
        <line num="106" count="5" type="stmt"/>
        <line num="107" count="5" type="stmt"/>
        <line num="108" count="5" type="stmt"/>
        <line num="109" count="13" type="stmt"/>
        <line num="110" count="13" type="stmt"/>
        <line num="111" count="13" type="stmt"/>
        <line num="112" count="13" type="stmt"/>
        <line num="113" count="13" type="stmt"/>
        <line num="114" count="13" type="stmt"/>
        <line num="115" count="13" type="cond" truecount="1" falsecount="0"/>
        <line num="116" count="1" type="stmt"/>
        <line num="117" count="1" type="stmt"/>
        <line num="118" count="1" type="cond" truecount="0" falsecount="1"/>
        <line num="119" count="0" type="stmt"/>
        <line num="120" count="0" type="stmt"/>
        <line num="121" count="0" type="stmt"/>
        <line num="122" count="0" type="stmt"/>
        <line num="123" count="0" type="stmt"/>
        <line num="124" count="0" type="stmt"/>
        <line num="125" count="0" type="stmt"/>
        <line num="126" count="0" type="stmt"/>
        <line num="127" count="0" type="stmt"/>
        <line num="128" count="0" type="stmt"/>
        <line num="129" count="0" type="stmt"/>
        <line num="130" count="0" type="stmt"/>
        <line num="131" count="1" type="stmt"/>
        <line num="132" count="1" type="stmt"/>
        <line num="133" count="1" type="stmt"/>
        <line num="134" count="13" type="stmt"/>
        <line num="135" count="13" type="stmt"/>
        <line num="136" count="13" type="stmt"/>
        <line num="137" count="13" type="stmt"/>
        <line num="138" count="13" type="stmt"/>
        <line num="139" count="13" type="stmt"/>
        <line num="140" count="13" type="cond" truecount="1" falsecount="0"/>
        <line num="141" count="3" type="cond" truecount="1" falsecount="0"/>
        <line num="142" count="2" type="cond" truecount="1" falsecount="0"/>
        <line num="143" count="1" type="stmt"/>
        <line num="144" count="1" type="stmt"/>
        <line num="145" count="1" type="stmt"/>
        <line num="146" count="1" type="stmt"/>
        <line num="147" count="1" type="stmt"/>
        <line num="148" count="2" type="stmt"/>
        <line num="149" count="3" type="stmt"/>
        <line num="150" count="3" type="stmt"/>
        <line num="151" count="3" type="stmt"/>
        <line num="152" count="13" type="stmt"/>
        <line num="153" count="13" type="stmt"/>
        <line num="154" count="13" type="stmt"/>
      </file>
    </package>
    <package name="app">
      <metrics statements="20" coveredstatements="20" conditionals="0" coveredconditionals="0" methods="0" coveredmethods="0"/>
      <file name="i18n.ts" path="/vercel/sandbox/primary/src/app/i18n.ts">
        <metrics statements="20" coveredstatements="20" conditionals="0" coveredconditionals="0" methods="0" coveredmethods="0"/>
        <line num="1" count="1" type="stmt"/>
        <line num="2" count="1" type="stmt"/>
        <line num="3" count="1" type="stmt"/>
        <line num="4" count="1" type="stmt"/>
        <line num="5" count="1" type="stmt"/>
        <line num="6" count="1" type="stmt"/>
        <line num="7" count="1" type="stmt"/>
        <line num="8" count="1" type="stmt"/>
        <line num="9" count="1" type="stmt"/>
        <line num="10" count="1" type="stmt"/>
        <line num="11" count="1" type="stmt"/>
        <line num="12" count="1" type="stmt"/>
        <line num="13" count="1" type="stmt"/>
        <line num="14" count="1" type="stmt"/>
        <line num="15" count="1" type="stmt"/>
        <line num="16" count="1" type="stmt"/>
        <line num="17" count="1" type="stmt"/>
        <line num="18" count="1" type="stmt"/>
        <line num="19" count="1" type="stmt"/>
        <line num="20" count="1" type="stmt"/>
      </file>
    </package>
    <package name="components.contract-card-loading">
      <metrics statements="24" coveredstatements="24" conditionals="1" coveredconditionals="1" methods="1" coveredmethods="1"/>
      <file name="contract-card-running-bot.tsx" path="/vercel/sandbox/primary/src/components/contract-card-loading/contract-card-running-bot.tsx">
        <metrics statements="24" coveredstatements="24" conditionals="1" coveredconditionals="1" methods="1" coveredmethods="1"/>
        <line num="1" count="1" type="stmt"/>
        <line num="2" count="1" type="stmt"/>
        <line num="3" count="1" type="stmt"/>
        <line num="4" count="1" type="stmt"/>
        <line num="5" count="1" type="stmt"/>
        <line num="6" count="1" type="stmt"/>
        <line num="7" count="1" type="stmt"/>
        <line num="8" count="1" type="cond" truecount="1" falsecount="0"/>
        <line num="9" count="2" type="stmt"/>
        <line num="10" count="2" type="stmt"/>
        <line num="11" count="2" type="stmt"/>
        <line num="12" count="2" type="stmt"/>
        <line num="13" count="2" type="stmt"/>
        <line num="14" count="2" type="stmt"/>
        <line num="15" count="2" type="stmt"/>
        <line num="16" count="2" type="stmt"/>
        <line num="17" count="2" type="stmt"/>
        <line num="18" count="2" type="stmt"/>
        <line num="19" count="2" type="stmt"/>
        <line num="20" count="2" type="stmt"/>
        <line num="21" count="2" type="stmt"/>
        <line num="22" count="1" type="stmt"/>
        <line num="23" count="1" type="stmt"/>
        <line num="24" count="1" type="stmt"/>
      </file>
    </package>
    <package name="components.error-modal">
      <metrics statements="79" coveredstatements="78" conditionals="5" coveredconditionals="5" methods="4" coveredmethods="3"/>
      <file name="error-modal-content.tsx" path="/vercel/sandbox/primary/src/components/error-modal/error-modal-content.tsx">
        <metrics statements="27" coveredstatements="27" conditionals="2" coveredconditionals="2" methods="2" coveredmethods="2"/>
        <line num="1" count="1" type="stmt"/>
        <line num="2" count="1" type="stmt"/>
        <line num="3" count="1" type="stmt"/>
        <line num="4" count="1" type="stmt"/>
        <line num="5" count="1" type="stmt"/>
        <line num="6" count="1" type="stmt"/>
        <line num="7" count="1" type="stmt"/>
        <line num="8" count="1" type="stmt"/>
        <line num="9" count="1" type="stmt"/>
        <line num="10" count="1" type="cond" truecount="1" falsecount="0"/>
        <line num="11" count="7" type="stmt"/>
        <line num="12" count="7" type="stmt"/>
        <line num="13" count="7" type="stmt"/>
        <line num="14" count="7" type="stmt"/>
        <line num="15" count="7" type="stmt"/>
        <line num="16" count="7" type="stmt"/>
        <line num="17" count="7" type="stmt"/>
        <line num="18" count="7" type="stmt"/>
        <line num="19" count="7" type="stmt"/>
        <line num="20" count="7" type="cond" truecount="1" falsecount="0"/>
        <line num="21" count="7" type="stmt"/>
        <line num="22" count="7" type="stmt"/>
        <line num="23" count="7" type="stmt"/>
        <line num="24" count="7" type="stmt"/>
        <line num="25" count="7" type="stmt"/>
        <line num="26" count="1" type="stmt"/>
        <line num="27" count="1" type="stmt"/>
      </file>
      <file name="error-modal.tsx" path="/vercel/sandbox/primary/src/components/error-modal/error-modal.tsx">
        <metrics statements="52" coveredstatements="51" conditionals="3" coveredconditionals="3" methods="2" coveredmethods="1"/>
        <line num="1" count="1" type="stmt"/>
        <line num="2" count="1" type="stmt"/>
        <line num="3" count="1" type="stmt"/>
        <line num="4" count="1" type="stmt"/>
        <line num="5" count="1" type="stmt"/>
        <line num="6" count="1" type="stmt"/>
        <line num="7" count="1" type="stmt"/>
        <line num="8" count="1" type="stmt"/>
        <line num="9" count="1" type="stmt"/>
        <line num="10" count="1" type="stmt"/>
        <line num="11" count="1" type="stmt"/>
        <line num="12" count="1" type="stmt"/>
        <line num="13" count="1" type="stmt"/>
        <line num="14" count="1" type="stmt"/>
        <line num="15" count="1" type="stmt"/>
        <line num="16" count="1" type="stmt"/>
        <line num="17" count="1" type="cond" truecount="1" falsecount="0"/>
        <line num="18" count="7" type="stmt"/>
        <line num="19" count="7" type="cond" truecount="1" falsecount="0"/>
        <line num="20" count="7" type="stmt"/>
        <line num="21" count="7" type="cond" truecount="1" falsecount="0"/>
        <line num="22" count="3" type="stmt"/>
        <line num="23" count="7" type="stmt"/>
        <line num="24" count="7" type="stmt"/>
        <line num="25" count="7" type="stmt"/>
        <line num="26" count="0" type="stmt"/>
        <line num="27" count="7" type="stmt"/>
        <line num="28" count="7" type="stmt"/>
        <line num="29" count="7" type="stmt"/>
        <line num="30" count="7" type="stmt"/>
        <line num="31" count="7" type="stmt"/>
        <line num="32" count="7" type="stmt"/>
        <line num="33" count="7" type="stmt"/>
        <line num="34" count="7" type="stmt"/>
        <line num="35" count="7" type="stmt"/>
        <line num="36" count="7" type="stmt"/>
        <line num="37" count="7" type="stmt"/>
        <line num="38" count="7" type="stmt"/>
        <line num="39" count="7" type="stmt"/>
        <line num="40" count="7" type="stmt"/>
        <line num="41" count="7" type="stmt"/>
        <line num="42" count="7" type="stmt"/>
        <line num="43" count="7" type="stmt"/>
        <line num="44" count="7" type="stmt"/>
        <line num="45" count="7" type="stmt"/>
        <line num="46" count="7" type="stmt"/>
        <line num="47" count="7" type="stmt"/>
        <line num="48" count="7" type="stmt"/>
        <line num="49" count="7" type="stmt"/>
        <line num="50" count="7" type="stmt"/>
        <line num="51" count="1" type="stmt"/>
        <line num="52" count="1" type="stmt"/>
      </file>
    </package>
    <package name="components.layout.app-logo">
      <metrics statements="65" coveredstatements="65" conditionals="15" coveredconditionals="13" methods="2" coveredmethods="2"/>
      <file name="LogoMark.tsx" path="/vercel/sandbox/primary/src/components/layout/app-logo/LogoMark.tsx">
        <metrics statements="65" coveredstatements="65" conditionals="15" coveredconditionals="13" methods="2" coveredmethods="2"/>
        <line num="1" count="1" type="stmt"/>
        <line num="2" count="1" type="stmt"/>
        <line num="3" count="1" type="stmt"/>
        <line num="4" count="1" type="stmt"/>
        <line num="5" count="1" type="stmt"/>
        <line num="6" count="1" type="stmt"/>
        <line num="7" count="1" type="stmt"/>
        <line num="8" count="1" type="stmt"/>
        <line num="9" count="1" type="stmt"/>
        <line num="10" count="1" type="stmt"/>
        <line num="11" count="1" type="stmt"/>
        <line num="12" count="1" type="stmt"/>
        <line num="13" count="1" type="stmt"/>
        <line num="14" count="1" type="stmt"/>
        <line num="15" count="1" type="stmt"/>
        <line num="16" count="1" type="stmt"/>
        <line num="17" count="1" type="stmt"/>
        <line num="18" count="1" type="stmt"/>
        <line num="19" count="1" type="cond" truecount="1" falsecount="0"/>
        <line num="20" count="8" type="stmt"/>
        <line num="21" count="8" type="stmt"/>
        <line num="22" count="8" type="stmt"/>
        <line num="23" count="8" type="stmt"/>
        <line num="24" count="8" type="cond" truecount="1" falsecount="0"/>
        <line num="25" count="8" type="cond" truecount="1" falsecount="0"/>
        <line num="26" count="8" type="stmt"/>
        <line num="27" count="8" type="stmt"/>
        <line num="28" count="8" type="stmt"/>
        <line num="29" count="8" type="stmt"/>
        <line num="30" count="8" type="cond" truecount="1" falsecount="0"/>
        <line num="31" count="4" type="cond" truecount="2" falsecount="0"/>
        <line num="32" count="4" type="cond" truecount="0" falsecount="1"/>
        <line num="33" count="8" type="stmt"/>
        <line num="34" count="8" type="stmt"/>
        <line num="35" count="8" type="stmt"/>
        <line num="36" count="8" type="cond" truecount="1" falsecount="0"/>
        <line num="37" count="8" type="stmt"/>
        <line num="38" count="8" type="stmt"/>
        <line num="39" count="8" type="cond" truecount="2" falsecount="0"/>
        <line num="40" count="8" type="cond" truecount="0" falsecount="1"/>
        <line num="41" count="8" type="stmt"/>
        <line num="42" count="8" type="stmt"/>
        <line num="43" count="8" type="stmt"/>
        <line num="44" count="8" type="cond" truecount="1" falsecount="0"/>
        <line num="45" count="7" type="stmt"/>
        <line num="46" count="7" type="stmt"/>
        <line num="47" count="7" type="stmt"/>
        <line num="48" count="7" type="stmt"/>
        <line num="49" count="7" type="stmt"/>
        <line num="50" count="7" type="stmt"/>
        <line num="51" count="7" type="cond" truecount="2" falsecount="0"/>
        <line num="52" count="7" type="stmt"/>
        <line num="53" count="8" type="cond" truecount="1" falsecount="0"/>
        <line num="54" count="1" type="stmt"/>
        <line num="55" count="1" type="stmt"/>
        <line num="56" count="1" type="stmt"/>
        <line num="57" count="1" type="stmt"/>
        <line num="58" count="1" type="stmt"/>
        <line num="59" count="1" type="stmt"/>
        <line num="60" count="1" type="stmt"/>
        <line num="61" count="8" type="stmt"/>
        <line num="62" count="8" type="stmt"/>
        <line num="63" count="8" type="stmt"/>
        <line num="64" count="8" type="stmt"/>
        <line num="65" count="8" type="stmt"/>
      </file>
    </package>
    <package name="components.layout.header">
      <metrics statements="328" coveredstatements="310" conditionals="80" coveredconditionals="58" methods="8" coveredmethods="5"/>
      <file name="account-switcher.tsx" path="/vercel/sandbox/primary/src/components/layout/header/account-switcher.tsx">
        <metrics statements="328" coveredstatements="310" conditionals="80" coveredconditionals="58" methods="8" coveredmethods="5"/>
        <line num="1" count="1" type="stmt"/>
        <line num="2" count="1" type="stmt"/>
        <line num="3" count="1" type="stmt"/>
        <line num="4" count="1" type="stmt"/>
        <line num="5" count="1" type="stmt"/>
        <line num="6" count="1" type="stmt"/>
        <line num="7" count="1" type="stmt"/>
        <line num="8" count="1" type="stmt"/>
        <line num="9" count="1" type="stmt"/>
        <line num="10" count="1" type="stmt"/>
        <line num="11" count="1" type="stmt"/>
        <line num="12" count="1" type="stmt"/>
        <line num="13" count="1" type="stmt"/>
        <line num="14" count="1" type="stmt"/>
        <line num="15" count="1" type="stmt"/>
        <line num="16" count="1" type="stmt"/>
        <line num="17" count="1" type="stmt"/>
        <line num="18" count="1" type="stmt"/>
        <line num="19" count="1" type="cond" truecount="1" falsecount="0"/>
        <line num="20" count="39" type="stmt"/>
        <line num="21" count="39" type="stmt"/>
        <line num="22" count="39" type="stmt"/>
        <line num="23" count="39" type="cond" truecount="1" falsecount="0"/>
        <line num="24" count="39" type="stmt"/>
        <line num="25" count="39" type="stmt"/>
        <line num="26" count="39" type="stmt"/>
        <line num="27" count="39" type="stmt"/>
        <line num="28" count="39" type="cond" truecount="0" falsecount="1"/>
        <line num="29" count="39" type="stmt"/>
        <line num="30" count="39" type="cond" truecount="1" falsecount="0"/>
        <line num="31" count="16" type="cond" truecount="1" falsecount="0"/>
        <line num="32" count="16" type="stmt"/>
        <line num="33" count="16" type="stmt"/>
        <line num="34" count="16" type="stmt"/>
        <line num="35" count="16" type="stmt"/>
        <line num="36" count="16" type="cond" truecount="1" falsecount="0"/>
        <line num="37" count="39" type="stmt"/>
        <line num="38" count="39" type="stmt"/>
        <line num="39" count="39" type="cond" truecount="1" falsecount="0"/>
        <line num="40" count="16" type="stmt"/>
        <line num="41" count="16" type="stmt"/>
        <line num="42" count="16" type="stmt"/>
        <line num="43" count="16" type="stmt"/>
        <line num="44" count="16" type="cond" truecount="1" falsecount="0"/>
        <line num="45" count="16" type="stmt"/>
        <line num="46" count="16" type="stmt"/>
        <line num="47" count="16" type="stmt"/>
        <line num="48" count="39" type="stmt"/>
        <line num="49" count="39" type="stmt"/>
        <line num="50" count="39" type="cond" truecount="1" falsecount="0"/>
        <line num="51" count="39" type="stmt"/>
        <line num="52" count="39" type="stmt"/>
        <line num="53" count="39" type="cond" truecount="1" falsecount="0"/>
        <line num="54" count="16" type="cond" truecount="1" falsecount="0"/>
        <line num="55" count="1" type="stmt"/>
        <line num="56" count="1" type="stmt"/>
        <line num="57" count="1" type="stmt"/>
        <line num="58" count="16" type="stmt"/>
        <line num="59" count="16" type="cond" truecount="1" falsecount="0"/>
        <line num="60" count="1" type="stmt"/>
        <line num="61" count="16" type="stmt"/>
        <line num="62" count="16" type="stmt"/>
        <line num="63" count="16" type="stmt"/>
        <line num="64" count="16" type="cond" truecount="1" falsecount="0"/>
        <line num="65" count="16" type="stmt"/>
        <line num="66" count="16" type="stmt"/>
        <line num="67" count="16" type="stmt"/>
        <line num="68" count="39" type="stmt"/>
        <line num="69" count="39" type="stmt"/>
        <line num="70" count="39" type="cond" truecount="1" falsecount="0"/>
        <line num="71" count="10" type="cond" truecount="2" falsecount="0"/>
        <line num="72" count="7" type="cond" truecount="2" falsecount="0"/>
        <line num="73" count="39" type="stmt"/>
        <line num="74" count="39" type="stmt"/>
        <line num="75" count="39" type="stmt"/>
        <line num="76" count="39" type="cond" truecount="1" falsecount="0"/>
        <line num="77" count="2" type="stmt"/>
        <line num="78" count="2" type="stmt"/>
        <line num="79" count="2" type="cond" truecount="0" falsecount="1"/>
        <line num="80" count="2" type="stmt"/>
        <line num="81" count="2" type="stmt"/>
        <line num="82" count="2" type="stmt"/>
        <line num="83" count="2" type="stmt"/>
        <line num="84" count="2" type="stmt"/>
        <line num="85" count="2" type="cond" truecount="0" falsecount="1"/>
        <line num="86" count="2" type="cond" truecount="0" falsecount="1"/>
        <line num="87" count="2" type="stmt"/>
        <line num="88" count="2" type="stmt"/>
        <line num="89" count="2" type="stmt"/>
        <line num="90" count="2" type="stmt"/>
        <line num="91" count="1" type="cond" truecount="1" falsecount="0"/>
        <line num="92" count="1" type="stmt"/>
        <line num="93" count="1" type="stmt"/>
        <line num="94" count="1" type="stmt"/>
        <line num="95" count="2" type="stmt"/>
        <line num="96" count="2" type="cond" truecount="1" falsecount="0"/>
        <line num="97" count="1" type="stmt"/>
        <line num="98" count="1" type="stmt"/>
        <line num="99" count="2" type="stmt"/>
        <line num="100" count="2" type="stmt"/>
        <line num="101" count="2" type="cond" truecount="0" falsecount="1"/>
        <line num="102" count="0" type="stmt"/>
        <line num="103" count="2" type="stmt"/>
        <line num="104" count="2" type="stmt"/>
        <line num="105" count="2" type="stmt"/>
        <line num="106" count="39" type="stmt"/>
        <line num="107" count="39" type="stmt"/>
        <line num="108" count="39" type="stmt"/>
        <line num="109" count="39" type="stmt"/>
        <line num="110" count="39" type="stmt"/>
        <line num="111" count="39" type="cond" truecount="1" falsecount="0"/>
        <line num="112" count="1" type="stmt"/>
        <line num="113" count="1" type="stmt"/>
        <line num="114" count="1" type="stmt"/>
        <line num="115" count="39" type="stmt"/>
        <line num="116" count="39" type="stmt"/>
        <line num="117" count="39" type="stmt"/>
        <line num="118" count="39" type="stmt"/>
        <line num="119" count="39" type="cond" truecount="1" falsecount="0"/>
        <line num="120" count="39" type="cond" truecount="0" falsecount="1"/>
        <line num="121" count="39" type="cond" truecount="0" falsecount="1"/>
        <line num="122" count="39" type="stmt"/>
        <line num="123" count="39" type="stmt"/>
        <line num="124" count="39" type="stmt"/>
        <line num="125" count="39" type="stmt"/>
        <line num="126" count="39" type="stmt"/>
        <line num="127" count="39" type="stmt"/>
        <line num="128" count="39" type="stmt"/>
        <line num="129" count="39" type="stmt"/>
        <line num="130" count="39" type="stmt"/>
        <line num="131" count="39" type="stmt"/>
        <line num="132" count="39" type="cond" truecount="1" falsecount="0"/>
        <line num="133" count="77" type="stmt"/>
        <line num="134" count="77" type="stmt"/>
        <line num="135" count="77" type="cond" truecount="1" falsecount="3"/>
        <line num="136" count="77" type="stmt"/>
        <line num="137" count="77" type="stmt"/>
        <line num="138" count="77" type="stmt"/>
        <line num="139" count="77" type="stmt"/>
        <line num="140" count="77" type="stmt"/>
        <line num="141" count="77" type="stmt"/>
        <line num="142" count="77" type="stmt"/>
        <line num="143" count="77" type="stmt"/>
        <line num="144" count="77" type="cond" truecount="0" falsecount="2"/>
        <line num="145" count="0" type="stmt"/>
        <line num="146" count="0" type="stmt"/>
        <line num="147" count="0" type="stmt"/>
        <line num="148" count="0" type="stmt"/>
        <line num="149" count="0" type="stmt"/>
        <line num="150" count="77" type="stmt"/>
        <line num="151" count="77" type="stmt"/>
        <line num="152" count="77" type="stmt"/>
        <line num="153" count="77" type="stmt"/>
        <line num="154" count="39" type="stmt"/>
        <line num="155" count="39" type="cond" truecount="1" falsecount="0"/>
        <line num="156" count="38" type="cond" truecount="0" falsecount="1"/>
        <line num="157" count="38" type="cond" truecount="0" falsecount="1"/>
        <line num="158" count="38" type="cond" truecount="1" falsecount="0"/>
        <line num="159" count="35" type="cond" truecount="1" falsecount="0"/>
        <line num="160" count="0" type="cond" truecount="0" falsecount="1"/>
        <line num="161" count="39" type="stmt"/>
        <line num="162" count="39" type="stmt"/>
        <line num="163" count="39" type="stmt"/>
        <line num="164" count="39" type="stmt"/>
        <line num="165" count="39" type="cond" truecount="1" falsecount="0"/>
        <line num="166" count="38" type="cond" truecount="1" falsecount="0"/>
        <line num="167" count="38" type="stmt"/>
        <line num="168" count="39" type="cond" truecount="1" falsecount="0"/>
        <line num="169" count="39" type="stmt"/>
        <line num="170" count="39" type="stmt"/>
        <line num="171" count="39" type="stmt"/>
        <line num="172" count="39" type="stmt"/>
        <line num="173" count="39" type="stmt"/>
        <line num="174" count="39" type="stmt"/>
        <line num="175" count="39" type="stmt"/>
        <line num="176" count="39" type="cond" truecount="2" falsecount="0"/>
        <line num="177" count="39" type="cond" truecount="2" falsecount="0"/>
        <line num="178" count="39" type="cond" truecount="2" falsecount="0"/>
        <line num="179" count="39" type="cond" truecount="2" falsecount="0"/>
        <line num="180" count="39" type="stmt"/>
        <line num="181" count="39" type="cond" truecount="1" falsecount="0"/>
        <line num="182" count="39" type="stmt"/>
        <line num="183" count="39" type="stmt"/>
        <line num="184" count="39" type="stmt"/>
        <line num="185" count="39" type="stmt"/>
        <line num="186" count="0" type="stmt"/>
        <line num="187" count="0" type="stmt"/>
        <line num="188" count="0" type="stmt"/>
        <line num="189" count="0" type="stmt"/>
        <line num="190" count="39" type="stmt"/>
        <line num="191" count="39" type="stmt"/>
        <line num="192" count="39" type="stmt"/>
        <line num="193" count="39" type="stmt"/>
        <line num="194" count="39" type="stmt"/>
        <line num="195" count="39" type="stmt"/>
        <line num="196" count="39" type="cond" truecount="0" falsecount="2"/>
        <line num="197" count="0" type="stmt"/>
        <line num="198" count="39" type="cond" truecount="2" falsecount="0"/>
        <line num="199" count="9" type="stmt"/>
        <line num="200" count="38" type="cond" truecount="1" falsecount="0"/>
        <line num="201" count="29" type="stmt"/>
        <line num="202" count="39" type="stmt"/>
        <line num="203" count="39" type="stmt"/>
        <line num="204" count="39" type="cond" truecount="1" falsecount="0"/>
        <line num="205" count="35" type="stmt"/>
        <line num="206" count="35" type="stmt"/>
        <line num="207" count="35" type="stmt"/>
        <line num="208" count="35" type="stmt"/>
        <line num="209" count="35" type="stmt"/>
        <line num="210" count="35" type="stmt"/>
        <line num="211" count="35" type="stmt"/>
        <line num="212" count="35" type="stmt"/>
        <line num="213" count="35" type="stmt"/>
        <line num="214" count="35" type="stmt"/>
        <line num="215" count="35" type="stmt"/>
        <line num="216" count="35" type="stmt"/>
        <line num="217" count="35" type="stmt"/>
        <line num="218" count="35" type="stmt"/>
        <line num="219" count="35" type="stmt"/>
        <line num="220" count="39" type="stmt"/>
        <line num="221" count="39" type="stmt"/>
        <line num="222" count="39" type="cond" truecount="1" falsecount="1"/>
        <line num="223" count="38" type="stmt"/>
        <line num="224" count="38" type="stmt"/>
        <line num="225" count="38" type="stmt"/>
        <line num="226" count="38" type="stmt"/>
        <line num="227" count="38" type="cond" truecount="0" falsecount="1"/>
        <line num="228" count="38" type="stmt"/>
        <line num="229" count="38" type="stmt"/>
        <line num="230" count="38" type="cond" truecount="0" falsecount="1"/>
        <line num="231" count="0" type="stmt"/>
        <line num="232" count="38" type="stmt"/>
        <line num="233" count="38" type="stmt"/>
        <line num="234" count="38" type="stmt"/>
        <line num="235" count="38" type="stmt"/>
        <line num="236" count="38" type="cond" truecount="3" falsecount="0"/>
        <line num="237" count="9" type="stmt"/>
        <line num="238" count="9" type="stmt"/>
        <line num="239" count="9" type="cond" truecount="2" falsecount="0"/>
        <line num="240" count="9" type="stmt"/>
        <line num="241" count="9" type="stmt"/>
        <line num="242" count="9" type="stmt"/>
        <line num="243" count="9" type="stmt"/>
        <line num="244" count="9" type="stmt"/>
        <line num="245" count="9" type="stmt"/>
        <line num="246" count="9" type="stmt"/>
        <line num="247" count="9" type="stmt"/>
        <line num="248" count="9" type="stmt"/>
        <line num="249" count="9" type="stmt"/>
        <line num="250" count="9" type="stmt"/>
        <line num="251" count="9" type="stmt"/>
        <line num="252" count="9" type="stmt"/>
        <line num="253" count="9" type="stmt"/>
        <line num="254" count="9" type="stmt"/>
        <line num="255" count="9" type="stmt"/>
        <line num="256" count="9" type="stmt"/>
        <line num="257" count="9" type="stmt"/>
        <line num="258" count="9" type="stmt"/>
        <line num="259" count="9" type="stmt"/>
        <line num="260" count="9" type="stmt"/>
        <line num="261" count="9" type="stmt"/>
        <line num="262" count="9" type="stmt"/>
        <line num="263" count="9" type="stmt"/>
        <line num="264" count="9" type="stmt"/>
        <line num="265" count="9" type="stmt"/>
        <line num="266" count="9" type="stmt"/>
        <line num="267" count="9" type="stmt"/>
        <line num="268" count="9" type="stmt"/>
        <line num="269" count="9" type="stmt"/>
        <line num="270" count="9" type="stmt"/>
        <line num="271" count="9" type="stmt"/>
        <line num="272" count="9" type="stmt"/>
        <line num="273" count="9" type="stmt"/>
        <line num="274" count="9" type="stmt"/>
        <line num="275" count="38" type="stmt"/>
        <line num="276" count="38" type="stmt"/>
        <line num="277" count="39" type="stmt"/>
        <line num="278" count="39" type="stmt"/>
        <line num="279" count="39" type="stmt"/>
        <line num="280" count="39" type="stmt"/>
        <line num="281" count="39" type="cond" truecount="1" falsecount="0"/>
        <line num="282" count="14" type="stmt"/>
        <line num="283" count="14" type="cond" truecount="1" falsecount="0"/>
        <line num="284" count="28" type="stmt"/>
        <line num="285" count="28" type="cond" truecount="0" falsecount="1"/>
        <line num="286" count="28" type="stmt"/>
        <line num="287" count="28" type="stmt"/>
        <line num="288" count="28" type="stmt"/>
        <line num="289" count="28" type="stmt"/>
        <line num="290" count="28" type="stmt"/>
        <line num="291" count="28" type="cond" truecount="1" falsecount="0"/>
        <line num="292" count="28" type="stmt"/>
        <line num="293" count="28" type="cond" truecount="2" falsecount="0"/>
        <line num="294" count="28" type="stmt"/>
        <line num="295" count="0" type="stmt"/>
        <line num="296" count="0" type="stmt"/>
        <line num="297" count="0" type="stmt"/>
        <line num="298" count="0" type="stmt"/>
        <line num="299" count="28" type="stmt"/>
        <line num="300" count="28" type="stmt"/>
        <line num="301" count="28" type="stmt"/>
        <line num="302" count="28" type="stmt"/>
        <line num="303" count="28" type="stmt"/>
        <line num="304" count="28" type="cond" truecount="1" falsecount="0"/>
        <line num="305" count="28" type="stmt"/>
        <line num="306" count="28" type="stmt"/>
        <line num="307" count="28" type="cond" truecount="2" falsecount="0"/>
        <line num="308" count="14" type="stmt"/>
        <line num="309" count="28" type="cond" truecount="1" falsecount="0"/>
        <line num="310" count="14" type="stmt"/>
        <line num="311" count="28" type="stmt"/>
        <line num="312" count="28" type="stmt"/>
        <line num="313" count="28" type="stmt"/>
        <line num="314" count="28" type="stmt"/>
        <line num="315" count="28" type="stmt"/>
        <line num="316" count="28" type="cond" truecount="0" falsecount="1"/>
        <line num="317" count="0" type="stmt"/>
        <line num="318" count="28" type="stmt"/>
        <line num="319" count="28" type="stmt"/>
        <line num="320" count="28" type="stmt"/>
        <line num="321" count="14" type="stmt"/>
        <line num="322" count="14" type="stmt"/>
        <line num="323" count="39" type="stmt"/>
        <line num="324" count="39" type="stmt"/>
        <line num="325" count="39" type="stmt"/>
        <line num="326" count="1" type="stmt"/>
        <line num="327" count="1" type="stmt"/>
        <line num="328" count="1" type="stmt"/>
      </file>
    </package>
    <package name="components.layout.header.mobile-menu">
      <metrics statements="14" coveredstatements="14" conditionals="1" coveredconditionals="1" methods="1" coveredmethods="1"/>
      <file name="toggle-button.tsx" path="/vercel/sandbox/primary/src/components/layout/header/mobile-menu/toggle-button.tsx">
        <metrics statements="14" coveredstatements="14" conditionals="1" coveredconditionals="1" methods="1" coveredmethods="1"/>
        <line num="1" count="1" type="stmt"/>
        <line num="2" count="1" type="stmt"/>
        <line num="3" count="1" type="stmt"/>
        <line num="4" count="1" type="stmt"/>
        <line num="5" count="1" type="stmt"/>
        <line num="6" count="1" type="stmt"/>
        <line num="7" count="1" type="stmt"/>
        <line num="8" count="1" type="cond" truecount="1" falsecount="0"/>
        <line num="9" count="2" type="stmt"/>
        <line num="10" count="2" type="stmt"/>
        <line num="11" count="2" type="stmt"/>
        <line num="12" count="1" type="stmt"/>
        <line num="13" count="1" type="stmt"/>
        <line num="14" count="1" type="stmt"/>
      </file>
    </package>
    <package name="components.shared">
      <metrics statements="33" coveredstatements="33" conditionals="0" coveredconditionals="0" methods="0" coveredmethods="0"/>
      <file name="index.ts" path="/vercel/sandbox/primary/src/components/shared/index.ts">
        <metrics statements="33" coveredstatements="33" conditionals="0" coveredconditionals="0" methods="0" coveredmethods="0"/>
        <line num="1" count="1" type="stmt"/>
        <line num="2" count="1" type="stmt"/>
        <line num="3" count="1" type="stmt"/>
        <line num="4" count="1" type="stmt"/>
        <line num="5" count="1" type="stmt"/>
        <line num="6" count="1" type="stmt"/>
        <line num="7" count="1" type="stmt"/>
        <line num="8" count="1" type="stmt"/>
        <line num="9" count="1" type="stmt"/>
        <line num="10" count="1" type="stmt"/>
        <line num="11" count="1" type="stmt"/>
        <line num="12" count="1" type="stmt"/>
        <line num="13" count="1" type="stmt"/>
        <line num="14" count="1" type="stmt"/>
        <line num="15" count="1" type="stmt"/>
        <line num="16" count="1" type="stmt"/>
        <line num="17" count="1" type="stmt"/>
        <line num="18" count="1" type="stmt"/>
        <line num="19" count="1" type="stmt"/>
        <line num="20" count="1" type="stmt"/>
        <line num="21" count="1" type="stmt"/>
        <line num="22" count="1" type="stmt"/>
        <line num="23" count="1" type="stmt"/>
        <line num="24" count="1" type="stmt"/>
        <line num="25" count="1" type="stmt"/>
        <line num="26" count="1" type="stmt"/>
        <line num="27" count="1" type="stmt"/>
        <line num="28" count="1" type="stmt"/>
        <line num="29" count="1" type="stmt"/>
        <line num="30" count="1" type="stmt"/>
        <line num="31" count="1" type="stmt"/>
        <line num="32" count="1" type="stmt"/>
        <line num="33" count="1" type="stmt"/>
      </file>
    </package>
    <package name="components.shared.services">
      <metrics statements="204" coveredstatements="104" conditionals="1" coveredconditionals="1" methods="9" coveredmethods="1"/>
      <file name="index.ts" path="/vercel/sandbox/primary/src/components/shared/services/index.ts">
        <metrics statements="2" coveredstatements="2" conditionals="0" coveredconditionals="0" methods="0" coveredmethods="0"/>
        <line num="1" count="1" type="stmt"/>
        <line num="2" count="1" type="stmt"/>
      </file>
      <file name="performance-metrics-methods.ts" path="/vercel/sandbox/primary/src/components/shared/services/performance-metrics-methods.ts">
        <metrics statements="63" coveredstatements="28" conditionals="0" coveredconditionals="0" methods="2" coveredmethods="0"/>
        <line num="1" count="1" type="stmt"/>
        <line num="2" count="1" type="stmt"/>
        <line num="3" count="1" type="stmt"/>
        <line num="4" count="1" type="stmt"/>
        <line num="5" count="1" type="stmt"/>
        <line num="6" count="1" type="stmt"/>
        <line num="7" count="1" type="stmt"/>
        <line num="8" count="1" type="stmt"/>
        <line num="9" count="1" type="stmt"/>
        <line num="10" count="1" type="stmt"/>
        <line num="11" count="1" type="stmt"/>
        <line num="12" count="1" type="stmt"/>
        <line num="13" count="1" type="stmt"/>
        <line num="14" count="1" type="stmt"/>
        <line num="15" count="1" type="stmt"/>
        <line num="16" count="1" type="stmt"/>
        <line num="17" count="1" type="stmt"/>
        <line num="18" count="1" type="stmt"/>
        <line num="19" count="1" type="stmt"/>
        <line num="20" count="1" type="stmt"/>
        <line num="21" count="1" type="stmt"/>
        <line num="22" count="1" type="stmt"/>
        <line num="23" count="1" type="stmt"/>
        <line num="24" count="1" type="stmt"/>
        <line num="25" count="1" type="stmt"/>
        <line num="26" count="1" type="stmt"/>
        <line num="27" count="0" type="stmt"/>
        <line num="28" count="0" type="stmt"/>
        <line num="29" count="0" type="stmt"/>
        <line num="30" count="0" type="stmt"/>
        <line num="31" count="0" type="stmt"/>
        <line num="32" count="0" type="stmt"/>
        <line num="33" count="0" type="stmt"/>
        <line num="34" count="0" type="stmt"/>
        <line num="35" count="0" type="stmt"/>
        <line num="36" count="0" type="stmt"/>
        <line num="37" count="0" type="stmt"/>
        <line num="38" count="0" type="stmt"/>
        <line num="39" count="0" type="stmt"/>
        <line num="40" count="0" type="stmt"/>
        <line num="41" count="0" type="stmt"/>
        <line num="42" count="0" type="stmt"/>
        <line num="43" count="0" type="stmt"/>
        <line num="44" count="0" type="stmt"/>
        <line num="45" count="0" type="stmt"/>
        <line num="46" count="0" type="stmt"/>
        <line num="47" count="1" type="stmt"/>
        <line num="48" count="1" type="stmt"/>
        <line num="49" count="0" type="stmt"/>
        <line num="50" count="0" type="stmt"/>
        <line num="51" count="0" type="stmt"/>
        <line num="52" count="0" type="stmt"/>
        <line num="53" count="0" type="stmt"/>
        <line num="54" count="0" type="stmt"/>
        <line num="55" count="0" type="stmt"/>
        <line num="56" count="0" type="stmt"/>
        <line num="57" count="0" type="stmt"/>
        <line num="58" count="0" type="stmt"/>
        <line num="59" count="0" type="stmt"/>
        <line num="60" count="0" type="stmt"/>
        <line num="61" count="0" type="stmt"/>
        <line num="62" count="0" type="stmt"/>
        <line num="63" count="0" type="stmt"/>
      </file>
      <file name="trading-times-service.ts" path="/vercel/sandbox/primary/src/components/shared/services/trading-times-service.ts">
        <metrics statements="127" coveredstatements="66" conditionals="1" coveredconditionals="1" methods="5" coveredmethods="1"/>
        <line num="1" count="1" type="stmt"/>
        <line num="2" count="1" type="stmt"/>
        <line num="3" count="1" type="stmt"/>
        <line num="4" count="1" type="stmt"/>
        <line num="5" count="1" type="stmt"/>
        <line num="6" count="1" type="stmt"/>
        <line num="7" count="1" type="stmt"/>
        <line num="8" count="1" type="stmt"/>
        <line num="9" count="1" type="stmt"/>
        <line num="10" count="1" type="stmt"/>
        <line num="11" count="1" type="stmt"/>
        <line num="12" count="1" type="stmt"/>
        <line num="13" count="1" type="stmt"/>
        <line num="14" count="1" type="stmt"/>
        <line num="15" count="1" type="stmt"/>
        <line num="16" count="1" type="stmt"/>
        <line num="17" count="1" type="stmt"/>
        <line num="18" count="1" type="stmt"/>
        <line num="19" count="1" type="stmt"/>
        <line num="20" count="1" type="stmt"/>
        <line num="21" count="1" type="stmt"/>
        <line num="22" count="1" type="stmt"/>
        <line num="23" count="1" type="stmt"/>
        <line num="24" count="1" type="stmt"/>
        <line num="25" count="1" type="stmt"/>
        <line num="26" count="1" type="stmt"/>
        <line num="27" count="1" type="stmt"/>
        <line num="28" count="1" type="stmt"/>
        <line num="29" count="1" type="stmt"/>
        <line num="30" count="1" type="stmt"/>
        <line num="31" count="1" type="stmt"/>
        <line num="32" count="1" type="stmt"/>
        <line num="33" count="1" type="stmt"/>
        <line num="34" count="1" type="stmt"/>
        <line num="35" count="1" type="stmt"/>
        <line num="36" count="1" type="stmt"/>
        <line num="37" count="1" type="cond" truecount="1" falsecount="0"/>
        <line num="38" count="1" type="stmt"/>
        <line num="39" count="1" type="stmt"/>
        <line num="40" count="1" type="stmt"/>
        <line num="41" count="1" type="stmt"/>
        <line num="42" count="1" type="stmt"/>
        <line num="43" count="1" type="stmt"/>
        <line num="44" count="1" type="stmt"/>
        <line num="45" count="1" type="stmt"/>
        <line num="46" count="1" type="stmt"/>
        <line num="47" count="1" type="stmt"/>
        <line num="48" count="0" type="stmt"/>
        <line num="49" count="0" type="stmt"/>
        <line num="50" count="0" type="stmt"/>
        <line num="51" count="0" type="stmt"/>
        <line num="52" count="0" type="stmt"/>
        <line num="53" count="0" type="stmt"/>
        <line num="54" count="0" type="stmt"/>
        <line num="55" count="0" type="stmt"/>
        <line num="56" count="0" type="stmt"/>
        <line num="57" count="0" type="stmt"/>
        <line num="58" count="0" type="stmt"/>
        <line num="59" count="0" type="stmt"/>
        <line num="60" count="0" type="stmt"/>
[...]
        <line num="167" count="1" type="stmt"/>
        <line num="168" count="1" type="stmt"/>
        <line num="169" count="1" type="stmt"/>
        <line num="170" count="1" type="stmt"/>
        <line num="171" count="1" type="stmt"/>
        <line num="172" count="1" type="stmt"/>
        <line num="173" count="1" type="stmt"/>
        <line num="174" count="1" type="stmt"/>
        <line num="175" count="1" type="stmt"/>
        <line num="176" count="1" type="stmt"/>
        <line num="177" count="1" type="stmt"/>
        <line num="178" count="1" type="stmt"/>
        <line num="179" count="1" type="stmt"/>
        <line num="180" count="1" type="stmt"/>
        <line num="181" count="1" type="stmt"/>
        <line num="182" count="1" type="stmt"/>
        <line num="183" count="1" type="stmt"/>
        <line num="184" count="1" type="stmt"/>
        <line num="185" count="1" type="stmt"/>
        <line num="186" count="1" type="stmt"/>
        <line num="187" count="1" type="stmt"/>
        <line num="188" count="1" type="stmt"/>
        <line num="189" count="1" type="stmt"/>
        <line num="190" count="1" type="stmt"/>
        <line num="191" count="1" type="stmt"/>
        <line num="192" count="1" type="stmt"/>
        <line num="193" count="143" type="cond" truecount="1" falsecount="0"/>
        <line num="194" count="143" type="cond" truecount="1" falsecount="0"/>
        <line num="195" count="2" type="stmt"/>
        <line num="196" count="2" type="stmt"/>
        <line num="197" count="141" type="cond" truecount="1" falsecount="0"/>
        <line num="198" count="143" type="cond" truecount="1" falsecount="0"/>
        <line num="199" count="1" type="cond" truecount="1" falsecount="0"/>
        <line num="200" count="2" type="cond" truecount="0" falsecount="1"/>
        <line num="201" count="1" type="stmt"/>
        <line num="202" count="143" type="cond" truecount="1" falsecount="0"/>
        <line num="203" count="140" type="cond" truecount="1" falsecount="0"/>
        <line num="204" count="50" type="cond" truecount="0" falsecount="1"/>
        <line num="205" count="140" type="stmt"/>
        <line num="206" count="140" type="stmt"/>
        <line num="207" count="143" type="stmt"/>
        <line num="208" count="1" type="stmt"/>
        <line num="209" count="1" type="stmt"/>
        <line num="210" count="1" type="stmt"/>
        <line num="211" count="1" type="stmt"/>
        <line num="212" count="16" type="cond" truecount="1" falsecount="0"/>
        <line num="213" count="16" type="cond" truecount="1" falsecount="0"/>
        <line num="214" count="2" type="stmt"/>
        <line num="215" count="2" type="stmt"/>
        <line num="216" count="14" type="cond" truecount="1" falsecount="0"/>
        <line num="217" count="14" type="stmt"/>
        <line num="218" count="14" type="stmt"/>
        <line num="219" count="14" type="stmt"/>
        <line num="220" count="16" type="cond" truecount="1" falsecount="0"/>
        <line num="221" count="147" type="cond" truecount="1" falsecount="0"/>
        <line num="222" count="8" type="stmt"/>
        <line num="223" count="8" type="stmt"/>
        <line num="224" count="147" type="stmt"/>
        <line num="225" count="6" type="cond" truecount="1" falsecount="0"/>
        <line num="226" count="6" type="stmt"/>
        <line num="227" count="6" type="stmt"/>
        <line num="228" count="16" type="cond" truecount="1" falsecount="0"/>
        <line num="229" count="111" type="cond" truecount="1" falsecount="0"/>
        <line num="230" count="1" type="stmt"/>
        <line num="231" count="1" type="stmt"/>
        <line num="232" count="111" type="stmt"/>
        <line num="233" count="5" type="cond" truecount="1" falsecount="0"/>
        <line num="234" count="5" type="stmt"/>
        <line num="235" count="5" type="stmt"/>
        <line num="236" count="1" type="stmt"/>
        <line num="237" count="1" type="stmt"/>
        <line num="238" count="1" type="stmt"/>
        <line num="239" count="1" type="stmt"/>
        <line num="240" count="424" type="cond" truecount="1" falsecount="0"/>
        <line num="241" count="424" type="cond" truecount="0" falsecount="1"/>
        <line num="242" count="0" type="stmt"/>
        <line num="243" count="0" type="stmt"/>
        <line num="244" count="424" type="stmt"/>
        <line num="245" count="424" type="stmt"/>
        <line num="246" count="424" type="stmt"/>
        <line num="247" count="424" type="stmt"/>
        <line num="248" count="424" type="cond" truecount="1" falsecount="0"/>
        <line num="249" count="33072" type="stmt"/>
        <line num="250" count="33072" type="stmt"/>
        <line num="251" count="33072" type="stmt"/>
        <line num="252" count="424" type="stmt"/>
        <line num="253" count="424" type="stmt"/>
        <line num="254" count="424" type="stmt"/>
        <line num="255" count="424" type="stmt"/>
        <line num="256" count="424" type="stmt"/>
        <line num="257" count="424" type="stmt"/>
        <line num="258" count="424" type="stmt"/>
        <line num="259" count="424" type="stmt"/>
        <line num="260" count="424" type="stmt"/>
        <line num="261" count="424" type="stmt"/>
        <line num="262" count="424" type="stmt"/>
        <line num="263" count="424" type="stmt"/>
        <line num="264" count="424" type="stmt"/>
        <line num="265" count="1" type="stmt"/>
        <line num="266" count="1" type="stmt"/>
        <line num="267" count="1" type="stmt"/>
        <line num="268" count="1" type="stmt"/>
        <line num="269" count="149" type="cond" truecount="1" falsecount="0"/>
        <line num="270" count="149" type="cond" truecount="0" falsecount="1"/>
        <line num="271" count="0" type="stmt"/>
        <line num="272" count="0" type="stmt"/>
        <line num="273" count="149" type="stmt"/>
        <line num="274" count="149" type="stmt"/>
        <line num="275" count="149" type="stmt"/>
        <line num="276" count="149" type="cond" truecount="1" falsecount="0"/>
        <line num="277" count="281" type="stmt"/>
        <line num="278" count="281" type="stmt"/>
        <line num="279" count="281" type="stmt"/>
        <line num="280" count="281" type="stmt"/>
        <line num="281" count="281" type="stmt"/>
        <line num="282" count="281" type="stmt"/>
        <line num="283" count="281" type="stmt"/>
        <line num="284" count="281" type="stmt"/>
        <line num="285" count="281" type="stmt"/>
        <line num="286" count="281" type="stmt"/>
        <line num="287" count="281" type="stmt"/>
        <line num="288" count="281" type="stmt"/>
        <line num="289" count="281" type="stmt"/>
        <line num="290" count="281" type="stmt"/>
        <line num="291" count="281" type="stmt"/>
        <line num="292" count="281" type="stmt"/>
        <line num="293" count="281" type="stmt"/>
        <line num="294" count="281" type="stmt"/>
        <line num="295" count="281" type="stmt"/>
        <line num="296" count="281" type="stmt"/>
        <line num="297" count="281" type="stmt"/>
        <line num="298" count="281" type="stmt"/>
        <line num="299" count="281" type="stmt"/>
        <line num="300" count="281" type="stmt"/>
        <line num="301" count="281" type="stmt"/>
        <line num="302" count="281" type="stmt"/>
        <line num="303" count="281" type="stmt"/>
        <line num="304" count="281" type="stmt"/>
        <line num="305" count="281" type="stmt"/>
        <line num="306" count="281" type="stmt"/>
        <line num="307" count="281" type="stmt"/>
        <line num="308" count="281" type="stmt"/>
        <line num="309" count="281" type="stmt"/>
        <line num="310" count="281" type="stmt"/>
        <line num="311" count="281" type="stmt"/>
        <line num="312" count="281" type="stmt"/>
        <line num="313" count="281" type="stmt"/>
        <line num="314" count="281" type="stmt"/>
        <line num="315" count="281" type="stmt"/>
        <line num="316" count="281" type="stmt"/>
        <line num="317" count="281" type="stmt"/>
        <line num="318" count="281" type="stmt"/>
        <line num="319" count="281" type="stmt"/>
        <line num="320" count="281" type="stmt"/>
        <line num="321" count="281" type="stmt"/>
        <line num="322" count="281" type="stmt"/>
        <line num="323" count="281" type="stmt"/>
        <line num="324" count="281" type="stmt"/>
        <line num="325" count="281" type="cond" truecount="1" falsecount="0"/>
        <line num="326" count="149" type="stmt"/>
        <line num="327" count="149" type="stmt"/>
        <line num="328" count="281" type="stmt"/>
        <line num="329" count="149" type="stmt"/>
        <line num="330" count="149" type="stmt"/>
        <line num="331" count="149" type="stmt"/>
        <line num="332" count="1" type="stmt"/>
        <line num="333" count="1" type="stmt"/>
        <line num="334" count="1" type="stmt"/>
        <line num="335" count="1" type="stmt"/>
        <line num="336" count="141" type="cond" truecount="1" falsecount="0"/>
        <line num="337" count="141" type="cond" truecount="2" falsecount="0"/>
        <line num="338" count="4" type="stmt"/>
        <line num="339" count="4" type="stmt"/>
        <line num="340" count="137" type="cond" truecount="1" falsecount="0"/>
        <line num="341" count="137" type="stmt"/>
        <line num="342" count="137" type="stmt"/>
        <line num="343" count="137" type="stmt"/>
        <line num="344" count="137" type="stmt"/>
        <line num="345" count="141" type="cond" truecount="1" falsecount="0"/>
        <line num="346" count="4" type="stmt"/>
        <line num="347" count="4" type="stmt"/>
        <line num="348" count="137" type="cond" truecount="1" falsecount="0"/>
        <line num="349" count="137" type="stmt"/>
        <line num="350" count="137" type="stmt"/>
        <line num="351" count="137" type="stmt"/>
        <line num="352" count="137" type="stmt"/>
        <line num="353" count="137" type="stmt"/>
        <line num="354" count="137" type="stmt"/>
        <line num="355" count="137" type="stmt"/>
        <line num="356" count="137" type="stmt"/>
        <line num="357" count="137" type="stmt"/>
        <line num="358" count="137" type="stmt"/>
        <line num="359" count="137" type="stmt"/>
        <line num="360" count="137" type="stmt"/>
        <line num="361" count="137" type="stmt"/>
        <line num="362" count="1" type="stmt"/>
        <line num="363" count="1" type="stmt"/>
        <line num="364" count="1" type="stmt"/>
        <line num="365" count="1" type="stmt"/>
        <line num="366" count="4" type="cond" truecount="1" falsecount="0"/>
        <line num="367" count="4" type="cond" truecount="0" falsecount="1"/>
        <line num="368" count="0" type="stmt"/>
        <line num="369" count="0" type="stmt"/>
        <line num="370" count="4" type="stmt"/>
        <line num="371" count="4" type="stmt"/>
        <line num="372" count="4" type="stmt"/>
        <line num="373" count="4" type="stmt"/>
        <line num="374" count="4" type="stmt"/>
        <line num="375" count="4" type="cond" truecount="0" falsecount="1"/>
        <line num="376" count="0" type="stmt"/>
        <line num="377" count="0" type="stmt"/>
        <line num="378" count="4" type="stmt"/>
        <line num="379" count="4" type="stmt"/>
        <line num="380" count="4" type="stmt"/>
        <line num="381" count="4" type="stmt"/>
        <line num="382" count="4" type="stmt"/>
        <line num="383" count="4" type="stmt"/>
        <line num="384" count="4" type="stmt"/>
        <line num="385" count="4" type="stmt"/>
        <line num="386" count="4" type="cond" truecount="0" falsecount="1"/>
        <line num="387" count="4" type="cond" truecount="0" falsecount="1"/>
        <line num="388" count="4" type="stmt"/>
        <line num="389" count="4" type="stmt"/>
        <line num="390" count="4" type="stmt"/>
        <line num="391" count="4" type="stmt"/>
        <line num="392" count="4" type="cond" truecount="0" falsecount="1"/>
        <line num="393" count="4" type="stmt"/>
        <line num="394" count="4" type="stmt"/>
        <line num="395" count="4" type="stmt"/>
        <line num="396" count="4" type="stmt"/>
        <line num="397" count="4" type="stmt"/>
        <line num="398" count="4" type="stmt"/>
        <line num="399" count="4" type="stmt"/>
        <line num="400" count="4" type="stmt"/>
        <line num="401" count="4" type="stmt"/>
        <line num="402" count="4" type="stmt"/>
        <line num="403" count="4" type="stmt"/>
        <line num="404" count="4" type="cond" truecount="0" falsecount="1"/>
        <line num="405" count="0" type="stmt"/>
        <line num="406" count="0" type="stmt"/>
        <line num="407" count="0" type="stmt"/>
        <line num="408" count="0" type="stmt"/>
        <line num="409" count="4" type="stmt"/>
        <line num="410" count="4" type="stmt"/>
        <line num="411" count="4" type="stmt"/>
        <line num="412" count="1" type="stmt"/>
        <line num="413" count="1" type="stmt"/>
        <line num="414" count="1" type="stmt"/>
        <line num="415" count="1" type="stmt"/>
        <line num="416" count="11" type="cond" truecount="1" falsecount="0"/>
        <line num="417" count="11" type="stmt"/>
        <line num="418" count="11" type="stmt"/>
        <line num="419" count="11" type="stmt"/>
        <line num="420" count="11" type="stmt"/>
        <line num="421" count="11" type="stmt"/>
        <line num="422" count="1" type="stmt"/>
        <line num="423" count="1" type="stmt"/>
        <line num="424" count="1" type="stmt"/>
        <line num="425" count="1" type="stmt"/>
        <line num="426" count="5" type="cond" truecount="1" falsecount="0"/>
        <line num="427" count="5" type="cond" truecount="0" falsecount="1"/>
        <line num="428" count="0" type="stmt"/>
        <line num="429" count="0" type="stmt"/>
        <line num="430" count="5" type="stmt"/>
        <line num="431" count="5" type="stmt"/>
        <line num="432" count="5" type="stmt"/>
        <line num="433" count="5" type="stmt"/>
        <line num="434" count="5" type="stmt"/>
        <line num="435" count="5" type="cond" truecount="1" falsecount="0"/>
        <line num="436" count="3" type="stmt"/>
        <line num="437" count="3" type="stmt"/>
        <line num="438" count="2" type="cond" truecount="1" falsecount="0"/>
        <line num="439" count="2" type="stmt"/>
        <line num="440" count="2" type="stmt"/>
        <line num="441" count="2" type="stmt"/>
        <line num="442" count="2" type="stmt"/>
        <line num="443" count="2" type="stmt"/>
        <line num="444" count="2" type="cond" truecount="1" falsecount="0"/>
        <line num="445" count="1" type="stmt"/>
        <line num="446" count="1" type="stmt"/>
        <line num="447" count="2" type="stmt"/>
        <line num="448" count="2" type="stmt"/>
        <line num="449" count="2" type="stmt"/>
        <line num="450" count="5" type="cond" truecount="1" falsecount="0"/>
        <line num="451" count="1" type="stmt"/>
        <line num="452" count="1" type="stmt"/>
        <line num="453" count="1" type="stmt"/>
        <line num="454" count="2" type="cond" truecount="1" falsecount="0"/>
        <line num="455" count="2" type="stmt"/>
        <line num="456" count="2" type="stmt"/>
        <line num="457" count="1" type="stmt"/>
        <line num="458" count="1" type="stmt"/>
        <line num="459" count="1" type="stmt"/>
        <line num="460" count="1" type="stmt"/>
        <line num="461" count="4" type="cond" truecount="1" falsecount="0"/>
        <line num="462" count="4" type="stmt"/>
        <line num="463" count="4" type="stmt"/>
        <line num="464" count="4" type="stmt"/>
        <line num="465" count="4" type="stmt"/>
        <line num="466" count="4" type="stmt"/>
        <line num="467" count="4" type="cond" truecount="1" falsecount="0"/>
        <line num="468" count="1" type="stmt"/>
        <line num="469" count="4" type="cond" truecount="1" falsecount="0"/>
        <line num="470" count="1" type="stmt"/>
        <line num="471" count="4" type="cond" truecount="1" falsecount="0"/>
        <line num="472" count="4" type="cond" truecount="1" falsecount="0"/>
        <line num="473" count="2" type="stmt"/>
        <line num="474" count="4" type="stmt"/>
        <line num="475" count="4" type="stmt"/>
        <line num="476" count="1" type="stmt"/>
        <line num="477" count="1" type="stmt"/>
        <line num="478" count="1" type="stmt"/>
        <line num="479" count="1" type="stmt"/>
        <line num="480" count="3" type="cond" truecount="1" falsecount="0"/>
        <line num="481" count="3" type="stmt"/>
        <line num="482" count="3" type="stmt"/>
        <line num="483" count="3" type="stmt"/>
        <line num="484" count="3" type="stmt"/>
        <line num="485" count="3" type="stmt"/>
        <line num="486" count="3" type="stmt"/>
        <line num="487" count="3" type="stmt"/>
        <line num="488" count="3" type="stmt"/>
        <line num="489" count="3" type="stmt"/>
        <line num="490" count="3" type="stmt"/>
        <line num="491" count="3" type="stmt"/>
        <line num="492" count="3" type="stmt"/>
        <line num="493" count="3" type="stmt"/>
        <line num="494" count="3" type="cond" truecount="1" falsecount="0"/>
        <line num="495" count="3" type="cond" truecount="1" falsecount="0"/>
        <line num="496" count="3" type="stmt"/>
        <line num="497" count="3" type="cond" truecount="2" falsecount="0"/>
        <line num="498" count="3" type="stmt"/>
        <line num="499" count="1" type="stmt"/>
        <line num="500" count="1" type="stmt"/>
        <line num="501" count="1" type="stmt"/>
        <line num="502" count="1" type="stmt"/>
        <line num="503" count="1" type="stmt"/>
      </file>
    </package>
    <package name="utils.tmp">
      <metrics statements="32" coveredstatements="18" conditionals="0" coveredconditionals="0" methods="2" coveredmethods="0"/>
      <file name="dummy.tsx" path="/vercel/sandbox/primary/src/utils/tmp/dummy.tsx">
        <metrics statements="32" coveredstatements="18" conditionals="0" coveredconditionals="0" methods="2" coveredmethods="0"/>
        <line num="1" count="1" type="stmt"/>
        <line num="2" count="1" type="stmt"/>
        <line num="3" count="1" type="stmt"/>
        <line num="4" count="1" type="stmt"/>
        <line num="5" count="1" type="stmt"/>
        <line num="6" count="1" type="stmt"/>
        <line num="7" count="1" type="stmt"/>
        <line num="8" count="1" type="stmt"/>
        <line num="9" count="1" type="stmt"/>
        <line num="10" count="1" type="stmt"/>
        <line num="11" count="1" type="stmt"/>
        <line num="12" count="1" type="stmt"/>
        <line num="13" count="1" type="stmt"/>
        <line num="14" count="1" type="stmt"/>
        <line num="15" count="0" type="stmt"/>
        <line num="16" count="0" type="stmt"/>
        <line num="17" count="0" type="stmt"/>
        <line num="18" count="0" type="stmt"/>
        <line num="19" count="0" type="stmt"/>
        <line num="20" count="0" type="stmt"/>
        <line num="21" count="0" type="stmt"/>
        <line num="22" count="0" type="stmt"/>
        <line num="23" count="0" type="stmt"/>
        <line num="24" count="0" type="stmt"/>
        <line num="25" count="0" type="stmt"/>
        <line num="26" count="1" type="stmt"/>
        <line num="27" count="1" type="stmt"/>
        <line num="28" count="1" type="stmt"/>
        <line num="29" count="1" type="stmt"/>
        <line num="30" count="0" type="stmt"/>
        <line num="31" count="0" type="stmt"/>
        <line num="32" count="0" type="stmt"/>
      </file>
    </package>
  </project>
</coverage>
