TN:
SF:src/adapters/smartcharts-champion/index.ts
FN:28,toTGetQuotesResult
FN:88,toTQuoteFromStream
FN:121,toActiveSymbols
FN:154,toTradingTimesMap
FN:212,buildSmartchartsChampionAdapter
FN:223,logger.log
FN:224,logger.warn
FN:235,getQuotes
FN:277,subscribeQuotes
FN:308,unsubscribe
FN:326,unsubscribeQuotes
FN:340,getChartData
FNF:12
FNH:10
FNDA:3,toTGetQuotesResult
FNDA:0,toTQuoteFromStream
FNDA:4,toActiveSymbols
FNDA:4,toTradingTimesMap
FNDA:17,buildSmartchartsChampionAdapter
FNDA:0,logger.log
FNDA:1,logger.warn
FNDA:4,getQuotes
FNDA:5,subscribeQuotes
FNDA:2,unsubscribe
FNDA:2,unsubscribeQuotes
FNDA:5,getChartData
DA:1,1
DA:2,1
DA:3,1
DA:4,1
DA:5,1
DA:6,1
DA:7,1
DA:8,1
DA:9,1
DA:10,1
DA:11,1
DA:12,1
DA:13,1
DA:14,1
DA:15,1
DA:16,1
DA:17,1
DA:18,1
DA:19,1
DA:20,1
DA:21,1
DA:22,1
DA:23,1
DA:24,1
DA:25,1
DA:26,1
DA:27,1
DA:28,1
DA:29,3
DA:30,3
DA:31,3
DA:32,0
DA:33,0
DA:34,3
DA:35,3
DA:36,3
DA:37,3
DA:38,3
DA:39,3
DA:40,1
DA:41,1
DA:42,1
DA:43,3
DA:44,3
DA:45,3
DA:46,3
DA:47,3
DA:48,3
DA:49,1
DA:50,1
DA:51,2
DA:52,2
DA:53,2
DA:54,2
DA:55,2
DA:56,2
DA:57,2
DA:58,2
DA:59,2
DA:60,2
DA:61,2
DA:62,2
DA:63,2
DA:64,0
DA:65,0
DA:66,0
DA:67,0
DA:68,0
DA:69,0
DA:70,0
DA:71,0
DA:72,0
DA:73,0
DA:74,3
DA:75,3
DA:76,3
DA:77,3
DA:78,3
DA:79,3
DA:80,3
DA:81,3
DA:82,3
DA:83,1
DA:84,1
DA:85,1
DA:86,1
DA:87,1
DA:88,1
DA:89,0
DA:90,0
DA:91,0
DA:92,0
DA:93,0
DA:94,0
DA:95,0
DA:96,0
DA:97,0
DA:98,0
DA:99,0
DA:100,0
DA:101,0
DA:102,0
DA:103,0
DA:104,0
DA:105,0
DA:106,0
DA:107,0
DA:108,0
DA:109,0
DA:110,0
DA:111,0
DA:112,0
DA:113,0
DA:114,0
DA:115,0
DA:116,1
DA:117,1
DA:118,1
DA:119,1
DA:120,1
DA:121,1
DA:122,4
DA:123,4
DA:124,4
DA:125,0
DA:126,0
DA:127,4
DA:128,4
DA:129,2
DA:130,2
DA:131,2
DA:132,2
DA:133,2
DA:134,2
DA:135,2
DA:136,2
DA:137,2
DA:138,2
DA:139,2
DA:140,2
DA:141,2
DA:142,2
DA:143,2
DA:144,2
DA:145,2
DA:146,4
DA:147,4
DA:148,1
DA:149,1
DA:150,1
DA:151,1
DA:152,1
DA:153,1
DA:154,1
DA:155,4
DA:156,4
DA:157,4
DA:158,0
DA:159,0
DA:160,4
DA:161,4
DA:162,3
DA:163,3
DA:164,3
DA:165,3
DA:166,3
DA:167,3
DA:168,3
DA:169,3
DA:170,3
DA:171,3
DA:172,3
DA:173,3
DA:174,3
DA:175,3
DA:176,0
DA:177,0
DA:178,0
DA:179,0
DA:180,0
DA:181,0
DA:182,0
DA:183,0
DA:184,0
DA:185,0
DA:186,0
DA:187,0
DA:188,0
DA:189,0
DA:190,0
DA:191,0
DA:192,0
DA:193,0
DA:194,0
DA:195,0
DA:196,0
DA:197,0
DA:198,3
DA:199,4
DA:200,4
DA:201,4
DA:202,1
DA:203,1
DA:204,1
DA:205,1
DA:206,1
DA:207,1
DA:208,1
DA:209,1
DA:210,1
DA:211,1
DA:212,17
DA:213,17
DA:214,17
DA:215,17
DA:216,17
DA:217,17
DA:218,17
DA:219,17
DA:220,17
DA:221,17
DA:222,17
DA:223,17
DA:224,17
DA:225,17
DA:226,17
DA:227,17
DA:228,17
DA:229,17
DA:230,17
DA:231,17
DA:232,17
DA:233,17
DA:234,17
DA:235,17
DA:236,4
DA:237,4
DA:238,4
DA:239,4
DA:240,4
DA:241,4
DA:242,4
DA:243,4
DA:244,4
DA:245,4
DA:246,4
DA:247,2
DA:248,2
DA:249,2
DA:250,2
DA:251,2
DA:252,4
DA:253,4
DA:254,4
DA:255,1
DA:256,1
DA:257,1
DA:258,4
DA:259,4
DA:260,3
DA:261,3
DA:262,4
DA:263,1
DA:264,1
DA:265,1
DA:266,1
DA:267,1
DA:268,1
DA:269,1
DA:270,1
DA:271,1
DA:272,17
DA:273,17
DA:274,17
DA:275,17
DA:276,17
DA:277,17
DA:278,5
DA:279,5
DA:280,5
DA:281,5
DA:282,5
DA:283,5
DA:284,5
DA:285,5
DA:286,5
DA:287,5
DA:288,5
DA:289,4
DA:290,5
DA:291,1
DA:292,1
DA:293,1
DA:294,5
DA:295,5
DA:296,5
DA:297,0
DA:298,0
DA:299,0
DA:300,0
DA:301,0
DA:302,0
DA:303,0
DA:304,0
DA:305,5
DA:306,5
DA:307,5
DA:308,5
DA:309,2
DA:310,2
DA:311,5
DA:312,5
DA:313,5
DA:314,5
DA:315,5
DA:316,5
DA:317,5
DA:318,1
DA:319,1
DA:320,1
DA:321,17
DA:322,17
DA:323,17
DA:324,17
DA:325,17
DA:326,17
DA:327,2
DA:328,2
DA:329,2
DA:330,2
DA:331,1
DA:332,1
DA:333,1
DA:334,1
DA:335,17
DA:336,17
DA:337,17
DA:338,17
DA:339,17
DA:340,17
DA:341,5
DA:342,5
DA:343,5
DA:344,5
DA:345,5
DA:346,5
DA:347,4
DA:348,4
DA:349,4
DA:350,4
DA:351,4
DA:352,5
DA:353,1
DA:354,1
DA:355,1
DA:356,1
DA:357,1
DA:358,1
DA:359,17
DA:360,17
DA:361,17
DA:362,17
DA:363,17
DA:364,1
DA:365,1
DA:366,1
LF:366
LH:293
BRDA:28,0,0,3
BRDA:31,1,0,0
BRDA:36,2,0,0
BRDA:39,3,0,1
BRDA:39,4,0,1
BRDA:42,5,0,3
BRDA:51,6,0,2
BRDA:64,7,0,0
BRDA:53,8,0,2
BRDA:121,9,0,4
BRDA:124,10,0,0
BRDA:128,11,0,2
BRDA:131,12,0,0
BRDA:133,13,0,0
BRDA:133,14,0,0
BRDA:137,15,0,1
BRDA:137,16,0,1
BRDA:140,17,0,1
BRDA:140,18,0,1
BRDA:141,19,0,1
BRDA:154,20,0,4
BRDA:157,21,0,0
BRDA:161,22,0,3
BRDA:167,23,0,0
BRDA:168,24,0,0
BRDA:172,25,0,0
BRDA:173,26,0,0
BRDA:176,27,0,0
BRDA:212,28,0,17
BRDA:219,29,0,16
BRDA:223,30,0,1
BRDA:223,31,0,16
BRDA:224,32,0,1
BRDA:224,33,0,16
BRDA:224,34,0,1
BRDA:235,35,0,4
BRDA:241,36,0,2
BRDA:246,37,0,2
BRDA:254,38,0,1
BRDA:260,39,0,3
BRDA:262,40,0,1
BRDA:277,41,0,5
BRDA:288,42,0,4
BRDA:290,43,0,1
BRDA:317,44,0,1
BRDA:308,45,0,2
BRDA:319,46,0,1
BRDA:326,47,0,2
BRDA:330,48,0,1
BRDA:340,49,0,5
BRDA:347,50,0,4
BRDA:352,51,0,1
BRF:52
BRH:39
end_of_record
TN:
SF:src/adapters/smartcharts-champion/services.ts
FN:11,log
FN:33,isApiHelpersInitialized
FN:48,transformTradingTimesData
FN:144,createServices
FN:150,getActiveSymbols
FN:189,getTradingTimes
FNF:6
FNH:5
FNDA:0,log
FNDA:9,isApiHelpersInitialized
FNDA:8,transformTradingTimesData
FNDA:19,createServices
FNDA:6,getActiveSymbols
FNDA:12,getTradingTimes
DA:1,1
DA:2,1
DA:3,1
DA:4,1
DA:5,1
DA:6,1
DA:7,1
DA:8,1
DA:9,1
DA:10,1
DA:11,1
DA:12,1
DA:13,1
DA:14,1
DA:15,1
DA:16,1
DA:17,1
DA:18,1
DA:19,1
DA:20,1
DA:21,1
DA:22,1
DA:23,1
DA:24,1
DA:25,1
DA:26,1
DA:27,1
DA:28,1
DA:29,1
DA:30,1
DA:31,1
DA:32,1
DA:33,9
DA:34,9
DA:35,9
DA:36,9
DA:37,9
DA:38,9
DA:39,5
DA:40,9
DA:41,9
DA:42,1
DA:43,1
DA:44,1
DA:45,1
DA:46,1
DA:47,1
DA:48,8
DA:49,8
DA:50,8
DA:51,8
DA:52,8
DA:53,8
DA:54,13
DA:55,13
DA:56,13
DA:57,13
DA:58,13
DA:59,13
DA:60,13
DA:61,13
DA:62,13
DA:63,13
DA:64,4
DA:65,4
DA:66,4
DA:67,9
DA:68,9
DA:69,8
DA:70,8
DA:71,8
DA:72,9
DA:73,9
DA:74,9
DA:75,9
DA:76,9
DA:77,9
DA:78,9
DA:79,9
DA:80,9
DA:81,9
DA:82,9
DA:83,1
DA:84,1
DA:85,9
DA:86,1
DA:87,1
DA:88,8
DA:89,5
DA:90,5
DA:91,5
DA:92,6
DA:93,3
DA:94,3
DA:95,3
DA:96,3
DA:97,3
DA:98,3
DA:99,1
DA:100,3
DA:101,1
DA:102,1
DA:103,1
DA:104,1
DA:105,3
DA:106,3
DA:107,1
DA:108,3
DA:109,1
DA:110,1
DA:111,1
DA:112,1
DA:113,3
DA:114,3
DA:115,3
DA:116,3
DA:117,3
DA:118,3
DA:119,5
DA:120,7
DA:121,2
DA:122,2
DA:123,2
DA:124,2
DA:125,2
DA:126,2
DA:127,2
DA:128,2
DA:129,2
DA:130,2
DA:131,2
DA:132,2
DA:133,2
DA:134,9
DA:135,8
DA:136,8
DA:137,8
DA:138,8
DA:139,1
DA:140,1
DA:141,1
DA:142,1
DA:143,1
DA:144,19
DA:145,19
DA:146,19
DA:147,19
DA:148,19
DA:149,19
DA:150,19
DA:151,6
DA:152,6
DA:153,6
DA:154,6
DA:155,2
DA:156,2
DA:157,4
DA:158,4
DA:159,4
DA:160,3
DA:161,3
DA:162,6
DA:163,1
DA:164,1
DA:165,1
DA:166,2
DA:167,2
DA:168,6
DA:169,3
DA:170,3
DA:171,3
DA:172,3
DA:173,3
DA:174,3
DA:175,1
DA:176,1
DA:177,3
DA:178,0
DA:179,0
DA:180,2
DA:181,2
DA:182,2
DA:183,19
DA:184,19
DA:185,19
DA:186,19
DA:187,19
DA:188,19
DA:189,19
DA:190,12
DA:191,12
DA:192,12
DA:193,12
DA:194,1
DA:195,1
DA:196,1
DA:197,11
DA:198,12
DA:199,1
DA:200,1
DA:201,1
DA:202,10
DA:203,10
DA:204,9
DA:205,9
DA:206,9
DA:207,9
DA:208,12
DA:209,2
DA:210,2
DA:211,2
DA:212,2
DA:213,2
DA:214,2
DA:215,2
DA:216,2
DA:217,1
DA:218,1
DA:219,1
DA:220,2
DA:221,1
DA:222,1
DA:223,1
DA:224,7
DA:225,7
DA:226,12
DA:227,1
DA:228,1
DA:229,1
DA:230,1
DA:231,19
DA:232,19
DA:233,19
LF:233
LH:231
BRDA:33,0,0,9
BRDA:35,1,0,7
BRDA:36,2,0,5
BRDA:37,3,0,5
BRDA:38,4,0,5
BRDA:48,5,0,8
BRDA:53,6,0,0
BRDA:53,7,0,13
BRDA:56,8,0,12
BRDA:57,9,0,11
BRDA:58,10,0,10
BRDA:59,11,0,10
BRDA:60,12,0,10
BRDA:63,13,0,4
BRDA:67,14,0,9
BRDA:71,15,0,9
BRDA:82,16,0,1
BRDA:85,17,0,8
BRDA:85,18,0,1
BRDA:88,19,0,7
BRDA:88,20,0,5
BRDA:88,21,0,5
BRDA:120,22,0,2
BRDA:128,23,0,0
BRDA:131,24,0,0
BRDA:91,25,0,6
BRDA:92,26,0,5
BRDA:92,27,0,4
BRDA:92,28,0,3
BRDA:98,29,0,1
BRDA:100,30,0,2
BRDA:100,31,0,1
BRDA:106,32,0,1
BRDA:108,33,0,2
BRDA:108,34,0,1
BRDA:144,35,0,19
BRDA:150,36,0,6
BRDA:154,37,0,2
BRDA:157,38,0,4
BRDA:160,39,0,3
BRDA:162,40,0,1
BRDA:166,41,0,2
BRDA:168,42,0,3
BRDA:174,43,0,1
BRDA:174,44,0,1
BRDA:177,45,0,0
BRDA:180,46,0,2
BRDA:189,47,0,12
BRDA:193,48,0,1
BRDA:197,49,0,11
BRDA:198,50,0,1
BRDA:202,51,0,10
BRDA:204,52,0,9
BRDA:208,53,0,7
BRDA:208,54,0,2
BRDA:216,55,0,1
BRDA:216,56,0,1
BRDA:221,57,0,1
BRDA:224,58,0,7
BRDA:226,59,0,1
BRDA:228,60,0,0
BRF:61
BRH:56
end_of_record
TN:
SF:src/adapters/smartcharts-champion/transport.ts
FN:11,log
FN:20,createTransport
FN:27,send
FN:40,subscribe
FN:115,unsubscribe
FN:140,unsubscribeAll
FNF:6
FNH:5
FNDA:0,log
FNDA:13,createTransport
FNDA:3,send
FNDA:5,subscribe
FNDA:1,unsubscribe
FNDA:3,unsubscribeAll
DA:1,1
DA:2,1
DA:3,1
DA:4,1
DA:5,1
DA:6,1
DA:7,1
DA:8,1
DA:9,1
DA:10,1
DA:11,1
DA:12,1
DA:13,1
DA:14,1
DA:15,1
DA:16,1
DA:17,1
DA:18,1
DA:19,1
DA:20,13
DA:21,13
DA:22,13
DA:23,13
DA:24,13
DA:25,13
DA:26,13
DA:27,13
DA:28,3
DA:29,1
DA:30,1
DA:31,3
DA:32,13
DA:33,13
DA:34,13
DA:35,13
DA:36,13
DA:37,13
DA:38,13
DA:39,13
DA:40,13
DA:41,5
DA:42,1
DA:43,1
DA:44,4
DA:45,4
DA:46,4
DA:47,4
DA:48,4
DA:49,4
DA:50,4
DA:51,5
DA:52,1
DA:53,1
DA:54,1
DA:55,1
DA:56,1
DA:57,1
DA:58,1
DA:59,0
DA:60,0
DA:61,0
DA:62,1
DA:63,1
DA:64,1
DA:65,1
DA:66,1
DA:67,1
DA:68,5
DA:69,5
DA:70,5
DA:71,5
DA:72,5
DA:73,5
DA:74,5
DA:75,5
DA:76,5
DA:77,5
DA:78,5
DA:79,5
DA:80,5
DA:81,5
DA:82,3
DA:83,3
DA:84,3
DA:85,3
DA:86,3
DA:87,3
DA:88,3
DA:89,3
DA:90,3
DA:91,3
DA:92,3
DA:93,3
DA:94,3
DA:95,0
DA:96,0
DA:97,5
DA:98,5
DA:99,1
DA:100,1
DA:101,1
DA:102,1
DA:103,1
DA:104,1
DA:105,1
DA:106,5
DA:107,5
DA:108,5
DA:109,13
DA:110,13
DA:111,13
DA:112,13
DA:113,13
DA:114,13
DA:115,13
DA:116,1
DA:117,1
DA:118,1
DA:119,0
DA:120,0
DA:121,0
DA:122,0
DA:123,0
DA:124,0
DA:125,0
DA:126,0
DA:127,0
DA:128,0
DA:129,0
DA:130,0
DA:131,1
DA:132,1
DA:133,1
DA:134,13
DA:135,13
DA:136,13
DA:137,13
DA:138,13
DA:139,13
DA:140,13
DA:141,3
DA:142,2
DA:143,1
DA:144,1
DA:145,1
DA:146,1
DA:147,1
DA:148,2
DA:149,3
DA:150,3
DA:151,3
DA:152,13
DA:153,13
DA:154,13
LF:154
LH:137
BRDA:20,0,0,13
BRDA:27,1,0,3
BRDA:28,2,0,1
BRDA:40,3,0,5
BRDA:41,4,0,1
BRDA:44,5,0,4
BRDA:51,6,0,1
BRDA:58,7,0,0
BRDA:81,8,0,3
BRDA:94,9,0,0
BRDA:98,10,0,1
BRDA:115,11,0,1
BRDA:118,12,0,0
BRDA:140,13,0,3
BRDA:141,14,0,2
BRDA:142,15,0,1
BRF:16
BRH:13
end_of_record
TN:
SF:src/app/i18n.ts
FNF:0
FNH:0
DA:1,1
DA:2,1
DA:3,1
DA:4,1
DA:5,1
DA:6,1
DA:7,1
DA:8,1
DA:9,1
DA:10,1
DA:11,1
DA:12,1
DA:13,1
DA:14,1
DA:15,1
DA:16,1
DA:17,1
DA:18,1
DA:19,1
DA:20,1
LF:20
LH:20
BRF:0
BRH:0
end_of_record
TN:
SF:src/components/contract-card-loading/contract-card-running-bot.tsx
FN:8,ContractCardRunningBot
FNF:1
FNH:1
FNDA:2,ContractCardRunningBot
DA:1,1
DA:2,1
DA:3,1
DA:4,1
DA:5,1
DA:6,1
DA:7,1
DA:8,1
DA:9,2
DA:10,2
DA:11,2
DA:12,2
DA:13,2
DA:14,2
DA:15,2
DA:16,2
DA:17,2
DA:18,2
DA:19,2
DA:20,2
DA:21,2
DA:22,1
DA:23,1
DA:24,1
LF:24
LH:24
BRDA:8,0,0,2
BRF:1
BRH:1
end_of_record
TN:
SF:src/components/error-modal/error-modal-content.tsx
FN:10,ErrorModalContent
FN:20,onClick
FNF:2
FNH:2
FNDA:7,ErrorModalContent
FNDA:2,onClick
DA:1,1
DA:2,1
DA:3,1
DA:4,1
DA:5,1
DA:6,1
DA:7,1
DA:8,1
DA:9,1
DA:10,1
DA:11,7
DA:12,7
DA:13,7
DA:14,7
DA:15,7
DA:16,7
DA:17,7
DA:18,7
DA:19,7
DA:20,7
DA:21,7
DA:22,7
DA:23,7
DA:24,7
DA:25,7
DA:26,1
DA:27,1
LF:27
LH:27
BRDA:10,0,0,7
BRDA:20,1,0,2
BRF:2
BRH:2
end_of_record
TN:
SF:src/components/error-modal/error-modal.tsx
FN:17,ErrorModal
FN:25,toggleErrorModal
FNF:2
FNH:1
FNDA:7,ErrorModal
FNDA:0,toggleErrorModal
DA:1,1
DA:2,1
DA:3,1
DA:4,1
DA:5,1
DA:6,1
DA:7,1
DA:8,1
DA:9,1
DA:10,1
DA:11,1
DA:12,1
DA:13,1
DA:14,1
DA:15,1
DA:16,1
DA:17,1
DA:18,7
DA:19,7
DA:20,7
DA:21,7
DA:22,3
DA:23,7
DA:24,7
DA:25,7
DA:26,0
DA:27,7
DA:28,7
DA:29,7
DA:30,7
DA:31,7
DA:32,7
DA:33,7
DA:34,7
DA:35,7
DA:36,7
DA:37,7
DA:38,7
DA:39,7
DA:40,7
DA:41,7
DA:42,7
DA:43,7
DA:44,7
DA:45,7
DA:46,7
DA:47,7
DA:48,7
DA:49,7
DA:50,7
DA:51,1
DA:52,1
LF:52
LH:51
BRDA:17,0,0,7
BRDA:19,1,0,6
BRDA:21,2,0,3
BRF:3
BRH:3
end_of_record
TN:
SF:src/components/layout/app-logo/LogoMark.tsx
FN:19,LogoMark
FN:51,onError
FNF:2
FNH:2
FNDA:8,LogoMark
FNDA:4,onError
DA:1,1
DA:2,1
DA:3,1
DA:4,1
DA:5,1
DA:6,1
DA:7,1
DA:8,1
DA:9,1
DA:10,1
DA:11,1
DA:12,1
DA:13,1
DA:14,1
DA:15,1
DA:16,1
DA:17,1
DA:18,1
DA:19,1
DA:20,8
DA:21,8
DA:22,8
DA:23,8
DA:24,8
DA:25,8
DA:26,8
DA:27,8
DA:28,8
DA:29,8
DA:30,8
DA:31,4
DA:32,4
DA:33,8
DA:34,8
DA:35,8
DA:36,8
DA:37,8
DA:38,8
DA:39,8
DA:40,8
DA:41,8
DA:42,8
DA:43,8
DA:44,8
DA:45,7
DA:46,7
DA:47,7
DA:48,7
DA:49,7
DA:50,7
DA:51,7
DA:52,7
DA:53,8
DA:54,1
DA:55,1
DA:56,1
DA:57,1
DA:58,1
DA:59,1
DA:60,1
DA:61,8
DA:62,8
DA:63,8
DA:64,8
DA:65,8
LF:65
LH:65
BRDA:19,0,0,8
BRDA:39,1,0,7
BRDA:39,2,0,1
BRDA:40,3,0,0
BRDA:44,4,0,7
BRDA:53,5,0,1
BRDA:24,6,0,4
BRDA:25,7,0,4
BRDA:30,8,0,4
BRDA:31,9,0,1
BRDA:31,10,0,3
BRDA:32,11,0,0
BRDA:36,12,0,4
BRDA:51,13,0,4
BRDA:51,14,0,4
BRF:15
BRH:13
end_of_record
TN:
SF:src/components/layout/header/account-switcher.tsx
FN:31,handleIconChange
FN:40,checkTrippleTrick
FN:54,handleClickOutside
FN:59,handleKeyDown
FN:119,getFormattedAccounts
FN:185,onKeyDown
FN:293,onClick
FN:294,onKeyDown
FNF:8
FNH:5
FNDA:16,handleIconChange
FNDA:0,checkTrippleTrick
FNDA:1,handleClickOutside
FNDA:1,handleKeyDown
FNDA:39,getFormattedAccounts
FNDA:0,onKeyDown
FNDA:2,onClick
FNDA:0,onKeyDown
DA:1,1
DA:2,1
DA:3,1
DA:4,1
DA:5,1
DA:6,1
DA:7,1
DA:8,1
DA:9,1
DA:10,1
DA:11,1
DA:12,1
DA:13,1
DA:14,1
DA:15,1
DA:16,1
DA:17,1
DA:18,1
DA:19,1
DA:20,39
DA:21,39
DA:22,39
DA:23,39
DA:24,39
DA:25,39
DA:26,39
DA:27,39
DA:28,39
DA:29,39
DA:30,39
DA:31,16
DA:32,16
DA:33,16
DA:34,16
DA:35,16
DA:36,16
DA:37,39
DA:38,39
DA:39,39
DA:40,16
DA:41,16
DA:42,16
DA:43,16
DA:44,16
DA:45,16
DA:46,16
DA:47,16
DA:48,39
DA:49,39
DA:50,39
DA:51,39
DA:52,39
DA:53,39
DA:54,16
DA:55,1
DA:56,1
DA:57,1
DA:58,16
DA:59,16
DA:60,1
DA:61,16
DA:62,16
DA:63,16
DA:64,16
DA:65,16
DA:66,16
DA:67,16
DA:68,39
DA:69,39
DA:70,39
DA:71,10
DA:72,7
DA:73,39
DA:74,39
DA:75,39
DA:76,39
DA:77,2
DA:78,2
DA:79,2
DA:80,2
DA:81,2
DA:82,2
DA:83,2
DA:84,2
DA:85,2
DA:86,2
DA:87,2
DA:88,2
DA:89,2
DA:90,2
DA:91,1
DA:92,1
DA:93,1
DA:94,1
DA:95,2
DA:96,2
DA:97,1
DA:98,1
DA:99,2
DA:100,2
DA:101,2
DA:102,0
DA:103,2
DA:104,2
DA:105,2
DA:106,39
DA:107,39
DA:108,39
DA:109,39
DA:110,39
DA:111,39
DA:112,1
DA:113,1
DA:114,1
DA:115,39
DA:116,39
DA:117,39
DA:118,39
DA:119,39
DA:120,39
DA:121,39
DA:122,39
DA:123,39
DA:124,39
DA:125,39
DA:126,39
DA:127,39
DA:128,39
DA:129,39
DA:130,39
DA:131,39
DA:132,39
DA:133,77
DA:134,77
DA:135,77
DA:136,77
DA:137,77
DA:138,77
DA:139,77
DA:140,77
DA:141,77
DA:142,77
DA:143,77
DA:144,77
DA:145,0
DA:146,0
DA:147,0
DA:148,0
DA:149,0
DA:150,77
DA:151,77
DA:152,77
DA:153,77
DA:154,39
DA:155,39
DA:156,38
DA:157,38
DA:158,38
DA:159,35
DA:160,0
DA:161,39
DA:162,39
DA:163,39
DA:164,39
DA:165,39
DA:166,38
DA:167,38
DA:168,39
DA:169,39
DA:170,39
DA:171,39
DA:172,39
DA:173,39
DA:174,39
DA:175,39
DA:176,39
DA:177,39
DA:178,39
DA:179,39
DA:180,39
DA:181,39
DA:182,39
DA:183,39
DA:184,39
DA:185,39
DA:186,0
DA:187,0
DA:188,0
DA:189,0
DA:190,39
DA:191,39
DA:192,39
DA:193,39
DA:194,39
DA:195,39
DA:196,39
DA:197,0
DA:198,39
DA:199,9
DA:200,38
DA:201,29
DA:202,39
DA:203,39
DA:204,39
DA:205,35
DA:206,35
DA:207,35
DA:208,35
DA:209,35
DA:210,35
DA:211,35
DA:212,35
DA:213,35
DA:214,35
DA:215,35
DA:216,35
DA:217,35
DA:218,35
DA:219,35
DA:220,39
DA:221,39
DA:222,39
DA:223,38
DA:224,38
DA:225,38
DA:226,38
DA:227,38
DA:228,38
DA:229,38
DA:230,38
DA:231,0
DA:232,38
DA:233,38
DA:234,38
DA:235,38
DA:236,38
DA:237,9
DA:238,9
DA:239,9
DA:240,9
DA:241,9
DA:242,9
DA:243,9
DA:244,9
DA:245,9
DA:246,9
DA:247,9
DA:248,9
DA:249,9
DA:250,9
DA:251,9
DA:252,9
DA:253,9
DA:254,9
DA:255,9
DA:256,9
DA:257,9
DA:258,9
DA:259,9
DA:260,9
DA:261,9
DA:262,9
DA:263,9
DA:264,9
DA:265,9
DA:266,9
DA:267,9
DA:268,9
DA:269,9
DA:270,9
DA:271,9
DA:272,9
DA:273,9
DA:274,9
DA:275,38
DA:276,38
DA:277,39
DA:278,39
DA:279,39
DA:280,39
DA:281,39
DA:282,14
DA:283,14
DA:284,28
DA:285,28
DA:286,28
DA:287,28
DA:288,28
DA:289,28
DA:290,28
DA:291,28
DA:292,28
DA:293,28
DA:294,28
DA:295,0
DA:296,0
DA:297,0
DA:298,0
DA:299,28
DA:300,28
DA:301,28
DA:302,28
DA:303,28
DA:304,28
DA:305,28
DA:306,28
DA:307,28
DA:308,14
DA:309,28
DA:310,14
DA:311,28
DA:312,28
DA:313,28
DA:314,28
DA:315,28
DA:316,28
DA:317,0
DA:318,28
DA:319,28
DA:320,28
DA:321,14
DA:322,14
DA:323,39
DA:324,39
DA:325,39
DA:326,1
DA:327,1
DA:328,1
LF:328
LH:310
BRDA:19,0,0,39
BRDA:28,1,0,0
BRDA:50,2,0,38
BRDA:165,3,0,1
BRDA:166,4,0,38
BRDA:168,5,0,37
BRDA:176,6,0,35
BRDA:176,7,0,3
BRDA:177,8,0,35
BRDA:177,9,0,3
BRDA:178,10,0,35
BRDA:178,11,0,3
BRDA:179,12,0,35
BRDA:179,13,0,3
BRDA:181,14,0,9
BRDA:196,15,0,0
BRDA:196,16,0,0
BRDA:198,17,0,38
BRDA:198,18,0,9
BRDA:200,19,0,29
BRDA:204,20,0,35
BRDA:222,21,0,0
BRDA:222,22,0,38
BRDA:227,23,0,0
BRDA:230,24,0,0
BRDA:236,25,0,9
BRDA:236,26,0,9
BRDA:236,27,0,9
BRDA:239,28,0,4
BRDA:239,29,0,5
BRDA:281,30,0,14
BRDA:23,31,0,16
BRDA:30,32,0,16
BRDA:31,33,0,16
BRDA:36,34,0,16
BRDA:39,35,0,16
BRDA:44,36,0,16
BRDA:53,37,0,16
BRDA:54,38,0,1
BRDA:59,39,0,1
BRDA:64,40,0,16
BRDA:70,41,0,10
BRDA:71,42,0,8
BRDA:71,43,0,3
BRDA:72,44,0,7
BRDA:72,45,0,7
BRDA:76,46,0,2
BRDA:79,47,0,0
BRDA:85,48,0,0
BRDA:86,49,0,0
BRDA:91,50,0,1
BRDA:96,51,0,1
BRDA:101,52,0,0
BRDA:111,53,0,1
BRDA:119,54,0,39
BRDA:120,55,0,0
BRDA:121,56,0,0
BRDA:132,57,0,77
BRDA:135,58,0,39
BRDA:135,59,0,0
BRDA:135,60,0,0
BRDA:135,61,0,0
BRDA:144,62,0,0
BRDA:144,63,0,0
BRDA:155,64,0,38
BRDA:156,65,0,0
BRDA:157,66,0,0
BRDA:158,67,0,3
BRDA:159,68,0,35
BRDA:160,69,0,0
BRDA:283,70,0,28
BRDA:291,71,0,14
BRDA:304,72,0,14
BRDA:307,73,0,14
BRDA:307,74,0,14
BRDA:309,75,0,14
BRDA:316,76,0,0
BRDA:285,77,0,0
BRDA:293,78,0,2
BRDA:293,79,0,1
BRF:80
BRH:58
end_of_record
TN:
SF:src/components/layout/header/mobile-menu/toggle-button.tsx
FN:8,ToggleButton
FNF:1
FNH:1
FNDA:2,ToggleButton
DA:1,1
DA:2,1
DA:3,1
DA:4,1
DA:5,1
DA:6,1
DA:7,1
DA:8,1
DA:9,2
DA:10,2
DA:11,2
DA:12,1
DA:13,1
DA:14,1
LF:14
LH:14
BRDA:8,0,0,2
BRF:1
BRH:1
end_of_record
TN:
SF:src/components/shared/index.ts
FNF:0
FNH:0
DA:1,1
DA:2,1
DA:3,1
DA:4,1
DA:5,1
DA:6,1
DA:7,1
DA:8,1
DA:9,1
DA:10,1
DA:11,1
DA:12,1
DA:13,1
DA:14,1
DA:15,1
DA:16,1
DA:17,1
DA:18,1
DA:19,1
DA:20,1
DA:21,1
DA:22,1
DA:23,1
DA:24,1
DA:25,1
DA:26,1
DA:27,1
DA:28,1
DA:29,1
DA:30,1
DA:31,1
DA:32,1
DA:33,1
LF:33
LH:33
BRF:0
BRH:0
end_of_record
TN:
SF:src/components/shared/services/index.ts
FNF:0
FNH:0
DA:1,1
DA:2,1
LF:2
LH:2
BRF:0
BRH:0
end_of_record
TN:
SF:src/components/shared/services/performance-metrics-methods.ts
FN:26,startPerformanceEventTimer
FN:48,setPerformanceValue
FNF:2
FNH:0
FNDA:0,startPerformanceEventTimer
FNDA:0,setPerformanceValue
DA:1,1
DA:2,1
DA:3,1
DA:4,1
DA:5,1
DA:6,1
DA:7,1
DA:8,1
DA:9,1
DA:10,1
DA:11,1
DA:12,1
DA:13,1
DA:14,1
DA:15,1
DA:16,1
DA:17,1
DA:18,1
DA:19,1
DA:20,1
DA:21,1
DA:22,1
DA:23,1
DA:24,1
DA:25,1
DA:26,1
DA:27,0
DA:28,0
DA:29,0
DA:30,0
DA:31,0
DA:32,0
DA:33,0
DA:34,0
DA:35,0
DA:36,0
DA:37,0
DA:38,0
DA:39,0
DA:40,0
DA:41,0
DA:42,0
DA:43,0
DA:44,0
DA:45,0
DA:46,0
DA:47,1
DA:48,1
DA:49,0
DA:50,0
DA:51,0
DA:52,0
DA:53,0
DA:54,0
DA:55,0
DA:56,0
DA:57,0
DA:58,0
DA:59,0
DA:60,0
DA:61,0
DA:62,0
DA:63,0
LF:63
LH:28
BRF:0
BRH:0
end_of_record
TN:
SF:src/components/shared/services/trading-times-service.ts
FN:37,TradingTimesService
FN:47,getTradingTimes
FN:78,fetchTradingTimes
FN:113,clearCache
FN:121,isCacheValid
FNF:5
FNH:1
FNDA:1,TradingTimesService
FNDA:0,getTradingTimes
FNDA:0,fetchTradingTimes
FNDA:0,clearCache
FNDA:0,isCacheValid
DA:1,1
DA:2,1
DA:3,1
DA:4,1
DA:5,1
DA:6,1
DA:7,1
DA:8,1
DA:9,1
DA:10,1
DA:11,1
DA:12,1
DA:13,1
DA:14,1
DA:15,1
DA:16,1
DA:17,1
DA:18,1
DA:19,1
DA:20,1
DA:21,1
DA:22,1
DA:23,1
DA:24,1
DA:25,1
DA:26,1
DA:27,1
DA:28,1
DA:29,1
DA:30,1
DA:31,1
DA:32,1
DA:33,1
DA:34,1
DA:35,1
DA:36,1
DA:37,1
DA:38,1
DA:39,1
DA:40,1
DA:41,1
DA:42,1
DA:43,1
DA:44,1
DA:45,1
DA:46,1
DA:47,1
DA:48,0
DA:49,0
DA:50,0
DA:51,0
DA:52,0
DA:53,0
DA:54,0
DA:55,0
DA:56,0
DA:57,0
DA:58,0
DA:59,0
DA:60,0
DA:61,0
DA:62,0
DA:63,0
DA:64,0
DA:65,0
DA:66,0
DA:67,0
DA:68,0
DA:69,0
DA:70,0
DA:71,0
DA:72,0
DA:73,0
DA:74,1
DA:75,1
DA:76,1
DA:77,1
DA:78,1
DA:79,0
DA:80,0
DA:81,0
DA:82,0
DA:83,0
DA:84,0
DA:85,0
DA:86,0
DA:87,0
DA:88,0
DA:89,0
DA:90,0
DA:91,0
DA:92,0
DA:93,0
DA:94,0
DA:95,0
DA:96,0
DA:97,0
DA:98,0
DA:99,0
DA:100,0
DA:101,0
DA:102,0
DA:103,0
DA:104,0
DA:105,0
DA:106,0
DA:107,0
DA:108,0
DA:109,1
DA:110,1
DA:111,1
DA:112,1
DA:113,1
DA:114,0
DA:115,0
DA:116,0
DA:117,1
DA:118,1
DA:119,1
DA:120,1
DA:121,1
DA:122,0
DA:123,0
DA:124,1
DA:125,1
DA:126,1
DA:127,1
LF:127
LH:66
BRDA:37,0,0,1
BRF:1
BRH:1
end_of_record
TN:
SF:src/components/shared/services/ws-methods.ts
FN:3,setWebsocket
FN:10,useWS
FNF:2
FNH:0
FNDA:0,setWebsocket
FNDA:0,useWS
DA:1,1
DA:2,1
DA:3,1
DA:4,0
DA:5,0
DA:6,1
DA:7,1
DA:8,1
DA:9,1
DA:10,1
DA:11,0
DA:12,0
LF:12
LH:8
BRF:0
BRH:0
end_of_record
TN:
SF:src/components/shared/utils/types.ts
FNF:0
FNH:0
DA:1,1
DA:2,1
DA:3,1
DA:4,1
DA:5,1
LF:5
LH:5
BRF:0
BRH:0
end_of_record
TN:
SF:src/components/shared/utils/array/array.ts
FN:2,shuffleArray
FN:16,flatten
FNF:2
FNH:0
FNDA:0,shuffleArray
FNDA:0,flatten
DA:1,1
DA:2,1
DA:3,0
DA:4,0
DA:5,0
DA:6,0
DA:7,0
DA:8,0
DA:9,0
DA:10,0
DA:11,0
DA:12,0
DA:13,0
DA:14,1
DA:15,1
DA:16,1
LF:16
LH:5
BRF:0
BRH:0
end_of_record
TN:
SF:src/components/shared/utils/array/index.ts
FNF:0
FNH:0
DA:1,1
LF:1
LH:1
BRF:0
BRH:0
end_of_record
TN:
SF:src/components/shared/utils/brand/brand.ts
FN:9,isDomainAllowed
FN:15,getBrandWebsiteName
FN:19,getPlatformConfig
FNF:3
FNH:0
FNDA:0,isDomainAllowed
FNDA:0,getBrandWebsiteName
FNDA:0,getPlatformConfig
DA:1,1
DA:2,1
DA:3,1
DA:4,1
DA:5,1
DA:6,1
DA:7,1
DA:8,1
DA:9,1
DA:10,0
DA:11,0
DA:12,0
DA:13,0
DA:14,1
DA:15,1
DA:16,0
DA:17,0
DA:18,1
DA:19,1
DA:20,0
DA:21,0
DA:22,0
DA:23,0
DA:24,0
DA:25,0
DA:26,0
DA:27,0
DA:28,0
LF:28
LH:13
BRF:0
BRH:0
end_of_record
TN:
SF:src/components/shared/utils/brand/index.ts
FNF:0
FNH:0
DA:1,1
LF:1
LH:1
BRF:0
BRH:0
end_of_record
TN:
SF:src/components/shared/utils/browser/browser_detect.ts
FN:8,isSafari
FN:17,getUserBrowser
FN:33,isSafariBrowser
FNF:3
FNH:0
FNDA:0,isSafari
FNDA:0,getUserBrowser
FNDA:0,isSafariBrowser
DA:1,1
DA:2,1
DA:3,1
DA:4,1
DA:5,1
DA:6,1
DA:7,1
DA:8,1
DA:9,0
DA:10,0
DA:11,0
DA:12,0
DA:13,0
DA:14,0
DA:15,0
DA:16,1
DA:17,1
DA:18,0
DA:19,0
DA:20,0
DA:21,0
DA:22,0
DA:23,0
DA:24,0
DA:25,0
DA:26,0
DA:27,0
DA:28,0
DA:29,0
DA:30,0
DA:31,0
DA:32,1
DA:33,1
LF:33
LH:12
BRF:0
BRH:0
end_of_record
TN:
SF:src/components/shared/utils/browser/index.ts
FNF:0
FNH:0
DA:1,1
LF:1
LH:1
BRF:0
BRH:0
end_of_record
TN:
SF:src/components/shared/utils/config/config.ts
FN:42,isProduction
FN:52,isLocal
FN:54,getDefaultServerURL
FN:73,getSocketURL
FN:88,getAppId
FN:92,getDebugServiceWorker
FN:114,getCachedReferral
FN:124,cacheReferral
FN:138,generateOAuthURL
FNF:9
FNH:0
FNDA:0,isProduction
FNDA:0,isLocal
FNDA:0,getDefaultServerURL
FNDA:0,getSocketURL
FNDA:0,getAppId
FNDA:0,getDebugServiceWorker
FNDA:0,getCachedReferral
FNDA:0,cacheReferral
FNDA:0,generateOAuthURL
DA:1,1
DA:2,1
DA:3,1
DA:4,1
DA:5,1
DA:6,1
DA:7,1
DA:8,1
DA:9,1
DA:10,1
DA:11,1
DA:12,1
DA:13,1
DA:14,1
DA:15,1
DA:16,1
DA:17,1
DA:18,1
DA:19,1
DA:20,1
DA:21,1
DA:22,1
DA:23,1
DA:24,1
DA:25,1
DA:26,1
DA:27,1
DA:28,1
DA:29,1
DA:30,1
DA:31,1
DA:32,1
DA:33,1
DA:34,1
DA:35,1
DA:36,1
DA:37,1
DA:38,1
DA:39,1
DA:40,1
DA:41,1
DA:42,1
DA:43,0
DA:44,0
DA:45,0
DA:46,0
DA:47,0
DA:48,0
DA:49,0
DA:50,0
DA:51,1
DA:52,1
DA:53,1
DA:54,1
DA:55,0
DA:56,0
DA:57,0
DA:58,0
DA:59,0
DA:60,0
DA:61,0
DA:62,0
DA:63,0
DA:64,0
DA:65,1
DA:66,1
DA:67,1
DA:68,1
DA:69,1
DA:70,1
DA:71,1
DA:72,1
DA:73,1
DA:74,0
DA:75,0
DA:76,0
DA:77,0
DA:78,0
DA:79,0
DA:80,0
DA:81,0
DA:82,0
DA:83,0
DA:84,0
DA:85,0
DA:86,0
DA:87,1
DA:88,1
DA:89,0
DA:90,0
DA:91,1
DA:92,1
DA:93,0
DA:94,0
DA:95,0
DA:96,0
DA:97,0
DA:98,1
DA:99,1
DA:100,1
DA:101,1
DA:102,1
DA:103,1
DA:104,1
DA:105,1
DA:106,1
DA:107,1
DA:108,1
DA:109,1
DA:110,1
DA:111,1
DA:112,1
DA:113,1
DA:114,1
DA:115,0
DA:116,0
DA:117,0
DA:118,0
DA:119,0
DA:120,0
DA:121,0
DA:122,0
DA:123,1
DA:124,1
DA:125,0
DA:126,0
DA:127,0
DA:128,0
DA:129,0
DA:130,0
DA:131,1
DA:132,1
DA:133,1
DA:134,1
DA:135,1
DA:136,1
DA:137,1
DA:138,1
DA:139,0
DA:140,0
DA:141,0
DA:142,0
DA:143,0
DA:144,0
DA:145,0
DA:146,0
DA:147,0
DA:148,0
DA:149,0
DA:150,0
DA:151,0
DA:152,0
DA:153,0
DA:154,0
DA:155,0
DA:156,0
DA:157,0
DA:158,0
DA:159,0
DA:160,0
DA:161,0
DA:162,0
DA:163,0
DA:164,0
DA:165,0
DA:166,0
DA:167,0
DA:168,0
DA:169,0
DA:170,0
DA:171,0
DA:172,0
DA:173,0
DA:174,0
DA:175,0
DA:176,0
DA:177,0
DA:178,0
DA:179,0
DA:180,0
DA:181,0
DA:182,0
DA:183,0
DA:184,0
DA:185,0
DA:186,0
DA:187,0
DA:188,0
DA:189,0
DA:190,0
DA:191,0
DA:192,0
DA:193,0
DA:194,0
DA:195,0
DA:196,0
DA:197,0
DA:198,0
DA:199,0
DA:200,0
DA:201,0
DA:202,0
LF:202
LH:86
BRF:0
BRH:0
end_of_record
TN:
SF:src/components/shared/utils/config/index.ts
FNF:0
FNH:0
DA:1,1
LF:1
LH:1
BRF:0
BRH:0
end_of_record
TN:
SF:src/components/shared/utils/constants/auth-status-codes.ts
FNF:0
FNH:0
DA:1,1
DA:2,1
DA:3,1
DA:4,1
DA:5,1
DA:6,1
DA:7,1
DA:8,1
LF:8
LH:8
BRF:0
BRH:0
end_of_record
TN:
SF:src/components/shared/utils/constants/barriers.ts
FNF:0
FNH:0
DA:1,1
DA:2,1
DA:3,1
DA:4,1
DA:5,1
DA:6,1
DA:7,1
DA:8,1
DA:9,1
DA:10,1
DA:11,1
DA:12,1
DA:13,1
DA:14,1
DA:15,1
DA:16,1
DA:17,1
DA:18,1
DA:19,1
DA:20,1
DA:21,1
DA:22,1
DA:23,1
DA:24,1
DA:25,1
DA:26,1
DA:27,1
DA:28,1
DA:29,1
DA:30,1
DA:31,1
DA:32,1
DA:33,1
DA:34,1
DA:35,1
DA:36,1
DA:37,1
DA:38,1
DA:39,1
DA:40,1
DA:41,1
DA:42,1
DA:43,1
DA:44,1
DA:45,1
DA:46,1
LF:46
LH:46
BRF:0
BRH:0
end_of_record
TN:
SF:src/components/shared/utils/constants/contract.ts
FN:7,getLocalizedBasis
FN:40,getCardLabels
FN:83,getMarketNamesMap
FN:188,getUnsupportedContracts
FN:206,getSupportedContracts
FN:353,getContractConfig
FN:358,getContractTypeDisplay
FN:366,getContractTypeFeatureFlag
FN:371,getContractTypePosition
FN:374,isCallPut
FNF:10
FNH:0
FNDA:0,getLocalizedBasis
FNDA:0,getCardLabels
FNDA:0,getMarketNamesMap
FNDA:0,getUnsupportedContracts
FNDA:0,getSupportedContracts
FNDA:0,getContractConfig
FNDA:0,getContractTypeDisplay
FNDA:0,getContractTypeFeatureFlag
FNDA:0,getContractTypePosition
FNDA:0,isCallPut
DA:1,1
DA:2,1
DA:3,1
DA:4,1
DA:5,1
DA:6,1
DA:7,1
DA:8,0
DA:9,0
DA:10,0
DA:11,0
DA:12,0
DA:13,0
DA:14,0
DA:15,0
DA:16,1
DA:17,1
DA:18,1
DA:19,1
DA:20,1
DA:21,1
DA:22,1
DA:23,1
DA:24,1
DA:25,1
DA:26,1
DA:27,1
DA:28,1
DA:29,1
DA:30,1
DA:31,1
DA:32,1
DA:33,1
DA:34,1
DA:35,1
DA:36,1
DA:37,1
DA:38,1
DA:39,1
DA:40,1
DA:41,0
DA:42,0
DA:43,0
DA:44,0
DA:45,0
DA:46,0
DA:47,0
DA:48,0
DA:49,0
DA:50,0
DA:51,0
DA:52,0
DA:53,0
DA:54,0
DA:55,0
DA:56,0
DA:57,0
DA:58,0
DA:59,0
DA:60,0
DA:61,0
DA:62,0
DA:63,0
DA:64,0
DA:65,0
DA:66,0
DA:67,0
DA:68,0
DA:69,0
DA:70,0
DA:71,0
DA:72,0
DA:73,0
DA:74,0
DA:75,0
DA:76,0
DA:77,0
DA:78,0
DA:79,0
DA:80,0
DA:81,1
DA:82,1
DA:83,1
DA:84,0
DA:85,0
DA:86,0
DA:87,0
DA:88,0
DA:89,0
DA:90,0
DA:91,0
DA:92,0
DA:93,0
DA:94,0
DA:95,0
DA:96,0
DA:97,0
DA:98,0
DA:99,0
DA:100,0
DA:101,0
DA:102,0
DA:103,0
DA:104,0
DA:105,0
DA:106,0
DA:107,0
DA:108,0
DA:109,0
DA:110,0
DA:111,0
DA:112,0
DA:113,0
DA:114,0
DA:115,0
DA:116,0
DA:117,0
DA:118,0
DA:119,0
DA:120,0
DA:121,0
DA:122,0
DA:123,0
DA:124,0
DA:125,0
DA:126,0
DA:127,0
DA:128,0
DA:129,0
DA:130,0
DA:131,0
DA:132,0
DA:133,0
DA:134,0
DA:135,0
DA:136,0
DA:137,0
DA:138,0
DA:139,0
DA:140,0
DA:141,0
DA:142,0
DA:143,0
DA:144,0
DA:145,0
DA:146,0
DA:147,0
DA:148,0
DA:149,0
DA:150,0
DA:151,0
DA:152,0
DA:153,0
DA:154,0
DA:155,0
DA:156,0
DA:157,0
DA:158,0
DA:159,0
DA:160,0
DA:161,0
DA:162,0
DA:163,0
DA:164,0
DA:165,0
DA:166,0
DA:167,0
DA:168,0
DA:169,0
DA:170,0
DA:171,0
DA:172,0
DA:173,0
DA:174,0
DA:175,0
DA:176,0
DA:177,0
DA:178,0
DA:179,0
DA:180,0
DA:181,0
DA:182,0
DA:183,0
DA:184,0
DA:185,0
DA:186,1
DA:187,1
DA:188,1
DA:189,0
DA:190,0
DA:191,0
DA:192,0
DA:193,0
DA:194,0
DA:195,0
DA:196,0
DA:197,0
DA:198,1
DA:199,1
DA:200,1
DA:201,1
DA:202,1
DA:203,1
DA:204,1
DA:205,1
DA:206,1
DA:207,0
DA:208,0
DA:209,0
DA:210,0
DA:211,0
DA:212,0
DA:213,0
DA:214,0
DA:215,0
DA:216,0
DA:217,0
DA:218,0
DA:219,0
DA:220,0
DA:221,0
DA:222,0
DA:223,0
DA:224,0
DA:225,0
DA:226,0
DA:227,0
DA:228,0
DA:229,0
DA:230,0
DA:231,0
DA:232,0
DA:233,0
DA:234,0
DA:235,0
DA:236,0
DA:237,0
DA:238,0
DA:239,0
DA:240,0
DA:241,0
DA:242,0
DA:243,0
DA:244,0
DA:245,0
DA:246,0
DA:247,0
DA:248,0
DA:249,0
DA:250,0
DA:251,0
DA:252,0
DA:253,0
DA:254,0
DA:255,0
DA:256,0
DA:257,0
DA:258,0
DA:259,0
DA:260,0
DA:261,0
DA:262,0
DA:263,0
DA:264,0
DA:265,0
DA:266,0
DA:267,0
DA:268,0
DA:269,0
DA:270,0
DA:271,0
DA:272,0
DA:273,0
DA:274,0
DA:275,0
DA:276,0
DA:277,0
DA:278,0
DA:279,0
DA:280,0
DA:281,0
DA:282,0
DA:283,0
DA:284,0
DA:285,0
DA:286,0
DA:287,0
DA:288,0
DA:289,0
DA:290,0
DA:291,0
DA:292,0
DA:293,0
DA:294,0
DA:295,0
DA:296,0
DA:297,0
DA:298,0
DA:299,0
DA:300,0
DA:301,0
DA:302,0
DA:303,0
DA:304,0
DA:305,0
DA:306,0
DA:307,0
DA:308,0
DA:309,0
DA:310,0
DA:311,0
DA:312,0
DA:313,0
DA:314,0
DA:315,0
DA:316,0
DA:317,0
DA:318,0
DA:319,0
DA:320,0
DA:321,0
DA:322,0
DA:323,0
DA:324,0
DA:325,0
DA:326,0
DA:327,0
DA:328,0
DA:329,0
DA:330,0
DA:331,0
DA:332,0
DA:333,0
DA:334,0
DA:335,0
DA:336,0
DA:337,0
DA:338,0
DA:339,0
DA:340,0
DA:341,0
DA:342,0
DA:343,0
DA:344,0
DA:345,0
DA:346,0
DA:347,0
DA:348,0
DA:349,0
DA:350,0
DA:351,1
DA:352,1
DA:353,1
DA:354,0
DA:355,0
DA:356,1
DA:357,1
DA:358,1
DA:359,0
DA:360,0
DA:361,0
DA:362,0
DA:363,0
DA:364,0
DA:365,1
DA:366,1
DA:367,0
DA:368,0
DA:369,0
DA:370,1
DA:371,1
DA:372,1
DA:373,1
DA:374,1
DA:375,0
DA:376,0
DA:377,1
LF:377
LH:61
BRF:0
BRH:0
end_of_record
TN:
SF:src/components/shared/utils/constants/default-options.ts
FN:7,getIDVNotApplicableOption
FN:18,getSearchNotFoundOption
FNF:2
FNH:0
FNDA:0,getIDVNotApplicableOption
FNDA:0,getSearchNotFoundOption
DA:1,1
DA:2,1
DA:3,1
DA:4,1
DA:5,1
DA:6,1
DA:7,1
DA:8,0
DA:9,0
DA:10,0
DA:11,0
DA:12,0
DA:13,1
DA:14,1
DA:15,1
DA:16,1
DA:17,1
DA:18,1
LF:18
LH:13
BRF:0
BRH:0
end_of_record
TN:
SF:src/components/shared/utils/constants/error.ts
FN:3,getDefaultError
FN:9,getAuthError
FNF:2
FNH:1
FNDA:6,getDefaultError
FNDA:0,getAuthError
DA:1,1
DA:2,1
DA:3,1
DA:4,6
DA:5,6
DA:6,6
DA:7,1
DA:8,1
DA:9,1
DA:10,0
DA:11,0
DA:12,0
DA:13,1
DA:14,1
DA:15,1
DA:16,1
DA:17,1
DA:18,1
DA:19,1
DA:20,1
DA:21,1
DA:22,1
LF:22
LH:19
BRDA:3,0,0,6
BRF:1
BRH:1
end_of_record
TN:
SF:src/components/shared/utils/constants/index.ts
FNF:0
FNH:0
DA:1,1
DA:2,1
DA:3,1
DA:4,1
DA:5,1
DA:6,1
DA:7,1
DA:8,1
DA:9,1
LF:9
LH:9
BRF:0
BRH:0
end_of_record
TN:
SF:src/components/shared/utils/constants/jurisdictions-config.ts
FNF:0
FNH:0
DA:1,1
DA:2,1
DA:3,1
DA:4,1
DA:5,1
DA:6,1
DA:7,1
DA:8,1
DA:9,1
DA:10,1
DA:11,1
DA:12,1
DA:13,1
DA:14,1
DA:15,1
DA:16,1
DA:17,1
DA:18,1
DA:19,1
DA:20,1
DA:21,1
DA:22,1
DA:23,1
DA:24,1
DA:25,1
DA:26,1
DA:27,1
LF:27
LH:27
BRF:0
BRH:0
end_of_record
TN:
SF:src/components/shared/utils/constants/mt5-login-list-status.ts
FNF:0
FNH:0
DA:1,1
DA:2,1
DA:3,1
DA:4,1
DA:5,1
DA:6,1
DA:7,1
DA:8,1
DA:9,1
LF:9
LH:9
BRF:0
BRH:0
end_of_record
TN:
SF:src/components/shared/utils/constants/poi-failure-codes.tsx
FNF:0
FNH:0
DA:1,1
DA:2,1
DA:3,1
DA:4,1
DA:5,1
DA:6,1
DA:7,1
DA:8,1
DA:9,1
DA:10,1
DA:11,1
DA:12,1
DA:13,1
DA:14,1
DA:15,1
DA:16,1
DA:17,1
DA:18,1
DA:19,1
DA:20,1
DA:21,1
DA:22,1
DA:23,1
DA:24,1
DA:25,1
DA:26,1
DA:27,1
DA:28,1
DA:29,1
DA:30,1
DA:31,1
DA:32,1
DA:33,1
DA:34,1
DA:35,1
DA:36,1
DA:37,1
DA:38,1
DA:39,1
DA:40,1
DA:41,1
DA:42,1
DA:43,1
DA:44,1
DA:45,1
DA:46,1
DA:47,1
DA:48,1
DA:49,1
DA:50,1
DA:51,1
DA:52,1
DA:53,1
DA:54,1
DA:55,1
DA:56,1
DA:57,1
DA:58,1
DA:59,1
DA:60,1
DA:61,1
DA:62,1
DA:63,1
DA:64,1
DA:65,1
DA:66,1
DA:67,1
DA:68,1
DA:69,1
DA:70,1
DA:71,1
DA:72,1
DA:73,1
DA:74,1
DA:75,1
DA:76,1
DA:77,1
DA:78,1
DA:79,1
DA:80,1
DA:81,1
DA:82,1
DA:83,1
DA:84,1
DA:85,1
DA:86,1
DA:87,1
DA:88,1
DA:89,1
DA:90,1
DA:91,1
DA:92,1
DA:93,1
DA:94,1
DA:95,1
DA:96,1
DA:97,1
DA:98,1
DA:99,1
DA:100,1
DA:101,1
DA:102,1
DA:103,1
DA:104,1
DA:105,1
DA:106,1
DA:107,1
DA:108,1
DA:109,1
DA:110,1
DA:111,1
DA:112,1
DA:113,1
DA:114,1
DA:115,1
DA:116,1
DA:117,1
DA:118,1
DA:119,1
DA:120,1
DA:121,1
DA:122,1
DA:123,1
DA:124,1
DA:125,1
DA:126,1
DA:127,1
DA:128,1
DA:129,1
DA:130,1
DA:131,1
DA:132,1
DA:133,1
DA:134,1
DA:135,1
DA:136,1
DA:137,1
DA:138,1
DA:139,1
DA:140,1
DA:141,1
DA:142,1
DA:143,1
DA:144,1
DA:145,1
DA:146,1
DA:147,1
DA:148,1
DA:149,1
DA:150,1
DA:151,1
DA:152,1
DA:153,1
DA:154,1
DA:155,1
DA:156,1
DA:157,1
DA:158,1
DA:159,1
DA:160,1
DA:161,1
DA:162,1
DA:163,1
DA:164,1
DA:165,1
DA:166,1
DA:167,1
DA:168,1
DA:169,1
DA:170,1
DA:171,1
DA:172,1
DA:173,1
DA:174,1
DA:175,1
DA:176,1
DA:177,1
DA:178,1
DA:179,1
DA:180,1
DA:181,1
DA:182,1
DA:183,1
DA:184,1
DA:185,1
DA:186,1
DA:187,1
DA:188,1
DA:189,1
DA:190,1
DA:191,1
DA:192,1
DA:193,1
DA:194,1
DA:195,1
DA:196,1
DA:197,1
DA:198,1
DA:199,1
DA:200,1
DA:201,1
DA:202,1
DA:203,1
DA:204,1
DA:205,1
DA:206,1
DA:207,1
DA:208,1
DA:209,1
DA:210,1
DA:211,1
DA:212,1
DA:213,1
DA:214,1
DA:215,1
DA:216,1
DA:217,1
DA:218,1
DA:219,1
DA:220,1
DA:221,1
DA:222,1
DA:223,1
DA:224,1
DA:225,1
DA:226,1
DA:227,1
DA:228,1
DA:229,1
DA:230,1
DA:231,1
DA:232,1
DA:233,1
DA:234,1
DA:235,1
DA:236,1
DA:237,1
DA:238,1
DA:239,1
DA:240,1
DA:241,1
DA:242,1
DA:243,1
DA:244,1
DA:245,1
DA:246,1
DA:247,1
DA:248,1
DA:249,1
DA:250,1
DA:251,1
DA:252,1
DA:253,1
DA:254,1
DA:255,1
DA:256,1
DA:257,1
DA:258,1
DA:259,1
DA:260,1
DA:261,1
DA:262,1
DA:263,1
DA:264,1
DA:265,1
DA:266,1
DA:267,1
DA:268,1
DA:269,1
DA:270,1
DA:271,1
DA:272,1
DA:273,1
DA:274,1
DA:275,1
DA:276,1
DA:277,1
DA:278,1
DA:279,1
DA:280,1
DA:281,1
DA:282,1
DA:283,1
DA:284,1
DA:285,1
DA:286,1
DA:287,1
DA:288,1
DA:289,1
DA:290,1
DA:291,1
DA:292,1
DA:293,1
DA:294,1
DA:295,1
DA:296,1
DA:297,1
DA:298,1
DA:299,1
DA:300,1
DA:301,1
DA:302,1
DA:303,1
DA:304,1
DA:305,1
DA:306,1
DA:307,1
DA:308,1
DA:309,1
DA:310,1
DA:311,1
DA:312,1
DA:313,1
DA:314,1
DA:315,1
DA:316,1
DA:317,1
DA:318,1
DA:319,1
DA:320,1
DA:321,1
DA:322,1
DA:323,1
DA:324,1
DA:325,1
DA:326,1
DA:327,1
DA:328,1
DA:329,1
DA:330,1
DA:331,1
DA:332,1
DA:333,1
DA:334,1
DA:335,1
DA:336,1
DA:337,1
DA:338,1
DA:339,1
DA:340,1
DA:341,1
DA:342,1
DA:343,1
DA:344,1
DA:345,1
DA:346,1
DA:347,1
DA:348,1
DA:349,1
DA:350,1
DA:351,1
DA:352,1
DA:353,1
DA:354,1
DA:355,1
LF:355
LH:355
BRF:0
BRH:0
end_of_record
TN:
SF:src/components/shared/utils/constants/signup_fields.ts
FN:3,getAddressDetailsFields
FN:11,getPersonalDetailsFields
FN:26,getSignupFormFields
FNF:3
FNH:0
FNDA:0,getAddressDetailsFields
FNDA:0,getPersonalDetailsFields
FNDA:0,getSignupFormFields
DA:1,1
DA:2,1
DA:3,1
DA:4,0
DA:5,0
DA:6,0
DA:7,0
DA:8,0
DA:9,1
DA:10,1
DA:11,1
DA:12,0
DA:13,0
DA:14,0
DA:15,0
DA:16,0
DA:17,0
DA:18,0
DA:19,0
DA:20,0
DA:21,0
DA:22,0
DA:23,0
DA:24,1
DA:25,1
DA:26,1
DA:27,1
DA:28,1
DA:29,1
DA:30,1
DA:31,1
DA:32,1
LF:32
LH:15
BRF:0
BRH:0
end_of_record
TN:
SF:src/components/shared/utils/contract/contract-info.ts
FN:3,mockContractInfo
FNF:1
FNH:0
FNDA:0,mockContractInfo
DA:1,1
DA:2,1
DA:3,1
DA:4,0
DA:5,0
DA:6,0
DA:7,0
DA:8,0
DA:9,0
DA:10,0
DA:11,0
DA:12,0
DA:13,0
DA:14,0
DA:15,0
DA:16,0
DA:17,0
DA:18,0
DA:19,0
DA:20,0
DA:21,0
DA:22,0
DA:23,0
DA:24,0
DA:25,0
DA:26,0
DA:27,0
DA:28,0
DA:29,0
DA:30,0
DA:31,0
DA:32,0
DA:33,0
DA:34,0
DA:35,0
DA:36,0
DA:37,0
DA:38,0
DA:39,0
DA:40,0
DA:41,0
DA:42,0
DA:43,0
DA:44,0
DA:45,0
DA:46,0
DA:47,0
DA:48,0
LF:48
LH:3
BRF:0
BRH:0
end_of_record
TN:
SF:src/components/shared/utils/contract/contract-types.ts
FNF:0
FNH:0
DA:1,1
DA:2,1
DA:3,1
DA:4,1
DA:5,1
DA:6,1
DA:7,1
DA:8,1
DA:9,1
DA:10,1
DA:11,1
DA:12,1
DA:13,1
DA:14,1
DA:15,1
DA:16,1
DA:17,1
DA:18,1
DA:19,1
DA:20,1
DA:21,1
DA:22,1
DA:23,1
DA:24,1
DA:25,1
DA:26,1
DA:27,1
DA:28,1
DA:29,1
DA:30,1
DA:31,1
DA:32,1
DA:33,1
DA:34,1
DA:35,1
DA:36,1
DA:37,1
DA:38,1
DA:39,1
DA:40,1
DA:41,1
DA:42,1
DA:43,1
DA:44,1
DA:45,1
DA:46,1
DA:47,1
DA:48,1
DA:49,1
LF:49
LH:49
BRF:0
BRH:0
end_of_record
TN:
SF:src/components/shared/utils/contract/contract.tsx
FN:104,getContractStatus
FN:111,getFinalPrice
FN:113,getIndicativePrice
FN:118,getCancellationPrice
FN:123,isEnded
FN:130,isOpen
FN:132,isUserSold
FN:134,isValidToCancel
FN:136,isValidToSell
FN:139,hasContractEntered
FN:141,hasBarrier
FN:143,hasTwoBarriers
FN:145,isAccumulatorContract
FN:147,isAccumulatorContractOpen
FN:151,isMultiplierContract
FN:153,isTouchContract
FN:155,isTurbosContract
FN:157,isVanillaContract
FN:159,isVanillaFxContract
FN:162,isSmartTraderContract
FN:165,isAsiansContract
FN:167,isLookBacksContract
FN:169,isTicksContract
FN:171,isResetContract
FN:173,isCryptoContract
FN:175,getAccuBarriersDefaultTimeout
FN:179,getAccuBarriersDTraderTimeout
FN:192,getAccuBarriersForContractDetails
FN:201,getCurrentTick
FN:210,getLastContractMarkerIndex
FN:218,getLastTickFromTickStream
FN:220,isDigitContract
FN:222,getDigitInfo
FN:238,getTotalProfit
FN:241,createDigitInfo
FN:252,getLimitOrderAmount
FN:265,getTimePercentage
FN:279,getGrowthRatePercentage
FN:281,getDisplayStatus
FN:295,getContractUpdateConfig
FN:307,shouldShowExpiration
FN:309,shouldShowCancellation
FN:311,getContractSubtype
FN:316,getLocalizedTurbosSubtype
FN:325,clickAndKeyEventHandler
FN:339,getSortedTradeTypes
FN:349,isForwardStartingBuyTransaction
FNF:47
FNH:0
FNDA:0,getContractStatus
FNDA:0,getFinalPrice
FNDA:0,getIndicativePrice
FNDA:0,getCancellationPrice
FNDA:0,isEnded
FNDA:0,isOpen
FNDA:0,isUserSold
FNDA:0,isValidToCancel
FNDA:0,isValidToSell
FNDA:0,hasContractEntered
FNDA:0,hasBarrier
FNDA:0,hasTwoBarriers
FNDA:0,isAccumulatorContract
FNDA:0,isAccumulatorContractOpen
FNDA:0,isMultiplierContract
FNDA:0,isTouchContract
FNDA:0,isTurbosContract
FNDA:0,isVanillaContract
FNDA:0,isVanillaFxContract
FNDA:0,isSmartTraderContract
FNDA:0,isAsiansContract
FNDA:0,isLookBacksContract
FNDA:0,isTicksContract
FNDA:0,isResetContract
FNDA:0,isCryptoContract
FNDA:0,getAccuBarriersDefaultTimeout
FNDA:0,getAccuBarriersDTraderTimeout
FNDA:0,getAccuBarriersForContractDetails
FNDA:0,getCurrentTick
FNDA:0,getLastContractMarkerIndex
FNDA:0,getLastTickFromTickStream
FNDA:0,isDigitContract
FNDA:0,getDigitInfo
FNDA:0,getTotalProfit
FNDA:0,createDigitInfo
FNDA:0,getLimitOrderAmount
FNDA:0,getTimePercentage
FNDA:0,getGrowthRatePercentage
FNDA:0,getDisplayStatus
FNDA:0,getContractUpdateConfig
FNDA:0,shouldShowExpiration
FNDA:0,shouldShowCancellation
FNDA:0,getContractSubtype
FNDA:0,getLocalizedTurbosSubtype
FNDA:0,clickAndKeyEventHandler
FNDA:0,getSortedTradeTypes
FNDA:0,isForwardStartingBuyTransaction
DA:1,1
DA:2,1
DA:3,1
DA:4,1
DA:5,1
DA:6,1
DA:7,1
DA:8,1
DA:9,1
DA:10,1
DA:11,1
DA:12,1
DA:13,1
DA:14,1
DA:15,1
DA:16,1
DA:17,1
DA:18,1
DA:19,1
DA:20,1
DA:21,1
DA:22,1
DA:23,1
DA:24,1
DA:25,1
DA:26,1
DA:27,1
DA:28,1
DA:29,1
DA:30,1
DA:31,1
DA:32,1
DA:33,1
DA:34,1
DA:35,1
DA:36,1
DA:37,1
DA:38,1
DA:39,1
DA:40,1
DA:41,1
DA:42,1
DA:43,1
DA:44,1
DA:45,1
DA:46,1
DA:47,1
DA:48,1
DA:49,1
DA:50,1
DA:51,1
DA:52,1
DA:53,1
DA:54,1
DA:55,1
DA:56,1
DA:57,1
DA:58,1
DA:59,1
DA:60,1
DA:61,1
DA:62,1
DA:63,1
DA:64,1
DA:65,1
DA:66,1
DA:67,1
DA:68,1
DA:69,1
DA:70,1
DA:71,1
DA:72,1
DA:73,1
DA:74,1
DA:75,1
DA:76,1
DA:77,1
DA:78,1
DA:79,1
DA:80,1
DA:81,1
DA:82,1
DA:83,1
DA:84,1
DA:85,1
DA:86,1
DA:87,1
DA:88,1
DA:89,1
DA:90,1
DA:91,1
DA:92,1
DA:93,1
DA:94,1
DA:95,1
DA:96,1
DA:97,1
DA:98,1
DA:99,1
DA:100,1
DA:101,1
DA:102,1
DA:103,1
DA:104,1
DA:105,0
DA:106,0
DA:107,0
DA:108,0
DA:109,0
DA:110,1
DA:111,1
DA:112,1
DA:113,1
DA:114,0
DA:115,0
DA:116,1
DA:117,1
DA:118,1
DA:119,0
DA:120,0
DA:121,0
DA:122,1
DA:123,1
DA:124,0
DA:125,0
DA:126,0
DA:127,0
DA:128,1
DA:129,1
DA:130,1
DA:131,1
DA:132,1
DA:133,1
DA:134,1
DA:135,1
DA:136,1
DA:137,1
DA:138,1
DA:139,1
DA:140,1
DA:141,1
DA:142,1
DA:143,1
DA:144,1
DA:145,1
DA:146,1
DA:147,1
DA:148,0
DA:149,0
DA:150,1
DA:151,1
DA:152,1
DA:153,1
DA:154,1
DA:155,1
DA:156,1
DA:157,1
DA:158,1
DA:159,1
DA:160,1
DA:161,1
DA:162,1
DA:163,1
DA:164,1
DA:165,1
DA:166,1
DA:167,1
DA:168,1
DA:169,1
DA:170,1
DA:171,1
DA:172,1
DA:173,1
DA:174,1
DA:175,1
DA:176,0
DA:177,0
DA:178,1
DA:179,1
DA:180,0
DA:181,0
DA:182,0
DA:183,0
DA:184,0
DA:185,0
DA:186,0
DA:187,0
DA:188,0
DA:189,0
DA:190,0
DA:191,1
DA:192,1
DA:193,0
DA:194,0
DA:195,0
DA:196,0
DA:197,0
DA:198,0
DA:199,0
DA:200,1
DA:201,1
DA:202,0
DA:203,0
DA:204,0
DA:205,0
DA:206,0
DA:207,0
DA:208,0
DA:209,1
DA:210,1
DA:211,0
DA:212,0
DA:213,0
DA:214,0
DA:215,0
DA:216,0
DA:217,1
DA:218,1
DA:219,1
DA:220,1
DA:221,1
DA:222,1
DA:223,0
DA:224,0
DA:225,0
DA:226,0
DA:227,0
DA:228,0
DA:229,0
DA:230,0
DA:231,0
DA:232,0
DA:233,0
DA:234,0
DA:235,0
DA:236,0
DA:237,1
DA:238,1
DA:239,1
DA:240,1
DA:241,1
DA:242,0
DA:243,0
DA:244,0
DA:245,0
DA:246,0
DA:247,0
DA:248,0
DA:249,0
DA:250,0
DA:251,1
DA:252,1
DA:253,0
DA:254,0
DA:255,0
DA:256,0
DA:257,0
DA:258,0
DA:259,0
DA:260,0
DA:261,0
DA:262,0
DA:263,0
DA:264,1
DA:265,1
DA:266,0
DA:267,0
DA:268,0
DA:269,0
DA:270,0
DA:271,0
DA:272,0
DA:273,0
DA:274,0
DA:275,0
DA:276,0
DA:277,0
DA:278,1
DA:279,1
DA:280,1
DA:281,1
DA:282,0
DA:283,0
DA:284,0
DA:285,0
DA:286,0
DA:287,0
DA:288,1
DA:289,1
DA:290,1
DA:291,1
DA:292,1
DA:293,1
DA:294,1
DA:295,1
DA:296,0
DA:297,0
DA:298,0
DA:299,0
DA:300,0
DA:301,0
DA:302,0
DA:303,0
DA:304,0
DA:305,0
DA:306,1
DA:307,1
DA:308,1
DA:309,1
DA:310,1
DA:311,1
DA:312,0
DA:313,0
DA:314,1
DA:315,1
DA:316,1
DA:317,0
DA:318,0
DA:319,0
DA:320,0
DA:321,0
DA:322,0
DA:323,0
DA:324,1
DA:325,1
DA:326,0
DA:327,0
DA:328,0
DA:329,0
DA:330,0
DA:331,0
DA:332,0
DA:333,0
DA:334,0
DA:335,0
DA:336,0
DA:337,0
DA:338,1
DA:339,1
DA:340,0
DA:341,0
DA:342,0
DA:343,0
DA:344,0
DA:345,0
DA:346,0
DA:347,0
DA:348,1
DA:349,1
DA:350,1
LF:350
LH:210
BRF:0
BRH:0
end_of_record
TN:
SF:src/components/shared/utils/contract/index.ts
FNF:0
FNH:0
DA:1,1
DA:2,1
DA:3,1
DA:4,1
LF:4
LH:4
BRF:0
BRH:0
end_of_record
TN:
SF:src/components/shared/utils/contract/trade-url-params-config.ts
FN:52,getParamTextByValue
FN:55,getTradeURLParams
FN:88,setTradeURLParams
FNF:3
FNH:0
FNDA:0,getParamTextByValue
FNDA:0,getTradeURLParams
FNDA:0,setTradeURLParams
DA:1,1
DA:2,1
DA:3,1
DA:4,1
DA:5,1
DA:6,1
DA:7,1
DA:8,1
DA:9,1
DA:10,1
DA:11,1
DA:12,1
DA:13,1
DA:14,1
DA:15,1
DA:16,1
DA:17,1
DA:18,1
DA:19,1
DA:20,1
DA:21,1
DA:22,1
DA:23,1
DA:24,1
DA:25,1
DA:26,1
DA:27,1
DA:28,1
DA:29,1
DA:30,1
DA:31,1
DA:32,1
DA:33,1
DA:34,1
DA:35,1
DA:36,1
DA:37,1
DA:38,1
DA:39,1
DA:40,1
DA:41,1
DA:42,1
DA:43,1
DA:44,1
DA:45,1
DA:46,1
DA:47,1
DA:48,1
DA:49,1
DA:50,1
DA:51,1
DA:52,1
DA:53,1
DA:54,1
DA:55,1
DA:56,0
DA:57,0
DA:58,0
DA:59,0
DA:60,0
DA:61,0
DA:62,0
DA:63,0
DA:64,0
DA:65,0
DA:66,0
DA:67,0
DA:68,0
DA:69,0
DA:70,0
DA:71,0
DA:72,0
DA:73,0
DA:74,0
DA:75,0
DA:76,0
DA:77,0
DA:78,0
DA:79,0
DA:80,0
DA:81,0
DA:82,0
DA:83,0
DA:84,0
DA:85,0
DA:86,0
DA:87,1
DA:88,1
DA:89,0
DA:90,0
DA:91,0
DA:92,0
DA:93,0
DA:94,0
DA:95,0
DA:96,0
DA:97,0
DA:98,0
DA:99,0
DA:100,0
DA:101,0
DA:102,0
LF:102
LH:57
BRF:0
BRH:0
end_of_record
TN:
SF:src/components/shared/utils/currency/currency.ts
FN:46,reorderCurrencies
FN:70,getRoundedNumber
FN:74,getFormattedText
FN:81,formatMoney
FN:107,formatCurrency
FN:111,addComma
FN:125,calcDecimalPlaces
FN:129,getDecimalPlaces
FN:136,isCryptocurrency
FN:143,initCryptoConfig
FN:292,get
FN:301,getMinWithdrawal
FN:305,getTransferFee
FN:315,getCurrencyDisplayCode
FN:321,getCurrencyName
FN:324,getMinPayout
FN:328,getCurrencies
FNF:17
FNH:0
FNDA:0,reorderCurrencies
FNDA:0,getRoundedNumber
FNDA:0,getFormattedText
FNDA:0,formatMoney
FNDA:0,formatCurrency
FNDA:0,addComma
FNDA:0,calcDecimalPlaces
FNDA:0,getDecimalPlaces
FNDA:0,isCryptocurrency
FNDA:0,initCryptoConfig
FNDA:0,get
FNDA:0,getMinWithdrawal
FNDA:0,getTransferFee
FNDA:0,getCurrencyDisplayCode
FNDA:0,getCurrencyName
FNDA:0,getMinPayout
FNDA:0,getCurrencies
DA:1,1
DA:2,1
DA:3,1
DA:4,1
DA:5,1
DA:6,1
DA:7,1
DA:8,1
DA:9,1
DA:10,1
DA:11,1
DA:12,1
DA:13,1
DA:14,1
DA:15,1
DA:16,1
DA:17,1
DA:18,1
DA:19,1
DA:20,1
DA:21,1
DA:22,1
DA:23,1
DA:24,1
DA:25,1
DA:26,1
DA:27,1
DA:28,1
DA:29,1
DA:30,1
DA:31,1
DA:32,1
DA:33,1
DA:34,1
DA:35,1
DA:36,1
DA:37,1
DA:38,1
DA:39,1
DA:40,1
DA:41,1
DA:42,1
DA:43,1
DA:44,1
DA:45,1
DA:46,1
DA:47,0
DA:48,0
DA:49,0
DA:50,0
DA:51,0
DA:52,0
DA:53,0
DA:54,0
DA:55,0
DA:56,0
DA:57,0
DA:58,0
DA:59,0
DA:60,0
DA:61,0
DA:62,1
DA:63,1
DA:64,1
DA:65,1
DA:66,1
DA:67,1
DA:68,1
DA:69,1
DA:70,1
DA:71,0
DA:72,0
DA:73,1
DA:74,1
DA:75,0
DA:76,0
DA:77,1
DA:78,1
DA:79,1
DA:80,1
DA:81,1
DA:82,0
DA:83,0
DA:84,0
DA:85,0
DA:86,0
DA:87,0
DA:88,0
DA:89,0
DA:90,0
DA:91,0
DA:92,0
DA:93,0
DA:94,0
DA:95,0
DA:96,0
DA:97,0
DA:98,0
DA:99,0
DA:100,0
DA:101,0
DA:102,0
DA:103,0
DA:104,0
DA:105,0
DA:106,1
DA:107,1
DA:108,0
DA:109,0
DA:110,1
DA:111,1
DA:112,0
DA:113,0
DA:114,0
DA:115,0
DA:116,0
DA:117,0
DA:118,0
DA:119,0
DA:120,0
DA:121,0
DA:122,0
DA:123,0
DA:124,1
DA:125,1
DA:126,0
DA:127,0
DA:128,1
DA:129,1
DA:130,0
DA:131,0
DA:132,0
DA:133,1
DA:134,1
DA:135,1
DA:136,1
DA:137,0
DA:138,0
DA:139,1
DA:140,1
DA:141,4
DA:142,4
DA:143,4
DA:144,0
DA:145,0
DA:146,0
DA:147,0
DA:148,0
DA:149,0
DA:150,0
DA:151,0
DA:152,0
DA:153,0
DA:154,0
DA:155,0
DA:156,0
DA:157,0
DA:158,0
DA:159,0
DA:160,0
DA:161,0
DA:162,0
DA:163,0
DA:164,0
DA:165,0
DA:166,0
DA:167,0
DA:168,0
DA:169,0
DA:170,0
DA:171,0
DA:172,0
DA:173,0
DA:174,0
DA:175,0
DA:176,0
DA:177,0
DA:178,0
DA:179,0
DA:180,0
DA:181,0
DA:182,0
DA:183,0
DA:184,0
DA:185,0
DA:186,0
DA:187,0
DA:188,0
DA:189,0
DA:190,0
DA:191,0
DA:192,0
DA:193,0
DA:194,0
DA:195,0
DA:196,0
DA:197,0
DA:198,0
DA:199,0
DA:200,0
DA:201,0
DA:202,0
DA:203,0
DA:204,0
DA:205,0
DA:206,0
DA:207,0
DA:208,0
DA:209,0
DA:210,0
DA:211,0
DA:212,0
DA:213,0
DA:214,0
DA:215,0
DA:216,0
DA:217,0
DA:218,0
DA:219,0
DA:220,0
DA:221,0
DA:222,0
DA:223,0
DA:224,0
DA:225,0
DA:226,0
DA:227,0
DA:228,0
DA:229,0
DA:230,0
DA:231,0
DA:232,0
DA:233,0
DA:234,0
DA:235,0
DA:236,0
DA:237,0
DA:238,0
DA:239,0
DA:240,0
DA:241,0
DA:242,0
DA:243,0
DA:244,0
DA:245,0
DA:246,0
DA:247,0
DA:248,0
DA:249,0
DA:250,0
DA:251,0
DA:252,0
DA:253,0
DA:254,0
DA:255,0
DA:256,0
DA:257,0
DA:258,0
DA:259,0
DA:260,0
DA:261,0
DA:262,0
DA:263,0
DA:264,0
DA:265,0
DA:266,0
DA:267,0
DA:268,0
DA:269,0
DA:270,0
DA:271,0
DA:272,0
DA:273,0
DA:274,0
DA:275,0
DA:276,0
DA:277,0
DA:278,0
DA:279,0
DA:280,0
DA:281,0
DA:282,0
DA:283,0
DA:284,0
DA:285,0
DA:286,0
DA:287,0
DA:288,0
DA:289,4
DA:290,4
DA:291,4
DA:292,4
DA:293,0
DA:294,0
DA:295,0
DA:296,0
DA:297,4
DA:298,4
DA:299,1
DA:300,1
DA:301,1
DA:302,0
DA:303,0
DA:304,1
DA:305,1
DA:306,0
DA:307,0
DA:308,0
DA:309,0
DA:310,0
DA:311,0
DA:312,0
DA:313,0
DA:314,1
DA:315,1
DA:316,0
DA:317,0
DA:318,0
DA:319,0
DA:320,1
DA:321,1
DA:322,1
DA:323,1
DA:324,1
DA:325,0
DA:326,0
DA:327,1
DA:328,1
DA:329,0
DA:330,0
DA:331,1
DA:332,1
DA:333,1
DA:334,1
DA:335,1
DA:336,1
LF:336
LH:105
BRDA:140,0,0,4
BRF:1
BRH:1
end_of_record
TN:
SF:src/components/shared/utils/currency/index.ts
FNF:0
FNH:0
DA:1,1
LF:1
LH:1
BRF:0
BRH:0
end_of_record
TN:
SF:src/components/shared/utils/date/date-time.ts
FN:10,Object.<anonymous>.moment_1.default.createFromInputFallback
FN:15,initMoment
FN:29,epochToMoment
FN:37,toMoment
FN:54,toLocalFormat
FN:55,getLongDate
FN:67,setTime
FN:82,convertToUnix
FN:84,toGMTFormat
FN:89,formatDate
FN:92,formatTime
FN:100,daysFromTodayTo
FN:110,daysSince
FN:118,diffInMonths
FN:125,getDiffDuration
FN:129,getDateFromNow
FN:143,formatDuration
FN:164,isTimeValid
FN:171,isHourValid
FN:178,isMinuteValid
FN:184,isDateValid
FN:191,addDays
FN:199,addWeeks
FN:206,addMonths
FN:214,addYears
FN:222,subDays
FN:230,subMonths
FN:238,subYears
FN:246,minDate
FN:253,getStartOfMonth
FN:261,formatMilliseconds
FN:274,convertDateFormat
FN:282,convertTimeFormat
FN:296,getTimeSince
FNF:34
FNH:0
FNDA:0,Object.<anonymous>.moment_1.default.createFromInputFallback
FNDA:0,initMoment
FNDA:0,epochToMoment
FNDA:0,toMoment
FNDA:0,toLocalFormat
FNDA:0,getLongDate
FNDA:0,setTime
FNDA:0,convertToUnix
FNDA:0,toGMTFormat
FNDA:0,formatDate
FNDA:0,formatTime
FNDA:0,daysFromTodayTo
FNDA:0,daysSince
FNDA:0,diffInMonths
FNDA:0,getDiffDuration
FNDA:0,getDateFromNow
FNDA:0,formatDuration
FNDA:0,isTimeValid
FNDA:0,isHourValid
FNDA:0,isMinuteValid
FNDA:0,isDateValid
FNDA:0,addDays
FNDA:0,addWeeks
FNDA:0,addMonths
FNDA:0,addYears
FNDA:0,subDays
FNDA:0,subMonths
FNDA:0,subYears
FNDA:0,minDate
FNDA:0,getStartOfMonth
FNDA:0,formatMilliseconds
FNDA:0,convertDateFormat
FNDA:0,convertTimeFormat
FNDA:0,getTimeSince
DA:1,1
DA:2,1
DA:3,1
DA:4,1
DA:5,1
DA:6,1
DA:7,1
DA:8,1
DA:9,1
DA:10,1
DA:11,0
DA:12,0
DA:13,1
DA:14,1
DA:15,1
DA:16,0
DA:17,0
DA:18,0
DA:19,0
DA:20,0
DA:21,0
DA:22,0
DA:23,1
DA:24,1
DA:25,1
DA:26,1
DA:27,1
DA:28,1
DA:29,1
DA:30,1
DA:31,1
DA:32,1
DA:33,1
DA:34,1
DA:35,1
DA:36,1
DA:37,1
DA:38,0
DA:39,0
DA:40,0
DA:41,0
DA:42,0
DA:43,0
DA:44,0
DA:45,0
DA:46,0
DA:47,0
DA:48,0
DA:49,0
DA:50,0
DA:51,0
DA:52,0
DA:53,1
DA:54,1
DA:55,1
DA:56,0
DA:57,0
DA:58,0
DA:59,0
DA:60,1
DA:61,1
DA:62,1
DA:63,1
DA:64,1
DA:65,1
DA:66,1
DA:67,1
DA:68,0
DA:69,0
DA:70,0
DA:71,0
DA:72,0
DA:73,0
DA:74,0
DA:75,1
DA:76,1
DA:77,1
DA:78,1
DA:79,1
DA:80,1
DA:81,1
DA:82,1
DA:83,1
DA:84,1
DA:85,0
DA:86,0
DA:87,1
DA:88,1
DA:89,1
DA:90,1
DA:91,1
DA:92,1
DA:93,1
DA:94,1
DA:95,1
DA:96,1
DA:97,1
DA:98,1
DA:99,1
DA:100,1
DA:101,0
DA:102,0
DA:103,0
DA:104,1
DA:105,1
DA:106,1
DA:107,1
DA:108,1
DA:109,1
DA:110,1
DA:111,0
DA:112,0
DA:113,0
DA:114,1
DA:115,1
DA:116,1
DA:117,1
DA:118,1
DA:119,1
DA:120,1
DA:121,1
DA:122,1
DA:123,1
DA:124,1
DA:125,1
DA:126,1
DA:127,1
DA:128,1
DA:129,1
DA:130,0
DA:131,0
DA:132,0
DA:133,0
DA:134,0
DA:135,0
DA:136,0
DA:137,1
DA:138,1
DA:139,1
DA:140,1
DA:141,1
DA:142,1
DA:143,1
DA:144,0
DA:145,0
DA:146,0
DA:147,0
DA:148,0
DA:149,0
DA:150,0
DA:151,0
DA:152,0
DA:153,0
DA:154,0
DA:155,0
DA:156,0
DA:157,0
DA:158,0
DA:159,1
DA:160,1
DA:161,1
DA:162,1
DA:163,1
DA:164,1
DA:165,1
DA:166,1
DA:167,1
DA:168,1
DA:169,1
DA:170,1
DA:171,1
DA:172,1
DA:173,1
DA:174,1
DA:175,1
DA:176,1
DA:177,1
DA:178,1
DA:179,1
DA:180,1
DA:181,1
DA:182,1
DA:183,1
DA:184,1
DA:185,1
DA:186,1
DA:187,1
DA:188,1
DA:189,1
DA:190,1
DA:191,1
DA:192,1
DA:193,1
DA:194,1
DA:195,1
DA:196,1
DA:197,1
DA:198,1
DA:199,1
DA:200,1
DA:201,1
DA:202,1
DA:203,1
DA:204,1
DA:205,1
DA:206,1
DA:207,1
DA:208,1
DA:209,1
DA:210,1
DA:211,1
DA:212,1
DA:213,1
DA:214,1
DA:215,1
DA:216,1
DA:217,1
DA:218,1
DA:219,1
DA:220,1
DA:221,1
DA:222,1
DA:223,1
DA:224,1
DA:225,1
DA:226,1
DA:227,1
DA:228,1
DA:229,1
DA:230,1
DA:231,1
DA:232,1
DA:233,1
DA:234,1
DA:235,1
DA:236,1
DA:237,1
DA:238,1
DA:239,1
DA:240,1
DA:241,1
DA:242,1
DA:243,1
DA:244,1
DA:245,1
DA:246,1
DA:247,1
DA:248,1
DA:249,1
DA:250,1
DA:251,1
DA:252,1
DA:253,1
DA:254,1
DA:255,1
DA:256,1
DA:257,1
DA:258,1
DA:259,1
DA:260,1
DA:261,1
DA:262,0
DA:263,0
DA:264,0
DA:265,0
DA:266,0
DA:267,1
DA:268,1
DA:269,1
DA:270,1
DA:271,1
DA:272,1
DA:273,1
DA:274,1
DA:275,1
DA:276,1
DA:277,1
DA:278,1
DA:279,1
DA:280,1
DA:281,1
DA:282,1
DA:283,0
DA:284,0
DA:285,0
DA:286,0
DA:287,0
DA:288,0
DA:289,0
DA:290,1
DA:291,1
DA:292,1
DA:293,1
DA:294,1
DA:295,1
DA:296,1
DA:297,0
DA:298,0
DA:299,0
DA:300,0
DA:301,0
DA:302,0
DA:303,0
DA:304,0
DA:305,0
DA:306,0
DA:307,0
DA:308,0
DA:309,0
DA:310,0
LF:310
LH:219
BRF:0
BRH:0
end_of_record
TN:
SF:src/components/shared/utils/date/index.ts
FNF:0
FNH:0
DA:1,1
LF:1
LH:1
BRF:0
BRH:0
end_of_record
TN:
SF:src/components/shared/utils/digital-options/digital-options.ts
FN:18,showDigitalOptionsUnavailableError
FN:38,isEuResidenceWithOnlyVRTC
FNF:2
FNH:0
FNDA:0,showDigitalOptionsUnavailableError
FNDA:0,isEuResidenceWithOnlyVRTC
DA:1,1
DA:2,1
DA:3,1
DA:4,1
DA:5,1
DA:6,1
DA:7,1
DA:8,1
DA:9,1
DA:10,1
DA:11,1
DA:12,1
DA:13,1
DA:14,1
DA:15,1
DA:16,1
DA:17,1
DA:18,1
DA:19,0
DA:20,0
DA:21,0
DA:22,0
DA:23,0
DA:24,0
DA:25,0
DA:26,0
DA:27,0
DA:28,0
DA:29,0
DA:30,0
DA:31,0
DA:32,0
DA:33,0
DA:34,0
DA:35,0
DA:36,0
DA:37,1
DA:38,1
DA:39,0
DA:40,0
DA:41,0
LF:41
LH:20
BRF:0
BRH:0
end_of_record
TN:
SF:src/components/shared/utils/digital-options/index.ts
FNF:0
FNH:0
DA:1,1
LF:1
LH:1
BRF:0
BRH:0
end_of_record
TN:
SF:src/components/shared/utils/dom/index.ts
FNF:0
FNH:0
DA:1,1
LF:1
LH:1
BRF:0
BRH:0
end_of_record
TN:
SF:src/components/shared/utils/dom/position.ts
FN:13,getMaxHeightByAligningBottom
FN:16,getMinHeightByAligningTop
FN:19,getPosition
FNF:3
FNH:0
FNDA:0,getMaxHeightByAligningBottom
FNDA:0,getMinHeightByAligningTop
FNDA:0,getPosition
DA:1,1
DA:2,1
DA:3,1
DA:4,1
DA:5,1
DA:6,1
DA:7,1
DA:8,1
DA:9,1
DA:10,1
DA:11,1
DA:12,1
DA:13,1
DA:14,1
DA:15,1
DA:16,1
DA:17,1
DA:18,1
DA:19,1
DA:20,0
DA:21,0
DA:22,0
DA:23,0
DA:24,0
DA:25,0
DA:26,0
DA:27,0
DA:28,0
DA:29,0
DA:30,0
DA:31,0
DA:32,0
DA:33,0
DA:34,0
DA:35,0
DA:36,0
DA:37,0
DA:38,0
DA:39,0
DA:40,0
DA:41,0
DA:42,0
DA:43,0
DA:44,0
DA:45,0
DA:46,0
DA:47,0
DA:48,0
DA:49,0
DA:50,0
DA:51,0
DA:52,0
DA:53,0
DA:54,0
DA:55,0
DA:56,0
DA:57,0
DA:58,0
DA:59,0
DA:60,0
DA:61,0
DA:62,0
DA:63,0
DA:64,0
DA:65,0
DA:66,0
DA:67,0
DA:68,0
DA:69,0
DA:70,0
DA:71,0
DA:72,0
DA:73,0
DA:74,0
DA:75,0
LF:75
LH:19
BRF:0
BRH:0
end_of_record
TN:
SF:src/components/shared/utils/helpers/active-symbols.ts
FN:10,isMarketClosed
FN:19,pickDefaultSymbol
FN:27,getFavoriteOpenSymbol
FN:55,getDefaultOpenSymbol
FN:67,findSymbol
FN:81,findFirstSymbol
FN:95,findFirstOpenMarket
FN:110,isSymbolOpen
FN:112,isSymbolOffered
FN:124,getSymbolDisplayName
FNF:10
FNH:0
FNDA:0,isMarketClosed
FNDA:0,pickDefaultSymbol
FNDA:0,getFavoriteOpenSymbol
FNDA:0,getDefaultOpenSymbol
FNDA:0,findSymbol
FNDA:0,findFirstSymbol
FNDA:0,findFirstOpenMarket
FNDA:0,isSymbolOpen
FNDA:0,isSymbolOffered
FNDA:0,getSymbolDisplayName
DA:1,1
DA:2,1
DA:3,1
DA:4,1
DA:5,1
DA:6,1
DA:7,1
DA:8,1
DA:9,1
DA:10,1
DA:11,0
DA:12,0
DA:13,0
DA:14,0
DA:15,0
DA:16,0
DA:17,0
DA:18,1
DA:19,1
DA:20,0
DA:21,0
DA:22,0
DA:23,0
DA:24,0
DA:25,0
DA:26,1
DA:27,1
DA:28,0
DA:29,0
DA:30,0
DA:31,0
DA:32,0
DA:33,0
DA:34,0
DA:35,0
DA:36,0
DA:37,0
DA:38,0
DA:39,0
DA:40,0
DA:41,0
DA:42,0
DA:43,0
DA:44,0
DA:45,0
DA:46,0
DA:47,0
DA:48,0
DA:49,0
DA:50,0
DA:51,0
DA:52,0
DA:53,0
DA:54,1
DA:55,1
DA:56,0
DA:57,0
DA:58,0
DA:59,0
DA:60,0
DA:61,0
DA:62,0
DA:63,0
DA:64,0
DA:65,0
DA:66,1
DA:67,1
DA:68,0
DA:69,0
DA:70,0
DA:71,0
DA:72,0
DA:73,0
DA:74,0
DA:75,0
DA:76,0
DA:77,0
DA:78,0
DA:79,0
DA:80,1
DA:81,1
DA:82,0
DA:83,0
DA:84,0
DA:85,0
DA:86,0
DA:87,0
DA:88,0
DA:89,0
DA:90,0
DA:91,0
DA:92,1
DA:93,1
DA:94,1
DA:95,1
DA:96,0
DA:97,0
DA:98,0
DA:99,0
DA:100,0
DA:101,0
DA:102,0
DA:103,0
DA:104,0
DA:105,0
DA:106,0
DA:107,0
DA:108,0
DA:109,1
DA:110,1
DA:111,1
DA:112,1
DA:113,0
DA:114,0
DA:115,0
DA:116,1
DA:117,1
DA:118,1
DA:119,1
DA:120,1
DA:121,1
DA:122,1
DA:123,1
DA:124,1
DA:125,0
DA:126,0
DA:127,0
DA:128,0
DA:129,0
DA:130,0
DA:131,0
DA:132,0
DA:133,1
LF:133
LH:38
BRF:0
BRH:0
end_of_record
TN:
SF:src/components/shared/utils/helpers/barrier.ts
FN:11,buildBarriersConfig
FN:27,getBarrierPipSize
FNF:2
FNH:0
FNDA:0,buildBarriersConfig
FNDA:0,getBarrierPipSize
DA:1,1
DA:2,1
DA:3,1
DA:4,1
DA:5,1
DA:6,1
DA:7,1
DA:8,1
DA:9,1
DA:10,1
DA:11,1
DA:12,0
DA:13,0
DA:14,0
DA:15,0
DA:16,0
DA:17,0
DA:18,0
DA:19,0
DA:20,0
DA:21,0
DA:22,0
DA:23,0
DA:24,0
DA:25,0
DA:26,1
DA:27,1
DA:28,0
DA:29,0
DA:30,0
LF:30
LH:13
BRF:0
BRH:0
end_of_record
TN:
SF:src/components/shared/utils/helpers/barriers.ts
FN:3,isBarrierSupported
FN:5,barriersToString
FN:10,removeBarrier
FNF:3
FNH:0
FNDA:0,isBarrierSupported
FNDA:0,barriersToString
FNDA:0,removeBarrier
DA:1,1
DA:2,1
DA:3,1
DA:4,1
DA:5,1
DA:6,0
DA:7,0
DA:8,1
DA:9,1
DA:10,1
DA:11,0
DA:12,0
DA:13,0
DA:14,0
DA:15,0
LF:15
LH:8
BRF:0
BRH:0
end_of_record
TN:
SF:src/components/shared/utils/helpers/chart-notifications.tsx
FNF:0
FNH:0
DA:1,1
DA:2,1
DA:3,1
DA:4,1
DA:5,1
DA:6,1
DA:7,1
DA:8,1
LF:8
LH:8
BRF:0
BRH:0
end_of_record
TN:
SF:src/components/shared/utils/helpers/details.ts
FN:12,getDurationUnitValue
FN:40,isEndTime
FN:42,getUnitMap
FN:59,getDurationUnitText
FN:82,formatResetDuration
FN:100,getDurationPeriod
FN:106,getDurationTime
FNF:7
FNH:0
FNDA:0,getDurationUnitValue
FNDA:0,isEndTime
FNDA:0,getUnitMap
FNDA:0,getDurationUnitText
FNDA:0,formatResetDuration
FNDA:0,getDurationPeriod
FNDA:0,getDurationTime
DA:1,1
DA:2,1
DA:3,1
DA:4,1
DA:5,1
DA:6,1
DA:7,1
DA:8,1
DA:9,1
DA:10,1
DA:11,1
DA:12,1
DA:13,0
DA:14,0
DA:15,0
DA:16,0
DA:17,0
DA:18,0
DA:19,0
DA:20,0
DA:21,0
DA:22,0
DA:23,0
DA:24,0
DA:25,0
DA:26,0
DA:27,0
DA:28,0
DA:29,0
DA:30,0
DA:31,0
DA:32,0
DA:33,0
DA:34,0
DA:35,0
DA:36,0
DA:37,0
DA:38,0
DA:39,1
DA:40,1
DA:41,1
DA:42,1
DA:43,0
DA:44,0
DA:45,0
DA:46,0
DA:47,0
DA:48,0
DA:49,0
DA:50,0
DA:51,1
DA:52,1
DA:53,1
DA:54,1
DA:55,1
DA:56,1
DA:57,1
DA:58,1
DA:59,1
DA:60,0
DA:61,0
DA:62,0
DA:63,0
DA:64,0
DA:65,0
DA:66,0
DA:67,0
DA:68,0
DA:69,0
DA:70,0
DA:71,0
DA:72,0
DA:73,0
DA:74,0
DA:75,0
DA:76,0
DA:77,0
DA:78,0
DA:79,0
DA:80,0
DA:81,1
DA:82,1
DA:83,0
DA:84,0
DA:85,0
DA:86,0
DA:87,0
DA:88,0
DA:89,0
DA:90,0
DA:91,0
DA:92,0
DA:93,0
DA:94,0
DA:95,0
DA:96,0
DA:97,0
DA:98,0
DA:99,1
DA:100,1
DA:101,0
DA:102,0
DA:103,0
DA:104,1
DA:105,1
DA:106,1
DA:107,1
LF:107
LH:33
BRF:0
BRH:0
end_of_record
TN:
SF:src/components/shared/utils/helpers/duration.ts
FN:36,getDurationMaps
FN:44,buildDurationConfig
FN:97,convertDurationUnit
FN:114,getDurationFromString
FN:123,getExpiryType
FN:144,convertDurationLimit
FN:163,hasIntradayDurationUnit
FN:173,resetEndTimeOnVolatilityIndices
FN:176,getDurationMinMaxValues
FN:188,formatDisplayedTime
FN:190,formatDurationTime
FNF:11
FNH:0
FNDA:0,getDurationMaps
FNDA:0,buildDurationConfig
FNDA:0,convertDurationUnit
FNDA:0,getDurationFromString
FNDA:0,getExpiryType
FNDA:0,convertDurationLimit
FNDA:0,hasIntradayDurationUnit
FNDA:0,resetEndTimeOnVolatilityIndices
FNDA:0,getDurationMinMaxValues
FNDA:0,formatDisplayedTime
FNDA:0,formatDurationTime
DA:1,1
DA:2,1
DA:3,1
DA:4,1
DA:5,1
DA:6,1
DA:7,1
DA:8,1
DA:9,1
DA:10,1
DA:11,1
DA:12,1
DA:13,1
DA:14,1
DA:15,1
DA:16,1
DA:17,1
DA:18,1
DA:19,1
DA:20,1
DA:21,1
DA:22,1
DA:23,1
DA:24,1
DA:25,1
DA:26,1
DA:27,1
DA:28,1
DA:29,1
DA:30,1
DA:31,1
DA:32,1
DA:33,1
DA:34,1
DA:35,1
DA:36,1
DA:37,0
DA:38,0
DA:39,0
DA:40,0
DA:41,0
DA:42,1
DA:43,1
DA:44,1
DA:45,0
DA:46,0
DA:47,0
DA:48,0
DA:49,0
DA:50,0
DA:51,0
DA:52,0
DA:53,0
DA:54,0
DA:55,0
DA:56,0
DA:57,0
DA:58,0
DA:59,0
DA:60,0
DA:61,0
DA:62,0
DA:63,0
DA:64,0
DA:65,0
DA:66,0
DA:67,0
DA:68,0
DA:69,0
DA:70,0
DA:71,0
DA:72,0
DA:73,0
DA:74,0
DA:75,0
DA:76,0
DA:77,0
DA:78,0
DA:79,0
DA:80,0
DA:81,0
DA:82,0
DA:83,0
DA:84,0
DA:85,0
DA:86,0
DA:87,0
DA:88,0
DA:89,0
DA:90,0
DA:91,0
DA:92,0
DA:93,0
DA:94,0
DA:95,0
DA:96,1
DA:97,1
DA:98,0
DA:99,0
DA:100,0
DA:101,0
DA:102,0
DA:103,0
DA:104,0
DA:105,0
DA:106,0
DA:107,0
DA:108,0
DA:109,0
DA:110,0
DA:111,0
DA:112,0
DA:113,1
DA:114,1
DA:115,0
DA:116,0
DA:117,0
DA:118,0
DA:119,0
DA:120,0
DA:121,1
DA:122,1
DA:123,1
DA:124,0
DA:125,0
DA:126,0
DA:127,0
DA:128,0
DA:129,0
DA:130,0
DA:131,0
DA:132,0
DA:133,0
DA:134,0
DA:135,0
DA:136,0
DA:137,0
DA:138,0
DA:139,0
DA:140,0
DA:141,0
DA:142,0
DA:143,1
DA:144,1
DA:145,0
DA:146,0
DA:147,0
DA:148,0
DA:149,0
DA:150,0
DA:151,0
DA:152,0
DA:153,0
DA:154,0
DA:155,0
DA:156,0
DA:157,0
DA:158,0
DA:159,0
DA:160,0
DA:161,0
DA:162,1
DA:163,1
DA:164,0
DA:165,0
DA:166,1
DA:167,1
DA:168,1
DA:169,1
DA:170,1
DA:171,1
DA:172,1
DA:173,1
DA:174,1
DA:175,1
DA:176,1
DA:177,0
DA:178,0
DA:179,0
DA:180,0
DA:181,0
DA:182,0
DA:183,0
DA:184,0
DA:185,0
DA:186,0
DA:187,1
DA:188,1
DA:189,1
DA:190,1
DA:191,0
DA:192,0
DA:193,0
DA:194,0
DA:195,0
DA:196,0
DA:197,0
DA:198,0
DA:199,0
DA:200,0
LF:200
LH:65
BRF:0
BRH:0
end_of_record
TN:
SF:src/components/shared/utils/helpers/format-response.ts
FN:9,filterDisabledPositions
FN:22,formatPortfolioPosition
FN:54,isVerifiedOrNone
FN:62,isIDVReportNotAvailable
FN:65,getIDVErrorStatus
FN:91,formatIDVError
FN:119,formatOnfidoError
FN:126,getOnfidoError
FN:130,getIDVError
FNF:9
FNH:0
FNDA:0,filterDisabledPositions
FNDA:0,formatPortfolioPosition
FNDA:0,isVerifiedOrNone
FNDA:0,isIDVReportNotAvailable
FNDA:0,getIDVErrorStatus
FNDA:0,formatIDVError
FNDA:0,formatOnfidoError
FNDA:0,getOnfidoError
FNDA:0,getIDVError
DA:1,1
DA:2,1
DA:3,1
DA:4,1
DA:5,1
DA:6,1
DA:7,1
DA:8,1
DA:9,1
DA:10,0
DA:11,0
DA:12,0
DA:13,0
DA:14,0
DA:15,0
DA:16,0
DA:17,0
DA:18,0
DA:19,0
DA:20,0
DA:21,1
DA:22,1
DA:23,0
DA:24,0
DA:25,0
DA:26,0
DA:27,0
DA:28,0
DA:29,0
DA:30,0
DA:31,0
DA:32,0
DA:33,0
DA:34,0
DA:35,0
DA:36,0
DA:37,0
DA:38,0
DA:39,0
DA:40,0
DA:41,0
DA:42,0
DA:43,0
DA:44,0
DA:45,0
DA:46,0
DA:47,0
DA:48,0
DA:49,0
DA:50,1
DA:51,1
DA:52,1
DA:53,1
DA:54,1
DA:55,0
DA:56,0
DA:57,0
DA:58,0
DA:59,0
DA:60,0
DA:61,1
DA:62,1
DA:63,1
DA:64,1
DA:65,1
DA:66,0
DA:67,0
DA:68,0
DA:69,0
DA:70,0
DA:71,0
DA:72,0
DA:73,0
DA:74,0
DA:75,0
DA:76,0
DA:77,0
DA:78,0
DA:79,0
DA:80,0
DA:81,0
DA:82,0
DA:83,0
DA:84,0
DA:85,0
DA:86,0
DA:87,0
DA:88,0
DA:89,1
DA:90,1
DA:91,1
DA:92,0
DA:93,0
DA:94,0
DA:95,0
DA:96,0
DA:97,0
DA:98,0
DA:99,0
DA:100,0
DA:101,0
DA:102,0
DA:103,0
DA:104,0
DA:105,0
DA:106,0
DA:107,0
DA:108,0
DA:109,0
DA:110,0
DA:111,0
DA:112,0
DA:113,0
DA:114,0
DA:115,0
DA:116,0
DA:117,0
DA:118,1
DA:119,1
DA:120,0
DA:121,0
DA:122,0
DA:123,0
DA:124,0
DA:125,1
DA:126,1
DA:127,0
DA:128,0
DA:129,1
DA:130,1
DA:131,0
DA:132,0
LF:132
LH:30
BRF:0
BRH:0
end_of_record
TN:
SF:src/components/shared/utils/helpers/index.ts
FNF:0
FNH:0
DA:1,1
DA:2,1
DA:3,1
DA:4,1
DA:5,1
DA:6,1
DA:7,1
DA:8,1
DA:9,1
DA:10,1
DA:11,1
DA:12,1
LF:12
LH:12
BRF:0
BRH:0
end_of_record
TN:
SF:src/components/shared/utils/helpers/logic.ts
FN:10,sortApiData
FN:27,isContractElapsed
FN:37,isEndedBeforeCancellationExpired
FN:42,isSoldBeforeStart
FN:45,hasContractStarted
FN:48,isUserCancelled
FN:50,getEndTime
FN:74,getBuyPrice
FN:78,isContractSupportedAndStarted
FNF:9
FNH:0
FNDA:0,sortApiData
FNDA:0,isContractElapsed
FNDA:0,isEndedBeforeCancellationExpired
FNDA:0,isSoldBeforeStart
FNDA:0,hasContractStarted
FNDA:0,isUserCancelled
FNDA:0,getEndTime
FNDA:0,getBuyPrice
FNDA:0,isContractSupportedAndStarted
DA:1,1
DA:2,1
DA:3,1
DA:4,1
DA:5,1
DA:6,1
DA:7,1
DA:8,1
DA:9,1
DA:10,1
DA:11,0
DA:12,0
DA:13,0
DA:14,0
DA:15,0
DA:16,0
DA:17,0
DA:18,0
DA:19,0
DA:20,0
DA:21,0
DA:22,0
DA:23,0
DA:24,0
DA:25,0
DA:26,1
DA:27,1
DA:28,0
DA:29,0
DA:30,0
DA:31,0
DA:32,0
DA:33,0
DA:34,0
DA:35,0
DA:36,1
DA:37,1
DA:38,0
DA:39,0
DA:40,0
DA:41,1
DA:42,1
DA:43,1
DA:44,1
DA:45,1
DA:46,1
DA:47,1
DA:48,1
DA:49,1
DA:50,1
DA:51,0
DA:52,0
DA:53,0
DA:54,0
DA:55,0
DA:56,0
DA:57,0
DA:58,0
DA:59,0
DA:60,0
DA:61,0
DA:62,0
DA:63,0
DA:64,0
DA:65,0
DA:66,0
DA:67,0
DA:68,0
DA:69,0
DA:70,0
DA:71,0
DA:72,0
DA:73,1
DA:74,1
DA:75,0
DA:76,0
DA:77,1
DA:78,1
DA:79,0
DA:80,0
DA:81,0
DA:82,0
DA:83,1
LF:83
LH:29
BRF:0
BRH:0
end_of_record
TN:
SF:src/components/shared/utils/helpers/market-underlying.ts
FN:17,getContractDurationType
FN:37,getMarketInformation
FN:53,getMarketName
FN:56,getTradeTypeName
FNF:4
FNH:0
FNDA:0,getContractDurationType
FNDA:0,getMarketInformation
FNDA:0,getMarketName
FNDA:0,getTradeTypeName
DA:1,1
DA:2,1
DA:3,1
DA:4,1
DA:5,1
DA:6,1
DA:7,1
DA:8,1
DA:9,1
DA:10,1
DA:11,1
DA:12,1
DA:13,1
DA:14,1
DA:15,1
DA:16,1
DA:17,1
DA:18,0
DA:19,0
DA:20,0
DA:21,0
DA:22,0
DA:23,0
DA:24,0
DA:25,0
DA:26,0
DA:27,0
DA:28,0
DA:29,1
DA:30,1
DA:31,1
DA:32,1
DA:33,1
DA:34,1
DA:35,1
DA:36,1
DA:37,1
DA:38,0
DA:39,0
DA:40,0
DA:41,0
DA:42,0
DA:43,0
DA:44,0
DA:45,0
DA:46,0
DA:47,0
DA:48,0
DA:49,0
DA:50,0
DA:51,0
DA:52,1
DA:53,1
DA:54,1
DA:55,1
DA:56,1
DA:57,0
DA:58,0
DA:59,0
DA:60,0
DA:61,0
DA:62,0
DA:63,0
DA:64,0
DA:65,0
LF:65
LH:31
BRF:0
BRH:0
end_of_record
TN:
SF:src/components/shared/utils/helpers/portfolio-notifications.tsx
FN:5,contractSold
FN:20,contractCancelled
FNF:2
FNH:0
FNDA:0,contractSold
FNDA:0,contractCancelled
DA:1,1
DA:2,1
DA:3,1
DA:4,1
DA:5,1
DA:6,0
DA:7,0
DA:8,0
DA:9,0
DA:10,0
DA:11,0
DA:12,0
DA:13,0
DA:14,0
DA:15,0
DA:16,0
DA:17,0
DA:18,1
DA:19,1
DA:20,1
DA:21,0
DA:22,0
DA:23,0
DA:24,0
DA:25,0
DA:26,0
DA:27,0
DA:28,0
DA:29,0
DA:30,0
DA:31,0
DA:32,0
DA:33,1
LF:33
LH:9
BRF:0
BRH:0
end_of_record
TN:
SF:src/components/shared/utils/helpers/start-date.ts
FN:14,buildForwardStartingConfig
FNF:1
FNH:0
FNDA:0,buildForwardStartingConfig
DA:1,1
DA:2,1
DA:3,1
DA:4,1
DA:5,1
DA:6,1
DA:7,1
DA:8,1
DA:9,1
DA:10,1
DA:11,1
DA:12,1
DA:13,1
DA:14,1
DA:15,0
DA:16,0
DA:17,0
DA:18,0
DA:19,0
DA:20,0
DA:21,0
DA:22,0
DA:23,0
DA:24,0
DA:25,0
DA:26,0
DA:27,0
DA:28,0
DA:29,0
DA:30,0
DA:31,0
DA:32,0
DA:33,0
DA:34,0
DA:35,0
DA:36,0
DA:37,0
DA:38,0
LF:38
LH:14
BRF:0
BRH:0
end_of_record
TN:
SF:src/components/shared/utils/helpers/validation-rules.ts
FN:12,getContractValidationRules
FNF:1
FNH:0
FNDA:0,getContractValidationRules
DA:1,1
DA:2,1
DA:3,1
DA:4,1
DA:5,1
DA:6,1
DA:7,1
DA:8,1
DA:9,1
DA:10,1
DA:11,1
DA:12,1
DA:13,0
DA:14,0
DA:15,0
DA:16,0
DA:17,0
DA:18,0
DA:19,0
DA:20,0
DA:21,0
DA:22,0
DA:23,0
DA:24,0
DA:25,0
DA:26,0
DA:27,0
DA:28,0
DA:29,0
DA:30,0
DA:31,0
DA:32,0
DA:33,0
DA:34,0
DA:35,0
DA:36,0
DA:37,0
DA:38,0
DA:39,0
DA:40,0
DA:41,0
DA:42,0
DA:43,0
DA:44,0
DA:45,0
DA:46,0
DA:47,0
DA:48,0
DA:49,0
DA:50,0
DA:51,0
DA:52,0
DA:53,0
DA:54,0
DA:55,0
DA:56,0
DA:57,0
DA:58,0
DA:59,0
DA:60,0
DA:61,0
DA:62,0
DA:63,0
DA:64,0
DA:65,0
DA:66,0
DA:67,0
DA:68,0
DA:69,0
DA:70,0
DA:71,0
DA:72,0
DA:73,1
LF:73
LH:13
BRF:0
BRH:0
end_of_record
TN:
SF:src/components/shared/utils/hooks/index.ts
FNF:0
FNH:0
DA:1,1
DA:2,1
LF:2
LH:2
BRF:0
BRH:0
end_of_record
TN:
SF:src/components/shared/utils/hooks/mounted.tsx
FN:3,useIsMounted
FNF:1
FNH:0
FNDA:0,useIsMounted
DA:1,1
DA:2,1
DA:3,1
DA:4,0
DA:5,0
DA:6,0
DA:7,0
DA:8,0
DA:9,0
DA:10,0
DA:11,0
DA:12,0
DA:13,0
DA:14,0
LF:14
LH:3
BRF:0
BRH:0
end_of_record
TN:
SF:src/components/shared/utils/hooks/new-row-transition.tsx
FN:3,useNewRowTransition
FNF:1
FNH:0
FNDA:0,useNewRowTransition
DA:1,1
DA:2,1
DA:3,1
DA:4,0
DA:5,0
DA:6,0
DA:7,0
DA:8,0
DA:9,0
DA:10,0
DA:11,0
LF:11
LH:3
BRF:0
BRH:0
end_of_record
TN:
SF:src/components/shared/utils/loader/index.ts
FNF:0
FNH:0
DA:1,1
LF:1
LH:1
BRF:0
BRH:0
end_of_record
TN:
SF:src/components/shared/utils/loader/lazy-load.tsx
FN:4,makeLazyLoader
FNF:1
FNH:0
FNDA:0,makeLazyLoader
DA:1,1
DA:2,1
DA:3,1
DA:4,1
DA:5,0
DA:6,0
DA:7,0
DA:8,0
DA:9,0
DA:10,0
DA:11,0
DA:12,0
DA:13,0
DA:14,0
DA:15,0
DA:16,1
LF:16
LH:5
BRF:0
BRH:0
end_of_record
TN:
SF:src/components/shared/utils/loader-handler/index.ts
FNF:0
FNH:0
DA:1,1
LF:1
LH:1
BRF:0
BRH:0
end_of_record
TN:
SF:src/components/shared/utils/loader-handler/loader-handler.ts
FN:1,moduleLoader
FNF:1
FNH:0
FNDA:0,moduleLoader
DA:1,1
DA:2,0
DA:3,0
DA:4,0
DA:5,0
DA:6,0
DA:7,0
DA:8,0
DA:9,0
DA:10,0
DA:11,0
DA:12,0
DA:13,0
DA:14,0
DA:15,0
DA:16,0
LF:16
LH:1
BRF:0
BRH:0
end_of_record
TN:
SF:src/components/shared/utils/location/index.ts
FNF:0
FNH:0
DA:1,1
LF:1
LH:1
BRF:0
BRH:0
end_of_record
TN:
SF:src/components/shared/utils/location/location.ts
FN:3,getLocation
FNF:1
FNH:0
FNDA:0,getLocation
DA:1,1
DA:2,1
DA:3,1
DA:4,0
DA:5,0
DA:6,0
DA:7,0
DA:8,0
DA:9,0
DA:10,0
LF:10
LH:3
BRF:0
BRH:0
end_of_record
TN:
SF:src/components/shared/utils/number/index.ts
FNF:0
FNH:0
DA:1,1
LF:1
LH:1
BRF:0
BRH:0
end_of_record
TN:
SF:src/components/shared/utils/number/number_util.ts
FN:1,cryptoMathRandom
FNF:1
FNH:0
FNDA:0,cryptoMathRandom
DA:1,1
DA:2,0
DA:3,0
DA:4,0
DA:5,0
LF:5
LH:1
BRF:0
BRH:0
end_of_record
TN:
SF:src/components/shared/utils/object/clone.js
FN:5,_instanceof
FN:15,nativeMap
FN:22,nativeSet
FN:29,nativePromise
FN:53,clone
FN:220,clonePrototype
FN:230,__objToStr
FN:235,__isDate
FN:240,__isArray
FN:245,__isRegExp
FN:250,__getRegExpFlags
FNF:11
FNH:0
FNDA:0,_instanceof
FNDA:0,nativeMap
FNDA:0,nativeSet
FNDA:0,nativePromise
FNDA:0,clone
FNDA:0,clonePrototype
FNDA:0,__objToStr
FNDA:0,__isDate
FNDA:0,__isArray
FNDA:0,__isRegExp
FNDA:0,__getRegExpFlags
DA:1,1
DA:2,1
DA:3,1
DA:4,1
DA:5,4
DA:6,0
DA:7,0
DA:8,4
DA:9,4
DA:10,4
DA:11,4
DA:12,4
DA:13,0
DA:14,0
DA:15,0
DA:16,0
DA:17,4
DA:18,4
DA:19,4
DA:20,4
DA:21,4
DA:22,0
DA:23,0
DA:24,4
DA:25,4
DA:26,4
DA:27,4
DA:28,4
DA:29,0
DA:30,0
DA:31,4
DA:32,4
DA:33,4
DA:34,4
DA:35,4
DA:36,4
DA:37,4
DA:38,4
DA:39,4
DA:40,4
DA:41,4
DA:42,4
DA:43,4
DA:44,4
DA:45,4
DA:46,4
DA:47,4
DA:48,4
DA:49,4
DA:50,4
DA:51,4
DA:52,4
DA:53,4
DA:54,0
DA:55,0
DA:56,0
DA:57,0
DA:58,0
DA:59,0
DA:60,0
DA:61,0
DA:62,0
DA:63,0
DA:64,0
DA:65,0
DA:66,0
DA:67,0
DA:68,0
DA:69,0
DA:70,0
DA:71,0
DA:72,0
DA:73,0
DA:74,0
DA:75,0
DA:76,0
DA:77,0
DA:78,0
DA:79,0
DA:80,0
DA:81,0
DA:82,0
DA:83,0
DA:84,0
DA:85,0
DA:86,0
DA:87,0
DA:88,0
DA:89,0
DA:90,0
DA:91,0
DA:92,0
DA:93,0
DA:94,0
DA:95,0
DA:96,0
DA:97,0
DA:98,0
DA:99,0
DA:100,0
DA:101,0
DA:102,0
DA:103,0
DA:104,0
DA:105,0
DA:106,0
DA:107,0
DA:108,0
DA:109,0
DA:110,0
DA:111,0
DA:112,0
DA:113,0
DA:114,0
DA:115,0
DA:116,0
DA:117,0
DA:118,0
DA:119,0
DA:120,0
DA:121,0
DA:122,0
DA:123,0
DA:124,0
DA:125,0
DA:126,0
DA:127,0
DA:128,0
DA:129,0
DA:130,0
DA:131,0
DA:132,0
DA:133,0
DA:134,0
DA:135,0
DA:136,0
DA:137,0
DA:138,0
DA:139,0
DA:140,0
DA:141,0
DA:142,0
DA:143,0
DA:144,0
DA:145,0
DA:146,0
DA:147,0
DA:148,0
DA:149,0
DA:150,0
DA:151,0
DA:152,0
DA:153,0
DA:154,0
DA:155,0
DA:156,0
DA:157,0
DA:158,0
DA:159,0
DA:160,0
DA:161,0
DA:162,0
DA:163,0
DA:164,0
DA:165,0
DA:166,0
DA:167,0
DA:168,0
DA:169,0
DA:170,0
DA:171,0
DA:172,0
DA:173,0
DA:174,0
DA:175,0
DA:176,0
DA:177,0
DA:178,0
DA:179,0
DA:180,0
DA:181,0
DA:182,0
DA:183,0
DA:184,0
DA:185,0
DA:186,0
DA:187,0
DA:188,0
DA:189,0
DA:190,0
DA:191,0
DA:192,0
DA:193,0
DA:194,0
DA:195,0
DA:196,0
DA:197,0
DA:198,0
DA:199,0
DA:200,0
DA:201,0
DA:202,0
DA:203,0
DA:204,0
DA:205,0
DA:206,0
DA:207,0
DA:208,0
DA:209,0
DA:210,0
DA:211,0
DA:212,4
DA:213,4
DA:214,4
DA:215,4
DA:216,4
DA:217,4
DA:218,4
DA:219,4
DA:220,4
DA:221,0
DA:222,0
DA:223,0
DA:224,0
DA:225,0
DA:226,4
DA:227,4
DA:228,4
DA:229,4
DA:230,4
DA:231,0
DA:232,0
DA:233,4
DA:234,4
DA:235,4
DA:236,0
DA:237,0
DA:238,4
DA:239,4
DA:240,4
DA:241,0
DA:242,0
DA:243,4
DA:244,4
DA:245,4
DA:246,0
DA:247,0
DA:248,4
DA:249,4
DA:250,4
DA:251,0
DA:252,0
DA:253,0
DA:254,0
DA:255,0
DA:256,0
DA:257,4
DA:258,4
DA:259,4
DA:260,1
DA:261,1
DA:262,1
DA:263,1
DA:264,1
DA:265,1
DA:266,1
DA:267,1
LF:267
LH:80
BRDA:262,0,0,0
BRDA:4,1,0,4
BRDA:12,2,0,0
BRDA:21,3,0,0
BRDA:28,4,0,0
BRF:5
BRH:1
end_of_record
TN:
SF:src/components/shared/utils/object/index.ts
FN:1,get
FNF:1
FNH:0
FNDA:0,get
DA:1,1
DA:2,1
LF:2
LH:2
BRF:0
BRH:0
end_of_record
TN:
SF:src/components/shared/utils/object/object.ts
FN:3,removeObjProperties
FN:8,filterObjProperties
FN:15,isEmptyObject
FN:25,cloneObject
FN:43,isDeepEqual
FN:57,isEqualArray
FN:60,isEqualObject
FN:66,unique
FN:69,getPropertyValue
FN:79,removeEmptyPropertiesFromObject
FN:91,sequence
FN:93,pick
FN:100,findValueByKeyRecursively
FN:127,deepFreeze
FNF:14
FNH:1
FNDA:0,removeObjProperties
FNDA:0,filterObjProperties
FNDA:29,isEmptyObject
FNDA:0,cloneObject
FNDA:0,isDeepEqual
FNDA:0,isEqualArray
FNDA:0,isEqualObject
FNDA:0,unique
FNDA:0,getPropertyValue
FNDA:0,removeEmptyPropertiesFromObject
FNDA:0,sequence
FNDA:0,pick
FNDA:0,findValueByKeyRecursively
FNDA:0,deepFreeze
DA:1,1
DA:2,1
DA:3,1
DA:4,0
DA:5,0
DA:6,0
DA:7,1
DA:8,1
DA:9,0
DA:10,0
DA:11,0
DA:12,0
DA:13,1
DA:14,1
DA:15,1
DA:16,29
DA:17,29
DA:18,0
DA:19,0
DA:20,0
DA:21,0
DA:22,29
DA:23,29
DA:24,1
DA:25,1
DA:26,0
DA:27,0
DA:28,0
DA:29,0
DA:30,0
DA:31,0
DA:32,0
DA:33,0
DA:34,0
DA:35,0
DA:36,0
DA:37,0
DA:38,0
DA:39,0
DA:40,0
DA:41,1
DA:42,1
DA:43,1
DA:44,0
DA:45,0
DA:46,0
DA:47,0
DA:48,0
DA:49,0
DA:50,0
DA:51,0
DA:52,0
DA:53,0
DA:54,0
DA:55,0
DA:56,1
DA:57,1
DA:58,1
DA:59,1
DA:60,1
DA:61,0
DA:62,0
DA:63,1
DA:64,1
DA:65,1
DA:66,1
DA:67,1
DA:68,1
DA:69,1
DA:70,0
DA:71,0
DA:72,0
DA:73,0
DA:74,0
DA:75,0
DA:76,0
DA:77,0
DA:78,1
DA:79,1
DA:80,0
DA:81,0
DA:82,0
DA:83,0
DA:84,0
DA:85,0
DA:86,0
DA:87,0
DA:88,0
DA:89,0
DA:90,1
DA:91,1
DA:92,1
DA:93,1
DA:94,0
DA:95,0
DA:96,0
DA:97,0
DA:98,0
DA:99,1
DA:100,1
DA:101,0
DA:102,0
DA:103,0
DA:104,0
DA:105,0
DA:106,0
DA:107,0
DA:108,0
DA:109,0
DA:110,0
DA:111,0
DA:112,0
DA:113,0
DA:114,0
DA:115,0
DA:116,0
DA:117,0
DA:118,0
DA:119,0
DA:120,0
DA:121,0
DA:122,0
DA:123,0
DA:124,0
DA:125,1
DA:126,1
DA:127,1
DA:128,0
DA:129,0
DA:130,0
DA:131,0
DA:132,0
DA:133,0
DA:134,0
DA:135,0
LF:135
LH:40
BRDA:15,0,0,29
BRDA:17,1,0,0
BRDA:17,2,0,0
BRF:3
BRH:1
end_of_record
TN:
SF:src/components/shared/utils/os/index.ts
FNF:0
FNH:0
DA:1,1
LF:1
LH:1
BRF:0
BRH:0
end_of_record
TN:
SF:src/components/shared/utils/os/os_detect.ts
FN:55,isDesktopOs
FN:60,isMobileOs
FN:63,OSDetect
FN:84,mobileOSDetect
FN:228,validateHuaweiCodes
FN:236,mobileOSDetectAsync
FN:263,getOSNameWithUAParser
FNF:7
FNH:0
FNDA:0,isDesktopOs
FNDA:0,isMobileOs
FNDA:0,OSDetect
FNDA:0,mobileOSDetect
FNDA:0,validateHuaweiCodes
FNDA:0,mobileOSDetectAsync
FNDA:0,getOSNameWithUAParser
DA:1,1
DA:2,1
DA:3,1
DA:4,1
DA:5,1
DA:6,1
DA:7,1
DA:8,1
DA:9,1
DA:10,1
DA:11,1
DA:12,1
DA:13,1
DA:14,1
DA:15,1
DA:16,1
DA:17,1
DA:18,1
DA:19,1
DA:20,1
DA:21,1
DA:22,1
DA:23,1
DA:24,1
DA:25,1
DA:26,1
DA:27,1
DA:28,1
DA:29,1
DA:30,1
DA:31,1
DA:32,1
DA:33,1
DA:34,1
DA:35,1
DA:36,1
DA:37,1
DA:38,1
DA:39,1
DA:40,1
DA:41,1
DA:42,1
DA:43,1
DA:44,1
DA:45,1
DA:46,1
DA:47,1
DA:48,1
DA:49,1
DA:50,1
DA:51,1
DA:52,1
DA:53,1
DA:54,1
DA:55,1
DA:56,0
DA:57,0
DA:58,0
DA:59,1
DA:60,1
DA:61,1
DA:62,1
DA:63,1
DA:64,0
DA:65,0
DA:66,0
DA:67,0
DA:68,0
DA:69,0
DA:70,0
DA:71,0
DA:72,0
DA:73,0
DA:74,0
DA:75,0
DA:76,0
DA:77,0
DA:78,0
DA:79,0
DA:80,0
DA:81,0
DA:82,0
DA:83,1
DA:84,1
DA:85,0
DA:86,0
DA:87,0
DA:88,0
DA:89,0
DA:90,0
DA:91,0
DA:92,0
DA:93,0
DA:94,0
DA:95,0
DA:96,0
DA:97,0
DA:98,0
DA:99,0
DA:100,0
DA:101,0
DA:102,0
DA:103,0
DA:104,0
DA:105,0
DA:106,0
DA:107,0
DA:108,0
DA:109,0
DA:110,1
DA:111,1
DA:112,1
DA:113,1
DA:114,1
DA:115,1
DA:116,1
DA:117,1
DA:118,1
DA:119,1
DA:120,1
DA:121,1
DA:122,1
DA:123,1
DA:124,1
DA:125,1
DA:126,1
DA:127,1
DA:128,1
DA:129,1
DA:130,1
DA:131,1
DA:132,1
DA:133,1
DA:134,1
DA:135,1
DA:136,1
DA:137,1
DA:138,1
DA:139,1
DA:140,1
DA:141,1
DA:142,1
DA:143,1
DA:144,1
DA:145,1
DA:146,1
DA:147,1
DA:148,1
DA:149,1
DA:150,1
DA:151,1
DA:152,1
DA:153,1
DA:154,1
DA:155,1
DA:156,1
DA:157,1
DA:158,1
DA:159,1
DA:160,1
DA:161,1
DA:162,1
DA:163,1
DA:164,1
DA:165,1
DA:166,1
DA:167,1
DA:168,1
DA:169,1
DA:170,1
DA:171,1
DA:172,1
DA:173,1
DA:174,1
DA:175,1
DA:176,1
DA:177,1
DA:178,1
DA:179,1
DA:180,1
DA:181,1
DA:182,1
DA:183,1
DA:184,1
DA:185,1
DA:186,1
DA:187,1
DA:188,1
DA:189,1
DA:190,1
DA:191,1
DA:192,1
DA:193,1
DA:194,1
DA:195,1
DA:196,1
DA:197,1
DA:198,1
DA:199,1
DA:200,1
DA:201,1
DA:202,1
DA:203,1
DA:204,1
DA:205,1
DA:206,1
DA:207,1
DA:208,1
DA:209,1
DA:210,1
DA:211,1
DA:212,1
DA:213,1
DA:214,1
DA:215,1
DA:216,1
DA:217,1
DA:218,1
DA:219,1
DA:220,1
DA:221,1
DA:222,1
DA:223,1
DA:224,1
DA:225,1
DA:226,1
DA:227,1
DA:228,0
DA:229,0
DA:230,0
DA:231,0
DA:232,0
DA:233,0
DA:234,0
DA:235,1
DA:236,1
DA:237,0
DA:238,0
DA:239,0
DA:240,0
DA:241,0
DA:242,0
DA:243,0
DA:244,0
DA:245,0
DA:246,0
DA:247,0
DA:248,0
DA:249,0
DA:250,0
DA:251,0
DA:252,0
DA:253,0
DA:254,0
DA:255,0
DA:256,0
DA:257,0
DA:258,0
DA:259,0
DA:260,0
DA:261,0
DA:262,1
DA:263,1
LF:263
LH:184
BRF:0
BRH:0
end_of_record
TN:
SF:src/components/shared/utils/promise/index.ts
FNF:0
FNH:0
DA:1,1
LF:1
LH:1
BRF:0
BRH:0
end_of_record
TN:
SF:src/components/shared/utils/promise/make-cancellable-promise.ts
FN:1,makeCancellablePromise
FNF:1
FNH:0
FNDA:0,makeCancellablePromise
DA:1,1
DA:2,0
DA:3,0
DA:4,0
DA:5,0
DA:6,0
DA:7,0
DA:8,0
DA:9,0
DA:10,0
DA:11,0
DA:12,0
DA:13,0
DA:14,0
DA:15,0
DA:16,0
DA:17,0
DA:18,0
DA:19,0
DA:20,0
DA:21,0
DA:22,0
DA:23,0
DA:24,0
DA:25,0
DA:26,0
DA:27,0
LF:27
LH:1
BRF:0
BRH:0
end_of_record
TN:
SF:src/components/shared/utils/routes/index.ts
FNF:0
FNH:0
DA:1,1
LF:1
LH:1
BRF:0
BRH:0
end_of_record
TN:
SF:src/components/shared/utils/routes/routes.ts
FN:56,getDerivDomain
FNF:1
FNH:1
FNDA:127,getDerivDomain
DA:1,1
DA:2,1
DA:3,1
DA:4,1
DA:5,1
DA:6,1
DA:7,1
DA:8,1
DA:9,1
DA:10,1
DA:11,1
DA:12,1
DA:13,1
DA:14,1
DA:15,1
DA:16,1
DA:17,1
DA:18,1
DA:19,1
DA:20,1
DA:21,1
DA:22,1
DA:23,1
DA:24,1
DA:25,1
DA:26,1
DA:27,1
DA:28,1
DA:29,1
DA:30,1
DA:31,1
DA:32,1
DA:33,1
DA:34,1
DA:35,1
DA:36,1
DA:37,1
DA:38,1
DA:39,1
DA:40,1
DA:41,1
DA:42,1
DA:43,1
DA:44,1
DA:45,1
DA:46,1
DA:47,1
DA:48,1
DA:49,1
DA:50,1
DA:51,1
DA:52,1
DA:53,1
DA:54,1
DA:55,1
DA:56,1
DA:57,127
DA:58,127
DA:59,127
DA:60,127
DA:61,127
DA:62,127
DA:63,127
DA:64,127
DA:65,127
DA:66,127
DA:67,127
DA:68,127
DA:69,127
DA:70,127
DA:71,127
DA:72,127
DA:73,127
DA:74,127
DA:75,26
DA:76,26
DA:77,101
DA:78,127
DA:79,61
DA:80,61
DA:81,40
DA:82,127
DA:83,3
DA:84,3
DA:85,37
DA:86,37
DA:87,1
DA:88,1
DA:89,1
DA:90,1
DA:91,1
DA:92,1
DA:93,1
DA:94,1
DA:95,1
DA:96,1
DA:97,1
DA:98,1
DA:99,1
DA:100,1
DA:101,1
DA:102,1
DA:103,1
DA:104,1
DA:105,1
DA:106,1
DA:107,1
DA:108,1
DA:109,1
DA:110,1
DA:111,1
DA:112,1
DA:113,1
DA:114,1
DA:115,1
DA:116,1
DA:117,1
DA:118,1
LF:118
LH:118
BRDA:56,0,0,127
BRDA:58,1,0,0
BRDA:58,2,0,0
BRDA:65,3,0,126
BRDA:67,4,0,124
BRDA:68,5,0,2
BRDA:69,6,0,125
BRDA:69,7,0,124
BRDA:69,8,0,2
BRDA:74,9,0,31
BRDA:74,10,0,26
BRDA:77,11,0,101
BRDA:78,12,0,61
BRDA:78,13,0,61
BRDA:81,14,0,40
BRDA:82,15,0,3
BRDA:83,16,0,0
BRDA:85,17,0,37
BRF:18
BRH:15
end_of_record
TN:
SF:src/components/shared/utils/screen/index.ts
FNF:0
FNH:0
DA:1,1
LF:1
LH:1
BRF:0
BRH:0
end_of_record
TN:
SF:src/components/shared/utils/screen/responsive.ts
FN:14,isTouchDevice
FN:21,isMobile
FN:22,isDesktop
FN:23,isTablet
FN:24,isTabletDrawer
FNF:5
FNH:3
FNDA:0,isTouchDevice
FNDA:5,isMobile
FNDA:5,isDesktop
FNDA:5,isTablet
FNDA:0,isTabletDrawer
DA:1,1
DA:2,1
DA:3,1
DA:4,1
DA:5,1
DA:6,1
DA:7,1
DA:8,1
DA:9,1
DA:10,1
DA:11,1
DA:12,1
DA:13,1
DA:14,1
DA:15,0
DA:16,0
DA:17,0
DA:18,0
DA:19,1
DA:20,1
DA:21,1
DA:22,1
DA:23,1
DA:24,1
LF:24
LH:20
BRDA:21,0,0,5
BRDA:22,1,0,5
BRDA:22,2,0,0
BRDA:23,3,0,5
BRF:4
BRH:3
end_of_record
TN:
SF:src/components/shared/utils/shortcode/index.ts
FNF:0
FNH:0
DA:1,1
LF:1
LH:1
BRF:0
BRH:0
end_of_record
TN:
SF:src/components/shared/utils/shortcode/shortcode.ts
FN:37,extractInfoFromShortcode
FN:83,isHighLow
FN:88,getStartTime
FN:94,isForwardStarting
FN:99,hasForwardContractStarted
FNF:5
FNH:0
FNDA:0,extractInfoFromShortcode
FNDA:0,isHighLow
FNDA:0,getStartTime
FNDA:0,isForwardStarting
FNDA:0,hasForwardContractStarted
DA:1,1
DA:2,1
DA:3,1
DA:4,1
DA:5,1
DA:6,1
DA:7,1
DA:8,1
DA:9,1
DA:10,1
DA:11,1
DA:12,1
DA:13,1
DA:14,1
DA:15,1
DA:16,1
DA:17,1
DA:18,1
DA:19,1
DA:20,1
DA:21,1
DA:22,1
DA:23,1
DA:24,1
DA:25,1
DA:26,1
DA:27,1
DA:28,1
DA:29,1
DA:30,1
DA:31,1
DA:32,1
DA:33,1
DA:34,1
DA:35,1
DA:36,1
DA:37,1
DA:38,0
DA:39,0
DA:40,0
DA:41,0
DA:42,0
DA:43,0
DA:44,0
DA:45,0
DA:46,0
DA:47,0
DA:48,0
DA:49,0
DA:50,0
DA:51,0
DA:52,0
DA:53,0
DA:54,0
DA:55,0
DA:56,0
DA:57,0
DA:58,0
DA:59,0
DA:60,0
DA:61,0
DA:62,0
DA:63,0
DA:64,0
DA:65,0
DA:66,0
DA:67,0
DA:68,0
DA:69,0
DA:70,0
DA:71,0
DA:72,0
DA:73,0
DA:74,0
DA:75,0
DA:76,0
DA:77,0
DA:78,0
DA:79,0
DA:80,0
DA:81,0
DA:82,1
DA:83,1
DA:84,0
DA:85,0
DA:86,0
DA:87,1
DA:88,1
DA:89,0
DA:90,0
DA:91,0
DA:92,0
DA:93,1
DA:94,1
DA:95,0
DA:96,0
DA:97,0
DA:98,1
DA:99,1
DA:100,0
DA:101,0
DA:102,0
LF:102
LH:45
BRF:0
BRH:0
end_of_record
TN:
SF:src/components/shared/utils/storage/index.ts
FNF:0
FNH:0
DA:1,1
LF:1
LH:1
BRF:0
BRH:0
end_of_record
TN:
SF:src/components/shared/utils/storage/storage.ts
FN:14,getObject
FN:18,setObject
FN:33,isStorageSupported
FN:48,Store
FN:55,get
FN:58,set
FN:63,getObject
FN:68,setObject
FN:76,remove
FN:79,clear
FN:84,InScriptStore
FN:89,get
FN:92,set
FN:107,getObject
FN:110,setObject
FN:113,remove
FN:118,clear
FN:121,has
FN:124,keys
FN:127,call
FN:139,Object.<anonymous>.exports.State.getResponse
FN:150,CookieStorage
FN:166,read
FN:175,write
FN:186,get
FN:190,set
FN:199,remove
FN:207,removeCookies
FNF:28
FNH:4
FNDA:0,getObject
FNDA:0,setObject
FNDA:8,isStorageSupported
FNDA:8,Store
FNDA:0,get
FNDA:0,set
FNDA:0,getObject
FNDA:0,setObject
FNDA:0,remove
FNDA:0,clear
FNDA:4,InScriptStore
FNDA:0,get
FNDA:4,set
FNDA:0,getObject
FNDA:0,setObject
FNDA:0,remove
FNDA:0,clear
FNDA:0,has
FNDA:0,keys
FNDA:0,call
FNDA:0,Object.<anonymous>.exports.State.getResponse
FNDA:0,CookieStorage
FNDA:0,read
FNDA:0,write
FNDA:0,get
FNDA:0,set
FNDA:0,remove
FNDA:0,removeCookies
DA:1,1
DA:2,1
DA:3,1
DA:4,1
DA:5,1
DA:6,1
DA:7,1
DA:8,1
DA:9,1
DA:10,1
DA:11,1
DA:12,1
DA:13,1
DA:14,1
DA:15,0
DA:16,0
DA:17,1
DA:18,1
DA:19,0
DA:20,0
DA:21,0
DA:22,0
DA:23,0
DA:24,0
DA:25,0
DA:26,0
DA:27,1
DA:28,1
DA:29,1
DA:30,1
DA:31,1
DA:32,1
DA:33,1
DA:34,8
DA:35,0
DA:36,0
DA:37,8
DA:38,8
DA:39,8
DA:40,8
DA:41,8
DA:42,8
DA:43,8
DA:44,0
DA:45,0
DA:46,8
DA:47,1
DA:48,1
DA:49,8
DA:50,8
DA:51,8
DA:52,8
DA:53,1
DA:54,1
DA:55,1
DA:56,0
DA:57,1
DA:58,1
DA:59,0
DA:60,0
DA:61,0
DA:62,1
DA:63,1
DA:64,0
DA:65,0
DA:66,0
DA:67,1
DA:68,1
DA:69,0
DA:70,0
DA:71,0
DA:72,0
DA:73,0
DA:74,0
DA:75,1
DA:76,1
DA:77,0
DA:78,1
DA:79,1
DA:80,0
DA:81,1
DA:82,1
DA:83,1
DA:84,1
DA:85,4
DA:86,4
DA:87,1
DA:88,1
DA:89,1
DA:90,0
DA:91,1
DA:92,1
DA:93,4
DA:94,4
DA:95,4
DA:96,4
DA:97,4
DA:98,4
DA:99,4
DA:100,4
DA:101,0
DA:102,0
DA:103,4
DA:104,4
DA:105,4
DA:106,1
DA:107,1
DA:108,0
DA:109,1
DA:110,1
DA:111,0
DA:112,1
DA:113,1
DA:114,0
DA:115,0
DA:116,0
DA:117,1
DA:118,1
DA:119,0
DA:120,1
DA:121,1
DA:122,0
DA:123,1
DA:124,1
DA:125,0
DA:126,1
DA:127,1
DA:128,0
DA:129,1
DA:130,1
DA:131,1
DA:132,1
DA:133,1
DA:134,1
DA:135,1
DA:136,1
DA:137,1
DA:138,1
DA:139,1
DA:140,0
DA:141,0
DA:142,0
DA:143,0
DA:144,0
DA:145,0
DA:146,0
DA:147,1
DA:148,1
DA:149,1
DA:150,1
DA:151,0
DA:152,0
DA:153,0
DA:154,0
DA:155,0
DA:156,0
DA:157,0
DA:158,0
DA:159,0
DA:160,0
DA:161,0
DA:162,0
DA:163,0
DA:164,1
DA:165,1
DA:166,1
DA:167,0
DA:168,0
DA:169,0
DA:170,0
DA:171,0
DA:172,0
DA:173,0
DA:174,1
DA:175,1
DA:176,0
DA:177,0
DA:178,0
DA:179,0
DA:180,0
DA:181,0
DA:182,0
DA:183,0
DA:184,0
DA:185,1
DA:186,1
DA:187,0
DA:188,0
DA:189,1
DA:190,1
DA:191,0
DA:192,0
DA:193,0
DA:194,0
DA:195,0
DA:196,0
DA:197,0
DA:198,1
DA:199,1
DA:200,0
[...]
DA:23,1
DA:24,1
DA:25,1
DA:26,1
DA:27,1
DA:28,1
DA:29,1
DA:30,1
DA:31,1
DA:32,1
DA:33,1
DA:34,1
DA:35,1
DA:36,1
DA:37,1
DA:38,1
DA:39,1
DA:40,1
LF:40
LH:34
BRDA:9,0,0,0
BRDA:9,1,0,0
BRF:2
BRH:0
end_of_record
TN:
SF:src/services/supabase/status.service.ts
FN:3,isMissingColumnError
FN:10,saveStatus
FN:34,getStatus
FNF:3
FNH:1
FNDA:0,isMissingColumnError
FNDA:17,saveStatus
FNDA:0,getStatus
DA:1,1
DA:2,1
DA:3,1
DA:4,0
DA:5,0
DA:6,0
DA:7,0
DA:8,1
DA:9,1
DA:10,1
DA:11,17
DA:12,17
DA:13,17
DA:14,17
DA:15,0
DA:16,0
DA:17,0
DA:18,0
DA:19,0
DA:20,0
DA:21,0
DA:22,0
DA:23,0
DA:24,0
DA:25,0
DA:26,0
DA:27,0
DA:28,0
DA:29,0
DA:30,0
DA:31,0
DA:32,1
DA:33,1
DA:34,1
DA:35,0
DA:36,0
DA:37,0
DA:38,0
DA:39,0
DA:40,0
DA:41,0
DA:42,0
DA:43,0
DA:44,0
DA:45,0
DA:46,0
DA:47,0
DA:48,0
DA:49,0
DA:50,0
DA:51,0
DA:52,0
DA:53,0
DA:54,0
DA:55,0
DA:56,0
DA:57,1
DA:58,1
LF:58
LH:15
BRDA:10,0,0,17
BRDA:15,1,0,0
BRF:2
BRH:1
end_of_record
TN:
SF:src/utils/account-helpers.ts
FN:17,isDemoAccount
FN:36,getAccountType
FN:55,getAccountId
FN:87,isVirtualAccount
FN:106,getDeviceType
FN:116,removeUrlParameter
FNF:6
FNH:6
FNDA:19,isDemoAccount
FNDA:9,getAccountType
FNDA:6,getAccountId
FNDA:6,isVirtualAccount
FNDA:5,getDeviceType
FNDA:10,removeUrlParameter
DA:1,1
DA:2,1
DA:3,1
DA:4,1
DA:5,1
DA:6,1
DA:7,1
DA:8,1
DA:9,1
DA:10,1
DA:11,1
DA:12,1
DA:13,1
DA:14,1
DA:15,1
DA:16,1
DA:17,1
DA:18,19
DA:19,16
DA:20,16
DA:21,16
DA:22,19
DA:23,19
DA:24,9
DA:25,19
DA:26,19
DA:27,1
DA:28,1
DA:29,1
DA:30,1
DA:31,1
DA:32,1
DA:33,1
DA:34,1
DA:35,1
DA:36,1
DA:37,9
DA:38,9
DA:39,9
DA:40,6
DA:41,6
DA:42,3
DA:43,3
DA:44,3
DA:45,9
DA:46,0
DA:47,0
DA:48,0
DA:49,9
DA:50,1
DA:51,1
DA:52,1
DA:53,1
DA:54,1
DA:55,1
DA:56,6
DA:57,6
DA:58,6
DA:59,6
DA:60,6
DA:61,6
DA:62,6
DA:63,1
DA:64,1
DA:65,6
DA:66,6
DA:67,4
DA:68,4
DA:69,4
DA:70,4
DA:71,4
DA:72,4
DA:73,4
DA:74,2
DA:75,2
DA:76,2
DA:77,2
DA:78,1
DA:79,1
DA:80,1
DA:81,1
DA:82,1
DA:83,1
DA:84,1
DA:85,1
DA:86,1
DA:87,1
DA:88,6
DA:89,6
DA:90,2
DA:91,2
DA:92,4
DA:93,4
DA:94,4
DA:95,4
DA:96,4
DA:97,6
DA:98,1
DA:99,1
DA:100,6
DA:101,1
DA:102,1
DA:103,1
DA:104,1
DA:105,1
DA:106,1
DA:107,5
DA:108,5
DA:109,5
DA:110,5
DA:111,1
DA:112,1
DA:113,1
DA:114,1
DA:115,1
DA:116,1
DA:117,10
DA:118,10
DA:119,10
DA:120,10
LF:120
LH:117
BRDA:17,0,0,19
BRDA:18,1,0,3
BRDA:19,2,0,16
BRDA:21,3,0,13
BRDA:22,4,0,11
BRDA:23,5,0,9
BRDA:36,6,0,9
BRDA:39,7,0,6
BRDA:40,8,0,4
BRDA:40,9,0,2
BRDA:42,10,0,3
BRDA:45,11,0,0
BRDA:55,12,0,6
BRDA:62,13,0,1
BRDA:66,14,0,4
BRDA:74,15,0,2
BRDA:87,16,0,6
BRDA:89,17,0,2
BRDA:92,18,0,4
BRDA:97,19,0,1
BRDA:106,20,0,5
BRDA:108,21,0,1
BRDA:109,22,0,4
BRDA:109,23,0,2
BRDA:109,24,0,2
BRDA:116,25,0,10
BRF:26
BRH:25
end_of_record
TN:
SF:src/utils/apply-branding.ts
FN:11,applyPrimaryColor
FN:18,applyBrandFont
FNF:2
FNH:1
FNDA:1,applyPrimaryColor
FNDA:0,applyBrandFont
DA:1,1
DA:2,1
DA:3,1
DA:4,1
DA:5,1
DA:6,1
DA:7,1
DA:8,1
DA:9,1
DA:10,1
DA:11,1
DA:12,1
DA:13,1
DA:14,1
DA:15,1
DA:16,1
DA:17,1
DA:18,0
DA:19,0
DA:20,0
DA:21,0
LF:21
LH:17
BRDA:11,0,0,1
BRF:1
BRH:1
end_of_record
TN:
SF:src/utils/branding.ts
FN:14,getAppName
FNF:1
FNH:1
FNDA:10,getAppName
DA:1,1
DA:2,1
DA:3,1
DA:4,1
DA:5,1
DA:6,1
DA:7,1
DA:8,1
DA:9,1
DA:10,1
DA:11,1
DA:12,1
DA:13,1
DA:14,10
DA:15,10
DA:16,10
LF:16
LH:16
BRDA:14,0,0,10
BRDA:15,1,0,0
BRF:2
BRH:1
end_of_record
TN:
SF:src/utils/conditional-localize.ts
FN:57,conditionalLocalize
FN:71,localizeAccumulators
FN:79,localizeReverseMartingale
FN:87,localizeMartingale
FN:95,localizeDAlembert
FN:103,localizeOscarsGrind
FN:111,localizeReverseDAlembert
FN:119,localize1326
FN:127,localizeMartingaleOnStatReset
FN:135,localizeDAlembergOnStatReset
FN:143,localizeReverseDAlembergOnStatReset
FN:151,localizeReverseMartingaleOnStatReset
FNF:12
FNH:0
FNDA:0,conditionalLocalize
FNDA:0,localizeAccumulators
FNDA:0,localizeReverseMartingale
FNDA:0,localizeMartingale
FNDA:0,localizeDAlembert
FNDA:0,localizeOscarsGrind
FNDA:0,localizeReverseDAlembert
FNDA:0,localize1326
FNDA:0,localizeMartingaleOnStatReset
FNDA:0,localizeDAlembergOnStatReset
FNDA:0,localizeReverseDAlembergOnStatReset
FNDA:0,localizeReverseMartingaleOnStatReset
DA:1,1
DA:2,1
DA:3,1
DA:4,1
DA:5,1
DA:6,1
DA:7,1
DA:8,1
DA:9,1
DA:10,1
DA:11,1
DA:12,1
DA:13,1
DA:14,1
DA:15,1
DA:16,1
DA:17,1
DA:18,1
DA:19,1
DA:20,1
DA:21,1
DA:22,1
DA:23,1
DA:24,1
DA:25,1
DA:26,1
DA:27,1
DA:28,1
DA:29,1
DA:30,1
DA:31,1
DA:32,1
DA:33,1
DA:34,1
DA:35,1
DA:36,1
DA:37,1
DA:38,1
DA:39,1
DA:40,1
DA:41,1
DA:42,1
DA:43,1
DA:44,1
DA:45,1
DA:46,1
DA:47,1
DA:48,1
DA:49,1
DA:50,1
DA:51,1
DA:52,1
DA:53,1
DA:54,1
DA:55,1
DA:56,1
DA:57,1
DA:58,0
DA:59,0
DA:60,0
DA:61,0
DA:62,0
DA:63,0
DA:64,0
DA:65,0
DA:66,1
DA:67,1
DA:68,1
DA:69,1
DA:70,1
DA:71,1
DA:72,0
DA:73,0
DA:74,1
DA:75,1
DA:76,1
DA:77,1
DA:78,1
DA:79,1
DA:80,0
DA:81,0
DA:82,1
DA:83,1
DA:84,1
DA:85,1
DA:86,1
DA:87,1
DA:88,0
DA:89,0
DA:90,1
DA:91,1
DA:92,1
DA:93,1
DA:94,1
DA:95,1
DA:96,0
DA:97,0
DA:98,1
DA:99,1
DA:100,1
DA:101,1
DA:102,1
DA:103,1
DA:104,0
DA:105,0
DA:106,1
DA:107,1
DA:108,1
DA:109,1
DA:110,1
DA:111,1
DA:112,0
DA:113,0
DA:114,1
DA:115,1
DA:116,1
DA:117,1
DA:118,1
DA:119,1
DA:120,0
DA:121,0
DA:122,1
DA:123,1
DA:124,1
DA:125,1
DA:126,1
DA:127,1
DA:128,0
DA:129,0
DA:130,1
DA:131,1
DA:132,1
DA:133,1
DA:134,1
DA:135,1
DA:136,0
DA:137,0
DA:138,1
DA:139,1
DA:140,1
DA:141,1
DA:142,1
DA:143,1
DA:144,0
DA:145,0
DA:146,1
DA:147,1
DA:148,1
DA:149,1
DA:150,1
DA:151,1
DA:152,0
DA:153,0
LF:153
LH:123
BRF:0
BRH:0
end_of_record
TN:
SF:src/utils/custom-demo-icon-utils.tsx
FN:23,safeGet
FN:26,safeSet
FN:29,safeRemove
FN:44,isCustomDemoIconActive
FN:49,setCustomDemoIconActive
FNF:5
FNH:2
FNDA:17,safeGet
FNDA:0,safeSet
FNDA:0,safeRemove
FNDA:16,isCustomDemoIconActive
FNDA:0,setCustomDemoIconActive
DA:1,1
DA:2,1
DA:3,1
DA:4,1
DA:5,1
DA:6,1
DA:7,1
DA:8,1
DA:9,1
DA:10,1
DA:11,1
DA:12,1
DA:13,1
DA:14,1
DA:15,1
DA:16,1
DA:17,1
DA:18,1
DA:19,1
DA:20,1
DA:21,1
DA:22,1
DA:23,17
DA:24,17
DA:25,17
DA:26,0
DA:27,0
DA:28,0
DA:29,0
DA:30,0
DA:31,0
DA:32,1
DA:33,1
DA:34,1
DA:35,1
DA:36,1
DA:37,1
DA:38,0
DA:39,0
DA:40,0
DA:41,1
DA:42,1
DA:43,1
DA:44,1
DA:45,16
DA:46,16
DA:47,16
DA:48,1
DA:49,1
DA:50,0
DA:51,0
DA:52,0
DA:53,0
LF:53
LH:40
BRDA:37,0,0,0
BRDA:41,1,0,0
BRDA:23,2,0,17
BRDA:24,3,0,0
BRDA:44,4,0,16
BRDA:45,5,0,0
BRF:6
BRH:2
end_of_record
TN:
SF:src/utils/document-branding.ts
FN:12,applyDocumentTitle
FN:20,setFaviconHref
FN:38,buildLetterFaviconUri
FN:64,applyFaviconFromLogo
FN:73,tryCandidate
FN:80,img.onload
FN:81,img.onerror
FN:93,applyBrandFontFromConfig
FN:105,applyPrimaryColorFromConfig
FNF:9
FNH:6
FNDA:0,applyDocumentTitle
FNDA:2,setFaviconHref
FNDA:2,buildLetterFaviconUri
FNDA:3,applyFaviconFromLogo
FNDA:7,tryCandidate
FNDA:0,img.onload
FNDA:5,img.onerror
FNDA:0,applyBrandFontFromConfig
FNDA:2,applyPrimaryColorFromConfig
DA:1,1
DA:2,1
DA:3,1
DA:4,1
DA:5,1
DA:6,1
DA:7,1
DA:8,1
DA:9,1
DA:10,1
DA:11,1
DA:12,0
DA:13,0
DA:14,0
DA:15,0
DA:16,1
DA:17,1
DA:18,1
DA:19,1
DA:20,2
DA:21,2
DA:22,2
DA:23,1
DA:24,1
DA:25,1
DA:26,1
DA:27,2
DA:28,2
DA:29,2
DA:30,1
DA:31,1
DA:32,1
DA:33,1
DA:34,1
DA:35,1
DA:36,1
DA:37,1
DA:38,2
DA:39,2
DA:40,2
DA:41,2
DA:42,2
DA:43,2
DA:44,2
DA:45,2
DA:46,2
DA:47,2
DA:48,2
DA:49,2
DA:50,2
DA:51,2
DA:52,2
DA:53,2
DA:54,2
DA:55,2
DA:56,2
DA:57,1
DA:58,1
DA:59,1
DA:60,1
DA:61,1
DA:62,1
DA:63,1
DA:64,3
DA:65,3
DA:66,3
DA:67,3
DA:68,3
DA:69,1
DA:70,1
DA:71,1
DA:72,2
DA:73,2
DA:74,7
DA:75,1
DA:76,1
DA:77,1
DA:78,6
DA:79,6
DA:80,6
DA:81,6
DA:82,6
DA:83,2
DA:84,2
DA:85,2
DA:86,1
DA:87,1
DA:88,1
DA:89,1
DA:90,1
DA:91,1
DA:92,1
DA:93,0
DA:94,0
DA:95,0
DA:96,0
DA:97,1
DA:98,1
DA:99,1
DA:100,1
DA:101,1
DA:102,1
DA:103,1
DA:104,1
DA:105,2
DA:106,2
DA:107,2
DA:108,2
LF:108
LH:100
BRDA:20,0,0,2
BRDA:22,1,0,1
BRDA:38,2,0,2
BRDA:39,3,0,0
BRDA:44,4,0,0
BRDA:64,5,0,3
BRDA:68,6,0,1
BRDA:72,7,0,2
BRDA:73,8,0,7
BRDA:74,9,0,1
BRDA:78,10,0,6
BRDA:81,11,0,5
BRDA:105,12,0,2
BRDA:107,13,0,1
BRF:14
BRH:12
end_of_record
TN:
SF:src/utils/error-handler.ts
FN:25,handleBackendError
FN:54,handleApiError
FN:67,createErrorObject
FN:78,requiresSpecialHandling
FN:96,getErrorSeverity
FN:129,isBackendError
FN:138,isApiErrorResponse
FNF:7
FNH:2
FNDA:4,handleBackendError
FNDA:0,handleApiError
FNDA:0,createErrorObject
FNDA:0,requiresSpecialHandling
FNDA:0,getErrorSeverity
FNDA:4,isBackendError
FNDA:0,isApiErrorResponse
DA:1,1
DA:2,1
DA:3,1
DA:4,1
DA:5,1
DA:6,1
DA:7,1
DA:8,1
DA:9,1
DA:10,1
DA:11,1
DA:12,1
DA:13,1
DA:14,1
DA:15,1
DA:16,1
DA:17,1
DA:18,1
DA:19,1
DA:20,1
DA:21,1
DA:22,1
DA:23,1
DA:24,1
DA:25,1
DA:26,4
DA:27,1
DA:28,1
DA:29,3
DA:30,3
DA:31,3
DA:32,4
DA:33,0
DA:34,0
DA:35,0
DA:36,0
DA:37,0
DA:38,0
DA:39,0
DA:40,0
DA:41,0
DA:42,0
DA:43,0
DA:44,3
DA:45,3
DA:46,3
DA:47,3
DA:48,1
DA:49,1
DA:50,1
DA:51,1
DA:52,1
DA:53,1
DA:54,1
DA:55,0
DA:56,0
DA:57,0
DA:58,0
DA:59,0
DA:60,0
DA:61,1
DA:62,1
DA:63,1
DA:64,1
DA:65,1
DA:66,1
DA:67,1
DA:68,0
DA:69,0
DA:70,0
DA:71,1
DA:72,1
DA:73,1
DA:74,1
DA:75,1
DA:76,1
DA:77,1
DA:78,1
DA:79,0
DA:80,0
DA:81,0
DA:82,0
DA:83,0
DA:84,0
DA:85,0
DA:86,0
DA:87,0
DA:88,0
DA:89,0
DA:90,1
DA:91,1
DA:92,1
DA:93,1
DA:94,1
DA:95,1
DA:96,1
DA:97,0
DA:98,0
DA:99,0
DA:100,0
DA:101,0
DA:102,0
DA:103,0
DA:104,0
DA:105,0
DA:106,0
DA:107,0
DA:108,0
DA:109,0
DA:110,0
DA:111,0
DA:112,0
DA:113,0
DA:114,0
DA:115,0
DA:116,0
DA:117,0
DA:118,0
DA:119,0
DA:120,0
DA:121,0
DA:122,0
DA:123,1
DA:124,1
DA:125,1
DA:126,1
DA:127,1
DA:128,1
DA:129,1
DA:130,4
DA:131,4
DA:132,1
DA:133,1
DA:134,1
DA:135,1
DA:136,1
DA:137,1
DA:138,1
DA:139,0
DA:140,0
LF:140
LH:81
BRDA:25,0,0,4
BRDA:26,1,0,1
BRDA:29,2,0,3
BRDA:32,3,0,1
BRDA:32,4,0,0
BRDA:32,5,0,0
BRDA:44,6,0,3
BRDA:129,7,0,4
BRF:8
BRH:6
end_of_record
TN:
SF:src/utils/is-google-drive-configured.ts
FN:6,isSet
FN:8,isGoogleDriveConfigured
FNF:2
FNH:2
FNDA:8,isSet
FNDA:4,isGoogleDriveConfigured
DA:1,1
DA:2,1
DA:3,1
DA:4,1
DA:5,1
DA:6,1
DA:7,1
DA:8,1
DA:9,1
LF:9
LH:9
BRDA:6,0,0,8
BRDA:6,1,0,6
BRDA:8,2,0,4
BRDA:9,3,0,2
BRDA:9,4,0,2
BRF:5
BRH:5
end_of_record
TN:
SF:src/utils/is-preview-mode.ts
FN:9,isPreviewMode
FNF:1
FNH:1
FNDA:7,isPreviewMode
DA:1,1
DA:2,1
DA:3,1
DA:4,1
DA:5,1
DA:6,1
DA:7,1
DA:8,1
DA:9,1
DA:10,1
DA:11,1
DA:12,1
DA:13,1
DA:14,1
DA:15,1
DA:16,1
LF:16
LH:16
BRDA:9,0,0,7
BRF:1
BRH:1
end_of_record
TN:
SF:src/utils/live-branding-store.ts
FN:15,setPreviewAppName
FN:20,getPreviewAppName
FN:24,subscribePreviewAppName
FN:34,setPreviewLogo
FN:39,getPreviewLogo
FN:43,subscribePreviewLogo
FNF:6
FNH:4
FNDA:0,setPreviewAppName
FNDA:8,getPreviewAppName
FNDA:4,subscribePreviewAppName
FNDA:0,setPreviewLogo
FNDA:8,getPreviewLogo
FNDA:4,subscribePreviewLogo
DA:1,1
DA:2,1
DA:3,1
DA:4,1
DA:5,1
DA:6,1
DA:7,1
DA:8,1
DA:9,1
DA:10,1
DA:11,1
DA:12,1
DA:13,1
DA:14,1
DA:15,0
DA:16,0
DA:17,0
DA:18,0
DA:19,1
DA:20,8
DA:21,8
DA:22,8
DA:23,1
DA:24,4
DA:25,4
DA:26,4
DA:27,4
DA:28,4
DA:29,4
DA:30,1
DA:31,1
DA:32,1
DA:33,1
DA:34,0
DA:35,0
DA:36,0
DA:37,0
DA:38,1
DA:39,8
DA:40,8
DA:41,8
DA:42,1
DA:43,4
DA:44,4
DA:45,4
DA:46,4
DA:47,4
DA:48,4
LF:48
LH:40
BRDA:20,0,0,8
BRDA:24,1,0,4
BRDA:26,2,0,4
BRDA:39,3,0,8
BRDA:43,4,0,4
BRDA:45,5,0,4
BRF:6
BRH:6
end_of_record
TN:
SF:src/utils/load-web-font.ts
FN:20,loadWebFont
FN:36,fontFamilyStack
FNF:2
FNH:0
FNDA:0,loadWebFont
FNDA:0,fontFamilyStack
DA:1,1
DA:2,1
DA:3,1
DA:4,1
DA:5,1
DA:6,1
DA:7,1
DA:8,1
DA:9,1
DA:10,1
DA:11,1
DA:12,1
DA:13,1
DA:14,1
DA:15,1
DA:16,1
DA:17,1
DA:18,1
DA:19,1
DA:20,0
DA:21,0
DA:22,0
DA:23,0
DA:24,0
DA:25,0
DA:26,0
DA:27,0
DA:28,0
DA:29,0
DA:30,0
DA:31,0
DA:32,0
DA:33,0
DA:34,1
DA:35,1
DA:36,0
DA:37,0
DA:38,0
DA:39,0
LF:39
LH:21
BRF:0
BRH:0
end_of_record
TN:
SF:src/utils/navigation-utils.ts
FN:9,reloadPage
FN:22,navigateToUrl
FN:42,openInNewTab
FN:56,replaceUrl
FNF:4
FNH:1
FNDA:0,reloadPage
FNDA:0,navigateToUrl
FNDA:4,openInNewTab
FNDA:0,replaceUrl
DA:1,1
DA:2,1
DA:3,1
DA:4,1
DA:5,1
DA:6,1
DA:7,1
DA:8,1
DA:9,1
DA:10,0
DA:11,0
DA:12,0
DA:13,0
DA:14,0
DA:15,0
DA:16,1
DA:17,1
DA:18,1
DA:19,1
DA:20,1
DA:21,1
DA:22,1
DA:23,0
DA:24,0
DA:25,0
DA:26,0
DA:27,0
DA:28,0
DA:29,0
DA:30,0
DA:31,0
DA:32,0
DA:33,0
DA:34,0
DA:35,1
DA:36,1
DA:37,1
DA:38,1
DA:39,1
DA:40,1
DA:41,1
DA:42,1
DA:43,4
DA:44,4
DA:45,4
DA:46,0
DA:47,0
DA:48,0
DA:49,0
DA:50,4
DA:51,1
DA:52,1
DA:53,1
DA:54,1
DA:55,1
DA:56,1
DA:57,0
DA:58,0
DA:59,0
DA:60,0
DA:61,0
DA:62,0
DA:63,0
DA:64,0
LF:64
LH:34
BRDA:42,0,0,4
BRDA:45,1,0,0
BRF:2
BRH:1
end_of_record
TN:
SF:src/utils/sort-symbols-utils.ts
FN:26,getSubmarketDisplayName
FN:30,sortSymbols
FNF:2
FNH:2
FNDA:12,getSubmarketDisplayName
FNDA:12,sortSymbols
DA:1,1
DA:2,1
DA:3,1
DA:4,1
DA:5,1
DA:6,1
DA:7,1
DA:8,1
DA:9,1
DA:10,1
DA:11,1
DA:12,1
DA:13,1
DA:14,1
DA:15,1
DA:16,1
DA:17,1
DA:18,1
DA:19,1
DA:20,1
DA:21,1
DA:22,1
DA:23,1
DA:24,1
DA:25,1
DA:26,1
DA:27,12
DA:28,12
DA:29,1
DA:30,1
DA:31,12
DA:32,12
DA:33,12
DA:34,60
DA:35,60
DA:36,12
DA:37,12
DA:38,12
DA:39,12
DA:40,12
DA:41,12
DA:42,12
DA:43,23
DA:44,23
DA:45,23
DA:46,17
DA:47,17
DA:48,23
DA:49,23
DA:50,23
DA:51,12
DA:52,12
DA:53,1
DA:54,1
LF:54
LH:54
BRDA:26,0,0,12
BRDA:30,1,0,12
BRDA:33,2,0,60
BRDA:42,3,0,23
BRDA:43,4,0,22
BRDA:43,5,0,1
BRDA:44,6,0,21
BRDA:44,7,0,2
BRDA:45,8,0,17
BRDA:48,9,0,6
BRDA:48,10,0,0
BRDA:49,11,0,0
BRF:12
BRH:10
end_of_record
TN:
SF:src/utils/transfer-utils.ts
FN:12,navigateToTransfer
FNF:1
FNH:1
FNDA:4,navigateToTransfer
DA:1,1
DA:2,1
DA:3,1
DA:4,1
DA:5,1
DA:6,1
DA:7,1
DA:8,1
DA:9,1
DA:10,1
DA:11,1
DA:12,1
DA:13,4
DA:14,4
DA:15,4
DA:16,4
DA:17,4
DA:18,4
DA:19,4
DA:20,4
DA:21,4
DA:22,4
DA:23,4
DA:24,4
DA:25,4
DA:26,4
DA:27,1
DA:28,1
DA:29,1
DA:30,1
DA:31,4
LF:31
LH:31
BRDA:12,0,0,4
BRDA:19,1,0,2
BRDA:19,2,0,1
BRDA:26,3,0,1
BRF:4
BRH:4
end_of_record
TN:
SF:src/utils/xss-protection.ts
FN:193,encodeHtmlEntities
FN:212,sanitizeUrl
FN:240,removeEventHandlers
FN:269,multiPassSanitize
FN:336,sanitizeText
FN:366,sanitizeHtml
FN:416,sanitizeParameterValue
FN:426,sanitizeUrlComprehensive
FN:461,sanitize
FN:480,validateSanitization
FNF:10
FNH:10
FNDA:143,encodeHtmlEntities
FNDA:16,sanitizeUrl
FNDA:424,removeEventHandlers
FNDA:149,multiPassSanitize
FNDA:141,sanitizeText
FNDA:4,sanitizeHtml
FNDA:11,sanitizeParameterValue
FNDA:5,sanitizeUrlComprehensive
FNDA:4,sanitize
FNDA:3,validateSanitization
DA:1,1
DA:2,1
DA:3,1
DA:4,1
DA:5,1
DA:6,1
DA:7,1
DA:8,1
DA:9,1
DA:10,1
DA:11,1
DA:12,1
DA:13,1
DA:14,1
DA:15,1
DA:16,1
DA:17,1
DA:18,1
DA:19,1
DA:20,1
DA:21,1
DA:22,1
DA:23,1
DA:24,1
DA:25,1
DA:26,1
DA:27,1
DA:28,1
DA:29,1
DA:30,1
DA:31,1
DA:32,1
DA:33,1
DA:34,1
DA:35,1
DA:36,1
DA:37,1
DA:38,1
DA:39,1
DA:40,1
DA:41,1
DA:42,1
DA:43,1
DA:44,1
DA:45,1
DA:46,1
DA:47,1
DA:48,1
DA:49,1
DA:50,1
DA:51,1
DA:52,1
DA:53,1
DA:54,1
DA:55,1
DA:56,1
DA:57,1
DA:58,1
DA:59,1
DA:60,1
DA:61,1
DA:62,1
DA:63,1
DA:64,1
DA:65,1
DA:66,1
DA:67,1
DA:68,1
DA:69,1
DA:70,1
DA:71,1
DA:72,1
DA:73,1
DA:74,1
DA:75,1
DA:76,1
DA:77,1
DA:78,1
DA:79,1
DA:80,1
DA:81,1
DA:82,1
DA:83,1
DA:84,1
DA:85,1
DA:86,1
DA:87,1
DA:88,1
DA:89,1
DA:90,1
DA:91,1
DA:92,1
DA:93,1
DA:94,1
DA:95,1
DA:96,1
DA:97,1
DA:98,1
DA:99,1
DA:100,1
DA:101,1
DA:102,1
DA:103,1
DA:104,1
DA:105,1
DA:106,1
DA:107,1
DA:108,1
DA:109,1
DA:110,1
DA:111,1
DA:112,1
DA:113,1
DA:114,1
DA:115,1
DA:116,1
DA:117,1
DA:118,1
DA:119,1
DA:120,1
DA:121,1
DA:122,1
DA:123,1
DA:124,1
DA:125,1
DA:126,1
DA:127,1
DA:128,1
DA:129,1
DA:130,1
DA:131,1
DA:132,1
DA:133,1
DA:134,1
DA:135,1
DA:136,1
DA:137,1
DA:138,1
DA:139,1
DA:140,1
DA:141,1
DA:142,1
DA:143,1
DA:144,1
DA:145,1
DA:146,1
DA:147,1
DA:148,1
DA:149,1
DA:150,1
DA:151,1
DA:152,1
DA:153,1
DA:154,1
DA:155,1
DA:156,1
DA:157,1
DA:158,1
DA:159,1
DA:160,1
DA:161,1
DA:162,1
DA:163,1
DA:164,1
DA:165,1
DA:166,1
DA:167,1
DA:168,1
DA:169,1
DA:170,1
DA:171,1
DA:172,1
DA:173,1
DA:174,1
DA:175,1
DA:176,1
DA:177,1
DA:178,1
DA:179,1
DA:180,1
DA:181,1
DA:182,1
DA:183,1
DA:184,1
DA:185,1
DA:186,1
DA:187,1
DA:188,1
DA:189,1
DA:190,1
DA:191,1
DA:192,1
DA:193,143
DA:194,143
DA:195,2
DA:196,2
DA:197,141
DA:198,143
DA:199,1
DA:200,2
DA:201,1
DA:202,143
DA:203,140
DA:204,50
DA:205,140
DA:206,140
DA:207,143
DA:208,1
DA:209,1
DA:210,1
DA:211,1
DA:212,16
DA:213,16
DA:214,2
DA:215,2
DA:216,14
DA:217,14
DA:218,14
DA:219,14
DA:220,16
DA:221,147
DA:222,8
DA:223,8
DA:224,147
DA:225,6
DA:226,6
DA:227,6
DA:228,16
DA:229,111
DA:230,1
DA:231,1
DA:232,111
DA:233,5
DA:234,5
DA:235,5
DA:236,1
DA:237,1
DA:238,1
DA:239,1
DA:240,424
DA:241,424
DA:242,0
DA:243,0
DA:244,424
DA:245,424
DA:246,424
DA:247,424
DA:248,424
DA:249,33072
DA:250,33072
DA:251,33072
DA:252,424
DA:253,424
DA:254,424
DA:255,424
DA:256,424
DA:257,424
DA:258,424
DA:259,424
DA:260,424
DA:261,424
DA:262,424
DA:263,424
DA:264,424
DA:265,1
DA:266,1
DA:267,1
DA:268,1
DA:269,149
DA:270,149
DA:271,0
DA:272,0
DA:273,149
DA:274,149
DA:275,149
DA:276,149
DA:277,281
DA:278,281
DA:279,281
DA:280,281
DA:281,281
DA:282,281
DA:283,281
DA:284,281
DA:285,281
DA:286,281
DA:287,281
DA:288,281
DA:289,281
DA:290,281
DA:291,281
DA:292,281
DA:293,281
DA:294,281
DA:295,281
DA:296,281
DA:297,281
DA:298,281
DA:299,281
DA:300,281
DA:301,281
DA:302,281
DA:303,281
DA:304,281
DA:305,281
DA:306,281
DA:307,281
DA:308,281
DA:309,281
DA:310,281
DA:311,281
DA:312,281
DA:313,281
DA:314,281
DA:315,281
DA:316,281
DA:317,281
DA:318,281
DA:319,281
DA:320,281
DA:321,281
DA:322,281
DA:323,281
DA:324,281
DA:325,281
DA:326,149
DA:327,149
DA:328,281
DA:329,149
DA:330,149
DA:331,149
DA:332,1
DA:333,1
DA:334,1
DA:335,1
DA:336,141
DA:337,141
DA:338,4
DA:339,4
DA:340,137
DA:341,137
DA:342,137
DA:343,137
DA:344,137
DA:345,141
DA:346,4
DA:347,4
DA:348,137
DA:349,137
DA:350,137
DA:351,137
DA:352,137
DA:353,137
DA:354,137
DA:355,137
DA:356,137
DA:357,137
DA:358,137
DA:359,137
DA:360,137
DA:361,137
DA:362,1
DA:363,1
DA:364,1
DA:365,1
DA:366,4
DA:367,4
DA:368,0
DA:369,0
DA:370,4
DA:371,4
DA:372,4
DA:373,4
DA:374,4
DA:375,4
DA:376,0
DA:377,0
DA:378,4
DA:379,4
DA:380,4
DA:381,4
DA:382,4
DA:383,4
DA:384,4
DA:385,4
DA:386,4
DA:387,4
DA:388,4
DA:389,4
DA:390,4
DA:391,4
DA:392,4
DA:393,4
DA:394,4
DA:395,4
DA:396,4
DA:397,4
DA:398,4
DA:399,4
DA:400,4
DA:401,4
DA:402,4
DA:403,4
DA:404,4
DA:405,0
DA:406,0
DA:407,0
DA:408,0
DA:409,4
DA:410,4
DA:411,4
DA:412,1
DA:413,1
DA:414,1
DA:415,1
DA:416,11
DA:417,11
DA:418,11
DA:419,11
DA:420,11
DA:421,11
DA:422,1
DA:423,1
DA:424,1
DA:425,1
DA:426,5
DA:427,5
DA:428,0
DA:429,0
DA:430,5
DA:431,5
DA:432,5
DA:433,5
DA:434,5
DA:435,5
DA:436,3
DA:437,3
DA:438,2
DA:439,2
DA:440,2
DA:441,2
DA:442,2
DA:443,2
DA:444,2
DA:445,1
DA:446,1
DA:447,2
DA:448,2
DA:449,2
DA:450,5
DA:451,1
DA:452,1
DA:453,1
DA:454,2
DA:455,2
DA:456,2
DA:457,1
DA:458,1
DA:459,1
DA:460,1
DA:461,4
DA:462,4
DA:463,4
DA:464,4
DA:465,4
DA:466,4
DA:467,4
DA:468,1
DA:469,4
DA:470,1
DA:471,4
DA:472,4
DA:473,2
DA:474,4
DA:475,4
DA:476,1
DA:477,1
DA:478,1
DA:479,1
DA:480,3
DA:481,3
DA:482,3
DA:483,3
DA:484,3
DA:485,3
DA:486,3
DA:487,3
DA:488,3
DA:489,3
DA:490,3
DA:491,3
DA:492,3
DA:493,3
DA:494,3
DA:495,3
DA:496,3
DA:497,3
DA:498,3
DA:499,1
DA:500,1
DA:501,1
DA:502,1
DA:503,1
LF:503
LH:489
BRDA:193,0,0,143
BRDA:194,1,0,2
BRDA:197,2,0,141
BRDA:198,3,0,1
BRDA:202,4,0,140
BRDA:199,5,0,2
BRDA:200,6,0,0
BRDA:203,7,0,50
BRDA:204,8,0,0
BRDA:212,9,0,16
BRDA:213,10,0,2
BRDA:216,11,0,14
BRDA:220,12,0,147
BRDA:221,13,0,8
BRDA:225,14,0,6
BRDA:228,15,0,111
BRDA:229,16,0,1
BRDA:233,17,0,5
BRDA:240,18,0,424
BRDA:241,19,0,0
BRDA:248,20,0,33072
BRDA:269,21,0,149
BRDA:270,22,0,0
BRDA:276,23,0,281
BRDA:325,24,0,149
BRDA:336,25,0,141
BRDA:337,26,0,139
BRDA:337,27,0,4
BRDA:340,28,0,137
BRDA:345,29,0,4
BRDA:348,30,0,137
BRDA:366,31,0,4
BRDA:367,32,0,0
BRDA:375,33,0,0
BRDA:386,34,0,0
BRDA:387,35,0,0
BRDA:392,36,0,0
BRDA:404,37,0,0
BRDA:416,38,0,11
BRDA:426,39,0,5
BRDA:427,40,0,0
BRDA:435,41,0,3
BRDA:438,42,0,2
BRDA:450,43,0,1
BRDA:454,44,0,2
BRDA:444,45,0,1
BRDA:461,46,0,4
BRDA:467,47,0,1
BRDA:469,48,0,1
BRDA:471,49,0,2
BRDA:472,50,0,2
BRDA:480,51,0,3
BRDA:497,52,0,2
BRDA:497,53,0,1
BRDA:494,54,0,10
BRDA:495,55,0,17
BRF:56
BRH:45
end_of_record
TN:
SF:src/utils/tmp/dummy.tsx
FN:14,IconComponent
FN:29,IconTradeTypes
FNF:2
FNH:0
FNDA:0,IconComponent
FNDA:0,IconTradeTypes
DA:1,1
DA:2,1
DA:3,1
DA:4,1
DA:5,1
DA:6,1
DA:7,1
DA:8,1
DA:9,1
DA:10,1
DA:11,1
DA:12,1
DA:13,1
DA:14,1
DA:15,0
DA:16,0
DA:17,0
DA:18,0
DA:19,0
DA:20,0
DA:21,0
DA:22,0
DA:23,0
DA:24,0
DA:25,0
DA:26,1
DA:27,1
DA:28,1
DA:29,1
DA:30,0
DA:31,0
DA:32,0
LF:32
LH:18
BRF:0
BRH:0
end_of_record
